,,D:\WACA\DS\WACA_Apps\WACA_c_RECURSE\waca\SFU_WACA_BUILD\build\multidomain\TSV2_10_9\Events_BSet\src\Proc_1\Pi_1\interface_ada_src\NXUML_TIM_incomingcallhookup.ads,3
,,D:\WACA\DS\WACA_Apps\WACA_c_RECURSE\waca\SFU_WACA_BUILD\build\multidomain\TSV2_10_9\Events_BSet\src\Proc_1\Pi_1\interface_ada_src\NXUML_TIM_incomingcallhookup.adb,5
,,D:\WACA\DS\WACA_Apps\WACA_c_RECURSE\waca\SFU_WACA_BUILD\build\multidomain\TSV2_10_9\Events_BSet\src\Proc_1\Pi_1\interface_ada_src\NXUML_TIM_comms_registration.ads,2
,,D:\WACA\DS\WACA_Apps\WACA_c_RECURSE\waca\SFU_WACA_BUILD\build\multidomain\TSV2_10_9\Events_BSet\src\Proc_1\Pi_1\interface_ada_src\RP_comms_registration.ads,4
,,D:\WACA\DS\WACA_Apps\WACA_c_RECURSE\waca\SFU_WACA_BUILD\build\multidomain\TSV2_10_9\Events_BSet\src\Proc_1\Pi_1\interface_ada_src\FTE_comms_registration.ads,6
,,D:\WACA\DS\WACA_Apps\WACA_c_RECURSE\waca\SFU_WACA_BUILD\build\multidomain\TSV2_10_9\Events_BSet\src\Proc_1\Pi_1\interface_ada_src\Events_comms_registration.ads,8
,,D:\WACA\DS\WACA_Apps\WACA_c_RECURSE\waca\SFU_WACA_BUILD\build\multidomain\TSV2_10_9\Events_BSet\src\Proc_1\Pi_1\interface_ada_src\NXUML_TIM_comms_registration.adb,5
,,D:\WACA\DS\WACA_Apps\WACA_c_RECURSE\waca\SFU_WACA_BUILD\build\multidomain\TSV2_10_9\Events_BSet\src\Proc_1\Pi_1\interface_ada_src\RP_comms_registration.adb,10
,,D:\WACA\DS\WACA_Apps\WACA_c_RECURSE\waca\SFU_WACA_BUILD\build\multidomain\TSV2_10_9\Events_BSet\src\Proc_1\Pi_1\interface_ada_src\FTE_comms_registration.adb,15
,,D:\WACA\DS\WACA_Apps\WACA_c_RECURSE\waca\SFU_WACA_BUILD\build\multidomain\TSV2_10_9\Events_BSet\src\Proc_1\Pi_1\interface_ada_src\Events_comms_registration.adb,20
,,D:\WACA\DS\WACA_Apps\WACA_c_RECURSE\waca\SFU_WACA_BUILD\build\multidomain\TSV2_10_9\Events_BSet\src\Proc_1\Pi_1\interface_support_ada_src\build_id.ads,1
,,D:\WACA\DS\WACA_Apps\WACA_c_RECURSE\waca\SFU_WACA_BUILD\build\multidomain\TSV2_10_9\Events_BSet\src\Proc_1\Pi_1\interface_support_ada_src\comms-constants-priorities.ads,2
,,D:\WACA\DS\WACA_Apps\WACA_c_RECURSE\waca\SFU_WACA_BUILD\build\multidomain\TSV2_10_9\Events_BSet\src\Proc_1\Pi_2\interface_delphi_src\compiler_directives.txt,0
,,D:\WACA\DS\WACA_Apps\WACA_c_RECURSE\waca\SFU_WACA_BUILD\build\multidomain\TSV2_10_9\Events_BSet\src\Proc_1\Pi_1\interface_ada_src\preprocessor.txt,0
,,D:\WACA\DS\WACA_Apps\WACA_c_RECURSE\waca\SFU_WACA_BUILD\build\multidomain\TSV2_10_9\Events_BSet\src\Proc_1\Pi_1\interface_support_ada_src\comms-constants-buffer.ads,11
,,D:\WACA\DS\WACA_Apps\WACA_c_RECURSE\waca\SFU_WACA_BUILD\build\multidomain\TSV2_10_9\Events_BSet\src\Proc_1\Pi_1\common_ada_src\application_types.ads,41
,,D:\WACA\DS\WACA_Apps\WACA_c_RECURSE\waca\SFU_WACA_BUILD\build\multidomain\TSV2_10_9\Events_BSet\src\Proc_1\Pi_1\common_ada_src\application_types.adb,117
,,D:\WACA\DS\WACA_Apps\WACA_c_RECURSE\waca\SFU_WACA_BUILD\build\multidomain\TSV2_10_9\Events_BSet\src\Proc_1\Pi_1\clock_ada_src\gettime.ads,6
,,D:\WACA\DS\WACA_Apps\WACA_c_RECURSE\waca\SFU_WACA_BUILD\build\multidomain\TSV2_10_9\Events_BSet\src\Proc_1\Pi_1\clock_ada_src\gettime.adb,11
,,D:\WACA\DS\WACA_Apps\WACA_c_RECURSE\waca\SFU_WACA_BUILD\build\multidomain\TSV2_10_9\Events_BSet\src\Proc_1\Pi_1\clock_ada_src\timer.ads,14
,,D:\WACA\DS\WACA_Apps\WACA_c_RECURSE\waca\SFU_WACA_BUILD\build\multidomain\TSV2_10_9\Events_BSet\src\Proc_1\Pi_1\clock_ada_src\timer.adb,99
,,D:\WACA\DS\WACA_Apps\WACA_c_RECURSE\waca\SFU_WACA_BUILD\build\multidomain\TSV2_10_9\Events_BSet\src\Proc_1\Pi_1\clock_ada_src\clock.ads,3
,,D:\WACA\DS\WACA_Apps\WACA_c_RECURSE\waca\SFU_WACA_BUILD\build\multidomain\TSV2_10_9\Events_BSet\src\Proc_1\Pi_1\clock_ada_src\clock_types.ads,9
,,D:\WACA\DS\WACA_Apps\WACA_c_RECURSE\waca\SFU_WACA_BUILD\build\multidomain\TSV2_10_9\Events_BSet\src\Proc_1\Pi_1\clock_ada_src\clock_types.adb,11
,,D:\WACA\DS\WACA_Apps\WACA_c_RECURSE\waca\SFU_WACA_BUILD\build\multidomain\TSV2_10_9\Events_BSet\src\Proc_1\Pi_1\common_ada_src\application_control.ada,16
,,D:\WACA\DS\WACA_Apps\WACA_c_RECURSE\waca\SFU_WACA_BUILD\build\multidomain\TSV2_10_9\Events_BSet\src\Proc_1\Pi_1\common_ada_src\log.adb,24
,,D:\WACA\DS\WACA_Apps\WACA_c_RECURSE\waca\SFU_WACA_BUILD\build\multidomain\TSV2_10_9\Events_BSet\src\Proc_1\Pi_1\common_ada_src\log.ads,23
,,D:\WACA\DS\WACA_Apps\WACA_c_RECURSE\waca\SFU_WACA_BUILD\build\multidomain\TSV2_10_9\Events_BSet\src\Proc_1\Pi_1\mechanism_ada_src\application_queue.adb,13
RP,,D:\WACA\DS\WACA_Apps\WACA_c_RECURSE\waca\SFU_WACA_BUILD\build\multidomain\TSV2_10_9\Events_BSet\src\Proc_1\Pi_1\RP_0\ada_src\RP_domain_types.ads,65
RP,,D:\WACA\DS\WACA_Apps\WACA_c_RECURSE\waca\SFU_WACA_BUILD\build\multidomain\TSV2_10_9\Events_BSet\src\Proc_1\Pi_1\RP_0\ada_src\RP_domain_types.adb,118
RP,,D:\WACA\DS\WACA_Apps\WACA_c_RECURSE\waca\SFU_WACA_BUILD\build\multidomain\TSV2_10_9\Events_BSet\src\Proc_1\Pi_1\RP_0\ada_src\RP_registration.ads,2
RP,RM,D:\WACA\DS\WACA_Apps\WACA_c_RECURSE\waca\SFU_WACA_BUILD\build\multidomain\TSV2_10_9\Events_BSet\src\Proc_1\Pi_1\RP_0\ada_src\RP_registration.adb,96
RP,RM,D:\WACA\DS\WACA_Apps\WACA_c_RECURSE\waca\SFU_WACA_BUILD\build\multidomain\TSV2_10_9\Events_BSet\src\Proc_1\Pi_1\RP_0\ada_src\RP_rel_R1.ada,2
RP,RM,D:\WACA\DS\WACA_Apps\WACA_c_RECURSE\waca\SFU_WACA_BUILD\build\multidomain\TSV2_10_9\Events_BSet\src\Proc_1\Pi_1\RP_0\ada_src\RP_rel_R2.ada,4
RP,RM,D:\WACA\DS\WACA_Apps\WACA_c_RECURSE\waca\SFU_WACA_BUILD\build\multidomain\TSV2_10_9\Events_BSet\src\Proc_1\Pi_1\RP_0\ada_src\RP_rel_R3.ada,6
RP,RM,D:\WACA\DS\WACA_Apps\WACA_c_RECURSE\waca\SFU_WACA_BUILD\build\multidomain\TSV2_10_9\Events_BSet\src\Proc_1\Pi_1\RP_0\ada_src\RP_rel_R4.ada,8
RP,RM,D:\WACA\DS\WACA_Apps\WACA_c_RECURSE\waca\SFU_WACA_BUILD\build\multidomain\TSV2_10_9\Events_BSet\src\Proc_1\Pi_1\RP_0\ada_src\RP_rel_R8.ada,10
RP,RM,D:\WACA\DS\WACA_Apps\WACA_c_RECURSE\waca\SFU_WACA_BUILD\build\multidomain\TSV2_10_9\Events_BSet\src\Proc_1\Pi_1\RP_0\ada_src\RP_rel_R6.ada,12
RP,RM,D:\WACA\DS\WACA_Apps\WACA_c_RECURSE\waca\SFU_WACA_BUILD\build\multidomain\TSV2_10_9\Events_BSet\src\Proc_1\Pi_1\RP_0\ada_src\RP_rel_R7.ada,14
RP,RM,D:\WACA\DS\WACA_Apps\WACA_c_RECURSE\waca\SFU_WACA_BUILD\build\multidomain\TSV2_10_9\Events_BSet\src\Proc_1\Pi_1\RP_0\ada_src\RP_rel_R10.ada,16
RP,RM,D:\WACA\DS\WACA_Apps\WACA_c_RECURSE\waca\SFU_WACA_BUILD\build\multidomain\TSV2_10_9\Events_BSet\src\Proc_1\Pi_1\RP_0\ada_src\RP_rel_R11.ada,18
RP,RM,D:\WACA\DS\WACA_Apps\WACA_c_RECURSE\waca\SFU_WACA_BUILD\build\multidomain\TSV2_10_9\Events_BSet\src\Proc_1\Pi_1\RP_0\ada_src\RP_rel_R12.ada,20
RP,RM,D:\WACA\DS\WACA_Apps\WACA_c_RECURSE\waca\SFU_WACA_BUILD\build\multidomain\TSV2_10_9\Events_BSet\src\Proc_1\Pi_1\RP_0\ada_src\RP_rel_R9.ada,22
RP,RM,D:\WACA\DS\WACA_Apps\WACA_c_RECURSE\waca\SFU_WACA_BUILD\build\multidomain\TSV2_10_9\Events_BSet\src\Proc_1\Pi_1\RP_0\ada_src\RP_domain_types.ops.ads,31
RP,RM,D:\WACA\DS\WACA_Apps\WACA_c_RECURSE\waca\SFU_WACA_BUILD\build\multidomain\TSV2_10_9\Events_BSet\src\Proc_1\Pi_1\RP_0\ada_src\RP_domain_types.ops.adb,127
RP,RM,D:\WACA\DS\WACA_Apps\WACA_c_RECURSE\waca\SFU_WACA_BUILD\build\multidomain\TSV2_10_9\Events_BSet\src\Proc_1\Pi_1\RP_0\ada_src\r.RP.ads,7
RP,PASS,D:\WACA\DS\WACA_Apps\WACA_c_RECURSE\waca\SFU_WACA_BUILD\build\multidomain\TSV2_10_9\Events_BSet\src\Proc_1\Pi_1\RP_0\ada_src\r.RP.PASS.ads,32
RP,FAIL,D:\WACA\DS\WACA_Apps\WACA_c_RECURSE\waca\SFU_WACA_BUILD\build\multidomain\TSV2_10_9\Events_BSet\src\Proc_1\Pi_1\RP_0\ada_src\r.RP.FAIL.ads,64
RP,DD,D:\WACA\DS\WACA_Apps\WACA_c_RECURSE\waca\SFU_WACA_BUILD\build\multidomain\TSV2_10_9\Events_BSet\src\Proc_1\Pi_1\RP_0\ada_src\r.RP.DD.ads,170
RP,UNSUPPORTED,D:\WACA\DS\WACA_Apps\WACA_c_RECURSE\waca\SFU_WACA_BUILD\build\multidomain\TSV2_10_9\Events_BSet\src\Proc_1\Pi_1\RP_0\ada_src\r.RP.UNSUPPORTED.ads,202
RP,DUPLICATED,D:\WACA\DS\WACA_Apps\WACA_c_RECURSE\waca\SFU_WACA_BUILD\build\multidomain\TSV2_10_9\Events_BSet\src\Proc_1\Pi_1\RP_0\ada_src\r.RP.DUPLICATED.ads,252
RP,RESULTS,D:\WACA\DS\WACA_Apps\WACA_c_RECURSE\waca\SFU_WACA_BUILD\build\multidomain\TSV2_10_9\Events_BSet\src\Proc_1\Pi_1\RP_0\ada_src\r.RP.RESULTS.ads,326
RP,TD,D:\WACA\DS\WACA_Apps\WACA_c_RECURSE\waca\SFU_WACA_BUILD\build\multidomain\TSV2_10_9\Events_BSet\src\Proc_1\Pi_1\RP_0\ada_src\r.RP.TD.ads,386
RP,RI,D:\WACA\DS\WACA_Apps\WACA_c_RECURSE\waca\SFU_WACA_BUILD\build\multidomain\TSV2_10_9\Events_BSet\src\Proc_1\Pi_1\RP_0\ada_src\r.RP.RI.ads,418
RP,SC,D:\WACA\DS\WACA_Apps\WACA_c_RECURSE\waca\SFU_WACA_BUILD\build\multidomain\TSV2_10_9\Events_BSet\src\Proc_1\Pi_1\RP_0\ada_src\r.RP.SC.ads,462
RP,TS,D:\WACA\DS\WACA_Apps\WACA_c_RECURSE\waca\SFU_WACA_BUILD\build\multidomain\TSV2_10_9\Events_BSet\src\Proc_1\Pi_1\RP_0\ada_src\r.RP.TS.ads,533
RP,REQS,D:\WACA\DS\WACA_Apps\WACA_c_RECURSE\waca\SFU_WACA_BUILD\build\multidomain\TSV2_10_9\Events_BSet\src\Proc_1\Pi_1\RP_0\ada_src\r.RP.REQS.ads,583
RP,RM,D:\WACA\DS\WACA_Apps\WACA_c_RECURSE\waca\SFU_WACA_BUILD\build\multidomain\TSV2_10_9\Events_BSet\src\Proc_1\Pi_1\RP_0\ada_src\r.RP.RM.ads,633
RP,PASS,D:\WACA\DS\WACA_Apps\WACA_c_RECURSE\waca\SFU_WACA_BUILD\build\multidomain\TSV2_10_9\Events_BSet\src\Proc_1\Pi_1\RP_0\ada_src\r.RP.PASS.adb,74
RP,FAIL,D:\WACA\DS\WACA_Apps\WACA_c_RECURSE\waca\SFU_WACA_BUILD\build\multidomain\TSV2_10_9\Events_BSet\src\Proc_1\Pi_1\RP_0\ada_src\r.RP.FAIL.adb,148
RP,DD,D:\WACA\DS\WACA_Apps\WACA_c_RECURSE\waca\SFU_WACA_BUILD\build\multidomain\TSV2_10_9\Events_BSet\src\Proc_1\Pi_1\RP_0\ada_src\r.RP.DD.adb,320
RP,UNSUPPORTED,D:\WACA\DS\WACA_Apps\WACA_c_RECURSE\waca\SFU_WACA_BUILD\build\multidomain\TSV2_10_9\Events_BSet\src\Proc_1\Pi_1\RP_0\ada_src\r.RP.UNSUPPORTED.adb,394
RP,DUPLICATED,D:\WACA\DS\WACA_Apps\WACA_c_RECURSE\waca\SFU_WACA_BUILD\build\multidomain\TSV2_10_9\Events_BSet\src\Proc_1\Pi_1\RP_0\ada_src\r.RP.DUPLICATED.adb,486
RP,RESULTS,D:\WACA\DS\WACA_Apps\WACA_c_RECURSE\waca\SFU_WACA_BUILD\build\multidomain\TSV2_10_9\Events_BSet\src\Proc_1\Pi_1\RP_0\ada_src\r.RP.RESULTS.adb,602
RP,TD,D:\WACA\DS\WACA_Apps\WACA_c_RECURSE\waca\SFU_WACA_BUILD\build\multidomain\TSV2_10_9\Events_BSet\src\Proc_1\Pi_1\RP_0\ada_src\r.RP.TD.adb,696
RP,RI,D:\WACA\DS\WACA_Apps\WACA_c_RECURSE\waca\SFU_WACA_BUILD\build\multidomain\TSV2_10_9\Events_BSet\src\Proc_1\Pi_1\RP_0\ada_src\r.RP.RI.adb,770
RP,SC,D:\WACA\DS\WACA_Apps\WACA_c_RECURSE\waca\SFU_WACA_BUILD\build\multidomain\TSV2_10_9\Events_BSet\src\Proc_1\Pi_1\RP_0\ada_src\r.RP.SC.adb,856
RP,TS,D:\WACA\DS\WACA_Apps\WACA_c_RECURSE\waca\SFU_WACA_BUILD\build\multidomain\TSV2_10_9\Events_BSet\src\Proc_1\Pi_1\RP_0\ada_src\r.RP.TS.adb,1007
RP,REQS,D:\WACA\DS\WACA_Apps\WACA_c_RECURSE\waca\SFU_WACA_BUILD\build\multidomain\TSV2_10_9\Events_BSet\src\Proc_1\Pi_1\RP_0\ada_src\r.RP.REQS.adb,1099
RP,RM,D:\WACA\DS\WACA_Apps\WACA_c_RECURSE\waca\SFU_WACA_BUILD\build\multidomain\TSV2_10_9\Events_BSet\src\Proc_1\Pi_1\RP_0\ada_src\r.RP.RM.adb,1191
RP,DD,D:\WACA\DS\WACA_Apps\WACA_c_RECURSE\waca\SFU_WACA_BUILD\build\multidomain\TSV2_10_9\Events_BSet\src\Proc_1\Pi_1\RP_0\ada_src\r.RP.DD.event_action.ada,9
RP,TS,D:\WACA\DS\WACA_Apps\WACA_c_RECURSE\waca\SFU_WACA_BUILD\build\multidomain\TSV2_10_9\Events_BSet\src\Proc_1\Pi_1\RP_0\ada_src\r.RP.TS.event_action.ada,18
FTE,RM,D:\WACA\DS\WACA_Apps\WACA_c_RECURSE\waca\SFU_WACA_BUILD\build\multidomain\TSV2_10_9\Events_BSet\src\Proc_1\Pi_1\FTE_0\ada_src\FTE_registration.ads,2
FTE,ENV,D:\WACA\DS\WACA_Apps\WACA_c_RECURSE\waca\SFU_WACA_BUILD\build\multidomain\TSV2_10_9\Events_BSet\src\Proc_1\Pi_1\FTE_0\ada_src\FTE_registration.adb,8
FTE,ENV,D:\WACA\DS\WACA_Apps\WACA_c_RECURSE\waca\SFU_WACA_BUILD\build\multidomain\TSV2_10_9\Events_BSet\src\Proc_1\Pi_1\FTE_0\ada_src\r.FTE.ads,6
FTE,ENV,D:\WACA\DS\WACA_Apps\WACA_c_RECURSE\waca\SFU_WACA_BUILD\build\multidomain\TSV2_10_9\Events_BSet\src\Proc_1\Pi_1\FTE_0\ada_src\r.FTE.ENV.ads,25
FTE,ENV,D:\WACA\DS\WACA_Apps\WACA_c_RECURSE\waca\SFU_WACA_BUILD\build\multidomain\TSV2_10_9\Events_BSet\src\Proc_1\Pi_1\FTE_0\ada_src\r.FTE.ENV.adb,69
Events,ENV,D:\WACA\DS\WACA_Apps\WACA_c_RECURSE\waca\SFU_WACA_BUILD\build\multidomain\TSV2_10_9\Events_BSet\src\Proc_1\Pi_1\Events_0\ada_src\Events_domain_types.ads,10
Events,ENV,D:\WACA\DS\WACA_Apps\WACA_c_RECURSE\waca\SFU_WACA_BUILD\build\multidomain\TSV2_10_9\Events_BSet\src\Proc_1\Pi_1\Events_0\ada_src\Events_registration.ads,2
Events,CCS,D:\WACA\DS\WACA_Apps\WACA_c_RECURSE\waca\SFU_WACA_BUILD\build\multidomain\TSV2_10_9\Events_BSet\src\Proc_1\Pi_1\Events_0\ada_src\Events_registration.adb,215
Events,CCS,D:\WACA\DS\WACA_Apps\WACA_c_RECURSE\waca\SFU_WACA_BUILD\build\multidomain\TSV2_10_9\Events_BSet\src\Proc_1\Pi_1\Events_0\ada_src\Events_rel_R1.ada,23
Events,CCS,D:\WACA\DS\WACA_Apps\WACA_c_RECURSE\waca\SFU_WACA_BUILD\build\multidomain\TSV2_10_9\Events_BSet\src\Proc_1\Pi_1\Events_0\ada_src\Events_rel_R2.ada,43
Events,CCS,D:\WACA\DS\WACA_Apps\WACA_c_RECURSE\waca\SFU_WACA_BUILD\build\multidomain\TSV2_10_9\Events_BSet\src\Proc_1\Pi_1\Events_0\ada_src\Events_rel_R5.ada,66
Events,CCS,D:\WACA\DS\WACA_Apps\WACA_c_RECURSE\waca\SFU_WACA_BUILD\build\multidomain\TSV2_10_9\Events_BSet\src\Proc_1\Pi_1\Events_0\ada_src\Events_rel_R3.ada,86
Events,CCS,D:\WACA\DS\WACA_Apps\WACA_c_RECURSE\waca\SFU_WACA_BUILD\build\multidomain\TSV2_10_9\Events_BSet\src\Proc_1\Pi_1\Events_0\ada_src\Events_rel_R7.ada,106
Events,CCS,D:\WACA\DS\WACA_Apps\WACA_c_RECURSE\waca\SFU_WACA_BUILD\build\multidomain\TSV2_10_9\Events_BSet\src\Proc_1\Pi_1\Events_0\ada_src\Events_rel_R4.ada,132
Events,CCS,D:\WACA\DS\WACA_Apps\WACA_c_RECURSE\waca\SFU_WACA_BUILD\build\multidomain\TSV2_10_9\Events_BSet\src\Proc_1\Pi_1\Events_0\ada_src\Events_rel_R8.ada,152
Events,CCS,D:\WACA\DS\WACA_Apps\WACA_c_RECURSE\waca\SFU_WACA_BUILD\build\multidomain\TSV2_10_9\Events_BSet\src\Proc_1\Pi_1\Events_0\ada_src\Events_rel_R13.ada,175
Events,CCS,D:\WACA\DS\WACA_Apps\WACA_c_RECURSE\waca\SFU_WACA_BUILD\build\multidomain\TSV2_10_9\Events_BSet\src\Proc_1\Pi_1\Events_0\ada_src\Events_rel_R14.ada,198
Events,CCS,D:\WACA\DS\WACA_Apps\WACA_c_RECURSE\waca\SFU_WACA_BUILD\build\multidomain\TSV2_10_9\Events_BSet\src\Proc_1\Pi_1\Events_0\ada_src\Events_rel_R6.ada,221
Events,CCS,D:\WACA\DS\WACA_Apps\WACA_c_RECURSE\waca\SFU_WACA_BUILD\build\multidomain\TSV2_10_9\Events_BSet\src\Proc_1\Pi_1\Events_0\ada_src\Events_rel_R9.ada,244
Events,CCS,D:\WACA\DS\WACA_Apps\WACA_c_RECURSE\waca\SFU_WACA_BUILD\build\multidomain\TSV2_10_9\Events_BSet\src\Proc_1\Pi_1\Events_0\ada_src\Events_rel_R10.ada,267
Events,CCS,D:\WACA\DS\WACA_Apps\WACA_c_RECURSE\waca\SFU_WACA_BUILD\build\multidomain\TSV2_10_9\Events_BSet\src\Proc_1\Pi_1\Events_0\ada_src\Events_rel_R11.ada,290
Events,CCS,D:\WACA\DS\WACA_Apps\WACA_c_RECURSE\waca\SFU_WACA_BUILD\build\multidomain\TSV2_10_9\Events_BSet\src\Proc_1\Pi_1\Events_0\ada_src\Events_rel_R12.ada,313
Events,CCS,D:\WACA\DS\WACA_Apps\WACA_c_RECURSE\waca\SFU_WACA_BUILD\build\multidomain\TSV2_10_9\Events_BSet\src\Proc_1\Pi_1\Events_0\ada_src\Events_rel_R17.ada,336
Events,CCS,D:\WACA\DS\WACA_Apps\WACA_c_RECURSE\waca\SFU_WACA_BUILD\build\multidomain\TSV2_10_9\Events_BSet\src\Proc_1\Pi_1\Events_0\ada_src\Events_rel_R15.ada,359
Events,CCS,D:\WACA\DS\WACA_Apps\WACA_c_RECURSE\waca\SFU_WACA_BUILD\build\multidomain\TSV2_10_9\Events_BSet\src\Proc_1\Pi_1\Events_0\ada_src\Events_rel_R18.ada,388
Events,CCS,D:\WACA\DS\WACA_Apps\WACA_c_RECURSE\waca\SFU_WACA_BUILD\build\multidomain\TSV2_10_9\Events_BSet\src\Proc_1\Pi_1\Events_0\ada_src\Events_rel_R19.ada,411
Events,CCS,D:\WACA\DS\WACA_Apps\WACA_c_RECURSE\waca\SFU_WACA_BUILD\build\multidomain\TSV2_10_9\Events_BSet\src\Proc_1\Pi_1\Events_0\ada_src\Events_rel_R16.ada,434
Events,CCS,D:\WACA\DS\WACA_Apps\WACA_c_RECURSE\waca\SFU_WACA_BUILD\build\multidomain\TSV2_10_9\Events_BSet\src\Proc_1\Pi_1\Events_0\ada_src\Events_rel_R20.ada,454
Events,CCS,D:\WACA\DS\WACA_Apps\WACA_c_RECURSE\waca\SFU_WACA_BUILD\build\multidomain\TSV2_10_9\Events_BSet\src\Proc_1\Pi_1\Events_0\ada_src\r.Events.ads,7
Events,objL,D:\WACA\DS\WACA_Apps\WACA_c_RECURSE\waca\SFU_WACA_BUILD\build\multidomain\TSV2_10_9\Events_BSet\src\Proc_1\Pi_1\Events_0\ada_src\r.Events.objL.ads,55
Events,objA,D:\WACA\DS\WACA_Apps\WACA_c_RECURSE\waca\SFU_WACA_BUILD\build\multidomain\TSV2_10_9\Events_BSet\src\Proc_1\Pi_1\Events_0\ada_src\r.Events.objA.ads,125
Events,objB,D:\WACA\DS\WACA_Apps\WACA_c_RECURSE\waca\SFU_WACA_BUILD\build\multidomain\TSV2_10_9\Events_BSet\src\Proc_1\Pi_1\Events_0\ada_src\r.Events.objB.ads,163
Events,objC,D:\WACA\DS\WACA_Apps\WACA_c_RECURSE\waca\SFU_WACA_BUILD\build\multidomain\TSV2_10_9\Events_BSet\src\Proc_1\Pi_1\Events_0\ada_src\r.Events.objC.ads,201
Events,objF,D:\WACA\DS\WACA_Apps\WACA_c_RECURSE\waca\SFU_WACA_BUILD\build\multidomain\TSV2_10_9\Events_BSet\src\Proc_1\Pi_1\Events_0\ada_src\r.Events.objF.ads,288
Events,sbD,D:\WACA\DS\WACA_Apps\WACA_c_RECURSE\waca\SFU_WACA_BUILD\build\multidomain\TSV2_10_9\Events_BSet\src\Proc_1\Pi_1\Events_0\ada_src\r.Events.sbD.ads,360
Events,sbA,D:\WACA\DS\WACA_Apps\WACA_c_RECURSE\waca\SFU_WACA_BUILD\build\multidomain\TSV2_10_9\Events_BSet\src\Proc_1\Pi_1\Events_0\ada_src\r.Events.sbA.ads,432
Events,objM,D:\WACA\DS\WACA_Apps\WACA_c_RECURSE\waca\SFU_WACA_BUILD\build\multidomain\TSV2_10_9\Events_BSet\src\Proc_1\Pi_1\Events_0\ada_src\r.Events.objM.ads,482
Events,objD,D:\WACA\DS\WACA_Apps\WACA_c_RECURSE\waca\SFU_WACA_BUILD\build\multidomain\TSV2_10_9\Events_BSet\src\Proc_1\Pi_1\Events_0\ada_src\r.Events.objD.ads,563
Events,objE,D:\WACA\DS\WACA_Apps\WACA_c_RECURSE\waca\SFU_WACA_BUILD\build\multidomain\TSV2_10_9\Events_BSet\src\Proc_1\Pi_1\Events_0\ada_src\r.Events.objE.ads,650
Events,objN,D:\WACA\DS\WACA_Apps\WACA_c_RECURSE\waca\SFU_WACA_BUILD\build\multidomain\TSV2_10_9\Events_BSet\src\Proc_1\Pi_1\Events_0\ada_src\r.Events.objN.ads,711
Events,objVERPOL,D:\WACA\DS\WACA_Apps\WACA_c_RECURSE\waca\SFU_WACA_BUILD\build\multidomain\TSV2_10_9\Events_BSet\src\Proc_1\Pi_1\Events_0\ada_src\r.Events.objVERPOL.ads,776
Events,sbE,D:\WACA\DS\WACA_Apps\WACA_c_RECURSE\waca\SFU_WACA_BUILD\build\multidomain\TSV2_10_9\Events_BSet\src\Proc_1\Pi_1\Events_0\ada_src\r.Events.sbE.ads,848
Events,sbF,D:\WACA\DS\WACA_Apps\WACA_c_RECURSE\waca\SFU_WACA_BUILD\build\multidomain\TSV2_10_9\Events_BSet\src\Proc_1\Pi_1\Events_0\ada_src\r.Events.sbF.ads,920
Events,objO,D:\WACA\DS\WACA_Apps\WACA_c_RECURSE\waca\SFU_WACA_BUILD\build\multidomain\TSV2_10_9\Events_BSet\src\Proc_1\Pi_1\Events_0\ada_src\r.Events.objO.ads,964
Events,objJ,D:\WACA\DS\WACA_Apps\WACA_c_RECURSE\waca\SFU_WACA_BUILD\build\multidomain\TSV2_10_9\Events_BSet\src\Proc_1\Pi_1\Events_0\ada_src\r.Events.objJ.ads,1039
Events,objK,D:\WACA\DS\WACA_Apps\WACA_c_RECURSE\waca\SFU_WACA_BUILD\build\multidomain\TSV2_10_9\Events_BSet\src\Proc_1\Pi_1\Events_0\ada_src\r.Events.objK.ads,1111
Events,objP,D:\WACA\DS\WACA_Apps\WACA_c_RECURSE\waca\SFU_WACA_BUILD\build\multidomain\TSV2_10_9\Events_BSet\src\Proc_1\Pi_1\Events_0\ada_src\r.Events.objP.ads,1192
Events,objQ,D:\WACA\DS\WACA_Apps\WACA_c_RECURSE\waca\SFU_WACA_BUILD\build\multidomain\TSV2_10_9\Events_BSet\src\Proc_1\Pi_1\Events_0\ada_src\r.Events.objQ.ads,1270
Events,objR,D:\WACA\DS\WACA_Apps\WACA_c_RECURSE\waca\SFU_WACA_BUILD\build\multidomain\TSV2_10_9\Events_BSet\src\Proc_1\Pi_1\Events_0\ada_src\r.Events.objR.ads,1348
Events,objS,D:\WACA\DS\WACA_Apps\WACA_c_RECURSE\waca\SFU_WACA_BUILD\build\multidomain\TSV2_10_9\Events_BSet\src\Proc_1\Pi_1\Events_0\ada_src\r.Events.objS.ads,1426
Events,objT,D:\WACA\DS\WACA_Apps\WACA_c_RECURSE\waca\SFU_WACA_BUILD\build\multidomain\TSV2_10_9\Events_BSet\src\Proc_1\Pi_1\Events_0\ada_src\r.Events.objT.ads,1478
Events,objU,D:\WACA\DS\WACA_Apps\WACA_c_RECURSE\waca\SFU_WACA_BUILD\build\multidomain\TSV2_10_9\Events_BSet\src\Proc_1\Pi_1\Events_0\ada_src\r.Events.objU.ads,1550
Events,REFLECT,D:\WACA\DS\WACA_Apps\WACA_c_RECURSE\waca\SFU_WACA_BUILD\build\multidomain\TSV2_10_9\Events_BSet\src\Proc_1\Pi_1\Events_0\ada_src\r.Events.REFLECT.ads,1611
Events,objCREATE,D:\WACA\DS\WACA_Apps\WACA_c_RECURSE\waca\SFU_WACA_BUILD\build\multidomain\TSV2_10_9\Events_BSet\src\Proc_1\Pi_1\Events_0\ada_src\r.Events.objCREATE.ads,1661
Events,objTERMINAL,D:\WACA\DS\WACA_Apps\WACA_c_RECURSE\waca\SFU_WACA_BUILD\build\multidomain\TSV2_10_9\Events_BSet\src\Proc_1\Pi_1\Events_0\ada_src\r.Events.objTERMINAL.ads,1717
Events,objVERCETL,D:\WACA\DS\WACA_Apps\WACA_c_RECURSE\waca\SFU_WACA_BUILD\build\multidomain\TSV2_10_9\Events_BSet\src\Proc_1\Pi_1\Events_0\ada_src\r.Events.objVERCETL.ads,1777
Events,objEDATA,D:\WACA\DS\WACA_Apps\WACA_c_RECURSE\waca\SFU_WACA_BUILD\build\multidomain\TSV2_10_9\Events_BSet\src\Proc_1\Pi_1\Events_0\ada_src\r.Events.objEDATA.ads,1863
Events,SprA,D:\WACA\DS\WACA_Apps\WACA_c_RECURSE\waca\SFU_WACA_BUILD\build\multidomain\TSV2_10_9\Events_BSet\src\Proc_1\Pi_1\Events_0\ada_src\r.Events.SprA.ads,1952
Events,TD,D:\WACA\DS\WACA_Apps\WACA_c_RECURSE\waca\SFU_WACA_BUILD\build\multidomain\TSV2_10_9\Events_BSet\src\Proc_1\Pi_1\Events_0\ada_src\r.Events.TD.ads,1977
Events,sbB,D:\WACA\DS\WACA_Apps\WACA_c_RECURSE\waca\SFU_WACA_BUILD\build\multidomain\TSV2_10_9\Events_BSet\src\Proc_1\Pi_1\Events_0\ada_src\r.Events.sbB.ads,2049
Events,sbC,D:\WACA\DS\WACA_Apps\WACA_c_RECURSE\waca\SFU_WACA_BUILD\build\multidomain\TSV2_10_9\Events_BSet\src\Proc_1\Pi_1\Events_0\ada_src\r.Events.sbC.ads,2121
Events,TL,D:\WACA\DS\WACA_Apps\WACA_c_RECURSE\waca\SFU_WACA_BUILD\build\multidomain\TSV2_10_9\Events_BSet\src\Proc_1\Pi_1\Events_0\ada_src\r.Events.TL.ads,2184
Events,SL_ONE_A,D:\WACA\DS\WACA_Apps\WACA_c_RECURSE\waca\SFU_WACA_BUILD\build\multidomain\TSV2_10_9\Events_BSet\src\Proc_1\Pi_1\Events_0\ada_src\r.Events.SL_ONE_A.ads,2239
Events,objMCS,D:\WACA\DS\WACA_Apps\WACA_c_RECURSE\waca\SFU_WACA_BUILD\build\multidomain\TSV2_10_9\Events_BSet\src\Proc_1\Pi_1\Events_0\ada_src\r.Events.objMCS.ads,2305
Events,ETS,D:\WACA\DS\WACA_Apps\WACA_c_RECURSE\waca\SFU_WACA_BUILD\build\multidomain\TSV2_10_9\Events_BSet\src\Proc_1\Pi_1\Events_0\ada_src\r.Events.ETS.ads,2375
Events,BTD,D:\WACA\DS\WACA_Apps\WACA_c_RECURSE\waca\SFU_WACA_BUILD\build\multidomain\TSV2_10_9\Events_BSet\src\Proc_1\Pi_1\Events_0\ada_src\r.Events.BTD.ads,2438
Events,SL_ONE_B,D:\WACA\DS\WACA_Apps\WACA_c_RECURSE\waca\SFU_WACA_BUILD\build\multidomain\TSV2_10_9\Events_BSet\src\Proc_1\Pi_1\Events_0\ada_src\r.Events.SL_ONE_B.ads,2495
Events,SL_TWO_A,D:\WACA\DS\WACA_Apps\WACA_c_RECURSE\waca\SFU_WACA_BUILD\build\multidomain\TSV2_10_9\Events_BSet\src\Proc_1\Pi_1\Events_0\ada_src\r.Events.SL_TWO_A.ads,2546
Events,SL_TWO_B,D:\WACA\DS\WACA_Apps\WACA_c_RECURSE\waca\SFU_WACA_BUILD\build\multidomain\TSV2_10_9\Events_BSet\src\Proc_1\Pi_1\Events_0\ada_src\r.Events.SL_TWO_B.ads,2580
Events,SL_TWO_C,D:\WACA\DS\WACA_Apps\WACA_c_RECURSE\waca\SFU_WACA_BUILD\build\multidomain\TSV2_10_9\Events_BSet\src\Proc_1\Pi_1\Events_0\ada_src\r.Events.SL_TWO_C.ads,2614
Events,SL_TWO_D,D:\WACA\DS\WACA_Apps\WACA_c_RECURSE\waca\SFU_WACA_BUILD\build\multidomain\TSV2_10_9\Events_BSet\src\Proc_1\Pi_1\Events_0\ada_src\r.Events.SL_TWO_D.ads,2667
Events,SL_THREE_A,D:\WACA\DS\WACA_Apps\WACA_c_RECURSE\waca\SFU_WACA_BUILD\build\multidomain\TSV2_10_9\Events_BSet\src\Proc_1\Pi_1\Events_0\ada_src\r.Events.SL_THREE_A.ads,2732
Events,SL_THREE_B,D:\WACA\DS\WACA_Apps\WACA_c_RECURSE\waca\SFU_WACA_BUILD\build\multidomain\TSV2_10_9\Events_BSet\src\Proc_1\Pi_1\Events_0\ada_src\r.Events.SL_THREE_B.ads,2766
Events,SL_THREE_C,D:\WACA\DS\WACA_Apps\WACA_c_RECURSE\waca\SFU_WACA_BUILD\build\multidomain\TSV2_10_9\Events_BSet\src\Proc_1\Pi_1\Events_0\ada_src\r.Events.SL_THREE_C.ads,2800
Events,SL_THREE_D,D:\WACA\DS\WACA_Apps\WACA_c_RECURSE\waca\SFU_WACA_BUILD\build\multidomain\TSV2_10_9\Events_BSet\src\Proc_1\Pi_1\Events_0\ada_src\r.Events.SL_THREE_D.ads,2853
Events,BLA,D:\WACA\DS\WACA_Apps\WACA_c_RECURSE\waca\SFU_WACA_BUILD\build\multidomain\TSV2_10_9\Events_BSet\src\Proc_1\Pi_1\Events_0\ada_src\r.Events.BLA.ads,2887
Events,BLB,D:\WACA\DS\WACA_Apps\WACA_c_RECURSE\waca\SFU_WACA_BUILD\build\multidomain\TSV2_10_9\Events_BSet\src\Proc_1\Pi_1\Events_0\ada_src\r.Events.BLB.ads,2921
Events,BLI,D:\WACA\DS\WACA_Apps\WACA_c_RECURSE\waca\SFU_WACA_BUILD\build\multidomain\TSV2_10_9\Events_BSet\src\Proc_1\Pi_1\Events_0\ada_src\r.Events.BLI.ads,2955
Events,BLJ,D:\WACA\DS\WACA_Apps\WACA_c_RECURSE\waca\SFU_WACA_BUILD\build\multidomain\TSV2_10_9\Events_BSet\src\Proc_1\Pi_1\Events_0\ada_src\r.Events.BLJ.ads,2989
Events,RD,D:\WACA\DS\WACA_Apps\WACA_c_RECURSE\waca\SFU_WACA_BUILD\build\multidomain\TSV2_10_9\Events_BSet\src\Proc_1\Pi_1\Events_0\ada_src\r.Events.RD.ads,3014
Events,BLF,D:\WACA\DS\WACA_Apps\WACA_c_RECURSE\waca\SFU_WACA_BUILD\build\multidomain\TSV2_10_9\Events_BSet\src\Proc_1\Pi_1\Events_0\ada_src\r.Events.BLF.ads,3054
Events,BLG,D:\WACA\DS\WACA_Apps\WACA_c_RECURSE\waca\SFU_WACA_BUILD\build\multidomain\TSV2_10_9\Events_BSet\src\Proc_1\Pi_1\Events_0\ada_src\r.Events.BLG.ads,3094
Events,BLH,D:\WACA\DS\WACA_Apps\WACA_c_RECURSE\waca\SFU_WACA_BUILD\build\multidomain\TSV2_10_9\Events_BSet\src\Proc_1\Pi_1\Events_0\ada_src\r.Events.BLH.ads,3134
Events,BLE,D:\WACA\DS\WACA_Apps\WACA_c_RECURSE\waca\SFU_WACA_BUILD\build\multidomain\TSV2_10_9\Events_BSet\src\Proc_1\Pi_1\Events_0\ada_src\r.Events.BLE.ads,3174
Events,BLD,D:\WACA\DS\WACA_Apps\WACA_c_RECURSE\waca\SFU_WACA_BUILD\build\multidomain\TSV2_10_9\Events_BSet\src\Proc_1\Pi_1\Events_0\ada_src\r.Events.BLD.ads,3214
Events,BLC,D:\WACA\DS\WACA_Apps\WACA_c_RECURSE\waca\SFU_WACA_BUILD\build\multidomain\TSV2_10_9\Events_BSet\src\Proc_1\Pi_1\Events_0\ada_src\r.Events.BLC.ads,3254
Events,SC,D:\WACA\DS\WACA_Apps\WACA_c_RECURSE\waca\SFU_WACA_BUILD\build\multidomain\TSV2_10_9\Events_BSet\src\Proc_1\Pi_1\Events_0\ada_src\r.Events.SC.ads,3317
Events,objX,D:\WACA\DS\WACA_Apps\WACA_c_RECURSE\waca\SFU_WACA_BUILD\build\multidomain\TSV2_10_9\Events_BSet\src\Proc_1\Pi_1\Events_0\ada_src\r.Events.objX.ads,3443
Events,objZ,D:\WACA\DS\WACA_Apps\WACA_c_RECURSE\waca\SFU_WACA_BUILD\build\multidomain\TSV2_10_9\Events_BSet\src\Proc_1\Pi_1\Events_0\ada_src\r.Events.objZ.ads,3522
Events,HSM,D:\WACA\DS\WACA_Apps\WACA_c_RECURSE\waca\SFU_WACA_BUILD\build\multidomain\TSV2_10_9\Events_BSet\src\Proc_1\Pi_1\Events_0\ada_src\r.Events.HSM.ads,3572
Events,CP,D:\WACA\DS\WACA_Apps\WACA_c_RECURSE\waca\SFU_WACA_BUILD\build\multidomain\TSV2_10_9\Events_BSet\src\Proc_1\Pi_1\Events_0\ada_src\r.Events.CP.ads,3630
Events,PriA,D:\WACA\DS\WACA_Apps\WACA_c_RECURSE\waca\SFU_WACA_BUILD\build\multidomain\TSV2_10_9\Events_BSet\src\Proc_1\Pi_1\Events_0\ada_src\r.Events.PriA.ads,3721
Events,PriB,D:\WACA\DS\WACA_Apps\WACA_c_RECURSE\waca\SFU_WACA_BUILD\build\multidomain\TSV2_10_9\Events_BSet\src\Proc_1\Pi_1\Events_0\ada_src\r.Events.PriB.ads,3790
Events,objCD,D:\WACA\DS\WACA_Apps\WACA_c_RECURSE\waca\SFU_WACA_BUILD\build\multidomain\TSV2_10_9\Events_BSet\src\Proc_1\Pi_1\Events_0\ada_src\r.Events.objCD.ads,3849
Events,objTP,D:\WACA\DS\WACA_Apps\WACA_c_RECURSE\waca\SFU_WACA_BUILD\build\multidomain\TSV2_10_9\Events_BSet\src\Proc_1\Pi_1\Events_0\ada_src\r.Events.objTP.ads,3912
Events,TE,D:\WACA\DS\WACA_Apps\WACA_c_RECURSE\waca\SFU_WACA_BUILD\build\multidomain\TSV2_10_9\Events_BSet\src\Proc_1\Pi_1\Events_0\ada_src\r.Events.TE.ads,3982
Events,CCS,D:\WACA\DS\WACA_Apps\WACA_c_RECURSE\waca\SFU_WACA_BUILD\build\multidomain\TSV2_10_9\Events_BSet\src\Proc_1\Pi_1\Events_0\ada_src\r.Events.CCS.ads,4032
Events,objL,D:\WACA\DS\WACA_Apps\WACA_c_RECURSE\waca\SFU_WACA_BUILD\build\multidomain\TSV2_10_9\Events_BSet\src\Proc_1\Pi_1\Events_0\ada_src\r.Events.objL.adb,120
Events,objA,D:\WACA\DS\WACA_Apps\WACA_c_RECURSE\waca\SFU_WACA_BUILD\build\multidomain\TSV2_10_9\Events_BSet\src\Proc_1\Pi_1\Events_0\ada_src\r.Events.objA.adb,263
Events,objB,D:\WACA\DS\WACA_Apps\WACA_c_RECURSE\waca\SFU_WACA_BUILD\build\multidomain\TSV2_10_9\Events_BSet\src\Proc_1\Pi_1\Events_0\ada_src\r.Events.objB.adb,335
Events,objC,D:\WACA\DS\WACA_Apps\WACA_c_RECURSE\waca\SFU_WACA_BUILD\build\multidomain\TSV2_10_9\Events_BSet\src\Proc_1\Pi_1\Events_0\ada_src\r.Events.objC.adb,407
Events,objF,D:\WACA\DS\WACA_Apps\WACA_c_RECURSE\waca\SFU_WACA_BUILD\build\multidomain\TSV2_10_9\Events_BSet\src\Proc_1\Pi_1\Events_0\ada_src\r.Events.objF.adb,575
Events,sbD,D:\WACA\DS\WACA_Apps\WACA_c_RECURSE\waca\SFU_WACA_BUILD\build\multidomain\TSV2_10_9\Events_BSet\src\Proc_1\Pi_1\Events_0\ada_src\r.Events.sbD.adb,722
Events,sbA,D:\WACA\DS\WACA_Apps\WACA_c_RECURSE\waca\SFU_WACA_BUILD\build\multidomain\TSV2_10_9\Events_BSet\src\Proc_1\Pi_1\Events_0\ada_src\r.Events.sbA.adb,869
Events,objM,D:\WACA\DS\WACA_Apps\WACA_c_RECURSE\waca\SFU_WACA_BUILD\build\multidomain\TSV2_10_9\Events_BSet\src\Proc_1\Pi_1\Events_0\ada_src\r.Events.objM.adb,962
Events,objD,D:\WACA\DS\WACA_Apps\WACA_c_RECURSE\waca\SFU_WACA_BUILD\build\multidomain\TSV2_10_9\Events_BSet\src\Proc_1\Pi_1\Events_0\ada_src\r.Events.objD.adb,1121
Events,objE,D:\WACA\DS\WACA_Apps\WACA_c_RECURSE\waca\SFU_WACA_BUILD\build\multidomain\TSV2_10_9\Events_BSet\src\Proc_1\Pi_1\Events_0\ada_src\r.Events.objE.adb,1289
Events,objN,D:\WACA\DS\WACA_Apps\WACA_c_RECURSE\waca\SFU_WACA_BUILD\build\multidomain\TSV2_10_9\Events_BSet\src\Proc_1\Pi_1\Events_0\ada_src\r.Events.objN.adb,1385
Events,objVERPOL,D:\WACA\DS\WACA_Apps\WACA_c_RECURSE\waca\SFU_WACA_BUILD\build\multidomain\TSV2_10_9\Events_BSet\src\Proc_1\Pi_1\Events_0\ada_src\r.Events.objVERPOL.adb,1531
Events,sbE,D:\WACA\DS\WACA_Apps\WACA_c_RECURSE\waca\SFU_WACA_BUILD\build\multidomain\TSV2_10_9\Events_BSet\src\Proc_1\Pi_1\Events_0\ada_src\r.Events.sbE.adb,1678
Events,sbF,D:\WACA\DS\WACA_Apps\WACA_c_RECURSE\waca\SFU_WACA_BUILD\build\multidomain\TSV2_10_9\Events_BSet\src\Proc_1\Pi_1\Events_0\ada_src\r.Events.sbF.adb,1825
Events,objO,D:\WACA\DS\WACA_Apps\WACA_c_RECURSE\waca\SFU_WACA_BUILD\build\multidomain\TSV2_10_9\Events_BSet\src\Proc_1\Pi_1\Events_0\ada_src\r.Events.objO.adb,1903
Events,objJ,D:\WACA\DS\WACA_Apps\WACA_c_RECURSE\waca\SFU_WACA_BUILD\build\multidomain\TSV2_10_9\Events_BSet\src\Proc_1\Pi_1\Events_0\ada_src\r.Events.objJ.adb,2051
Events,objK,D:\WACA\DS\WACA_Apps\WACA_c_RECURSE\waca\SFU_WACA_BUILD\build\multidomain\TSV2_10_9\Events_BSet\src\Proc_1\Pi_1\Events_0\ada_src\r.Events.objK.adb,2191
Events,objP,D:\WACA\DS\WACA_Apps\WACA_c_RECURSE\waca\SFU_WACA_BUILD\build\multidomain\TSV2_10_9\Events_BSet\src\Proc_1\Pi_1\Events_0\ada_src\r.Events.objP.adb,2345
Events,objQ,D:\WACA\DS\WACA_Apps\WACA_c_RECURSE\waca\SFU_WACA_BUILD\build\multidomain\TSV2_10_9\Events_BSet\src\Proc_1\Pi_1\Events_0\ada_src\r.Events.objQ.adb,2496
Events,objR,D:\WACA\DS\WACA_Apps\WACA_c_RECURSE\waca\SFU_WACA_BUILD\build\multidomain\TSV2_10_9\Events_BSet\src\Proc_1\Pi_1\Events_0\ada_src\r.Events.objR.adb,2647
Events,objS,D:\WACA\DS\WACA_Apps\WACA_c_RECURSE\waca\SFU_WACA_BUILD\build\multidomain\TSV2_10_9\Events_BSet\src\Proc_1\Pi_1\Events_0\ada_src\r.Events.objS.adb,2798
Events,objT,D:\WACA\DS\WACA_Apps\WACA_c_RECURSE\waca\SFU_WACA_BUILD\build\multidomain\TSV2_10_9\Events_BSet\src\Proc_1\Pi_1\Events_0\ada_src\r.Events.objT.adb,2891
Events,objU,D:\WACA\DS\WACA_Apps\WACA_c_RECURSE\waca\SFU_WACA_BUILD\build\multidomain\TSV2_10_9\Events_BSet\src\Proc_1\Pi_1\Events_0\ada_src\r.Events.objU.adb,3040
Events,REFLECT,D:\WACA\DS\WACA_Apps\WACA_c_RECURSE\waca\SFU_WACA_BUILD\build\multidomain\TSV2_10_9\Events_BSet\src\Proc_1\Pi_1\Events_0\ada_src\r.Events.REFLECT.adb,3182
Events,objCREATE,D:\WACA\DS\WACA_Apps\WACA_c_RECURSE\waca\SFU_WACA_BUILD\build\multidomain\TSV2_10_9\Events_BSet\src\Proc_1\Pi_1\Events_0\ada_src\r.Events.objCREATE.adb,3297
Events,objTERMINAL,D:\WACA\DS\WACA_Apps\WACA_c_RECURSE\waca\SFU_WACA_BUILD\build\multidomain\TSV2_10_9\Events_BSet\src\Proc_1\Pi_1\Events_0\ada_src\r.Events.objTERMINAL.adb,3418
Events,objVERCETL,D:\WACA\DS\WACA_Apps\WACA_c_RECURSE\waca\SFU_WACA_BUILD\build\multidomain\TSV2_10_9\Events_BSet\src\Proc_1\Pi_1\Events_0\ada_src\r.Events.objVERCETL.adb,3551
Events,objEDATA,D:\WACA\DS\WACA_Apps\WACA_c_RECURSE\waca\SFU_WACA_BUILD\build\multidomain\TSV2_10_9\Events_BSet\src\Proc_1\Pi_1\Events_0\ada_src\r.Events.objEDATA.adb,3732
Events,SprA,D:\WACA\DS\WACA_Apps\WACA_c_RECURSE\waca\SFU_WACA_BUILD\build\multidomain\TSV2_10_9\Events_BSet\src\Proc_1\Pi_1\Events_0\ada_src\r.Events.SprA.adb,3931
Events,TD,D:\WACA\DS\WACA_Apps\WACA_c_RECURSE\waca\SFU_WACA_BUILD\build\multidomain\TSV2_10_9\Events_BSet\src\Proc_1\Pi_1\Events_0\ada_src\r.Events.TD.adb,4000
Events,sbB,D:\WACA\DS\WACA_Apps\WACA_c_RECURSE\waca\SFU_WACA_BUILD\build\multidomain\TSV2_10_9\Events_BSet\src\Proc_1\Pi_1\Events_0\ada_src\r.Events.sbB.adb,4147
Events,sbC,D:\WACA\DS\WACA_Apps\WACA_c_RECURSE\waca\SFU_WACA_BUILD\build\multidomain\TSV2_10_9\Events_BSet\src\Proc_1\Pi_1\Events_0\ada_src\r.Events.sbC.adb,4294
Events,TL,D:\WACA\DS\WACA_Apps\WACA_c_RECURSE\waca\SFU_WACA_BUILD\build\multidomain\TSV2_10_9\Events_BSet\src\Proc_1\Pi_1\Events_0\ada_src\r.Events.TL.adb,4429
Events,SL_ONE_A,D:\WACA\DS\WACA_Apps\WACA_c_RECURSE\waca\SFU_WACA_BUILD\build\multidomain\TSV2_10_9\Events_BSet\src\Proc_1\Pi_1\Events_0\ada_src\r.Events.SL_ONE_A.adb,4522
Events,objMCS,D:\WACA\DS\WACA_Apps\WACA_c_RECURSE\waca\SFU_WACA_BUILD\build\multidomain\TSV2_10_9\Events_BSet\src\Proc_1\Pi_1\Events_0\ada_src\r.Events.objMCS.adb,4692
Events,ETS,D:\WACA\DS\WACA_Apps\WACA_c_RECURSE\waca\SFU_WACA_BUILD\build\multidomain\TSV2_10_9\Events_BSet\src\Proc_1\Pi_1\Events_0\ada_src\r.Events.ETS.adb,4869
Events,BTD,D:\WACA\DS\WACA_Apps\WACA_c_RECURSE\waca\SFU_WACA_BUILD\build\multidomain\TSV2_10_9\Events_BSet\src\Proc_1\Pi_1\Events_0\ada_src\r.Events.BTD.adb,5025
Events,SL_ONE_B,D:\WACA\DS\WACA_Apps\WACA_c_RECURSE\waca\SFU_WACA_BUILD\build\multidomain\TSV2_10_9\Events_BSet\src\Proc_1\Pi_1\Events_0\ada_src\r.Events.SL_ONE_B.adb,5118
Events,SL_TWO_A,D:\WACA\DS\WACA_Apps\WACA_c_RECURSE\waca\SFU_WACA_BUILD\build\multidomain\TSV2_10_9\Events_BSet\src\Proc_1\Pi_1\Events_0\ada_src\r.Events.SL_TWO_A.adb,5211
Events,SL_TWO_B,D:\WACA\DS\WACA_Apps\WACA_c_RECURSE\waca\SFU_WACA_BUILD\build\multidomain\TSV2_10_9\Events_BSet\src\Proc_1\Pi_1\Events_0\ada_src\r.Events.SL_TWO_B.adb,5286
Events,SL_TWO_C,D:\WACA\DS\WACA_Apps\WACA_c_RECURSE\waca\SFU_WACA_BUILD\build\multidomain\TSV2_10_9\Events_BSet\src\Proc_1\Pi_1\Events_0\ada_src\r.Events.SL_TWO_C.adb,5361
Events,SL_TWO_D,D:\WACA\DS\WACA_Apps\WACA_c_RECURSE\waca\SFU_WACA_BUILD\build\multidomain\TSV2_10_9\Events_BSet\src\Proc_1\Pi_1\Events_0\ada_src\r.Events.SL_TWO_D.adb,5454
Events,SL_THREE_A,D:\WACA\DS\WACA_Apps\WACA_c_RECURSE\waca\SFU_WACA_BUILD\build\multidomain\TSV2_10_9\Events_BSet\src\Proc_1\Pi_1\Events_0\ada_src\r.Events.SL_THREE_A.adb,5559
Events,SL_THREE_B,D:\WACA\DS\WACA_Apps\WACA_c_RECURSE\waca\SFU_WACA_BUILD\build\multidomain\TSV2_10_9\Events_BSet\src\Proc_1\Pi_1\Events_0\ada_src\r.Events.SL_THREE_B.adb,5634
Events,SL_THREE_C,D:\WACA\DS\WACA_Apps\WACA_c_RECURSE\waca\SFU_WACA_BUILD\build\multidomain\TSV2_10_9\Events_BSet\src\Proc_1\Pi_1\Events_0\ada_src\r.Events.SL_THREE_C.adb,5709
Events,SL_THREE_D,D:\WACA\DS\WACA_Apps\WACA_c_RECURSE\waca\SFU_WACA_BUILD\build\multidomain\TSV2_10_9\Events_BSet\src\Proc_1\Pi_1\Events_0\ada_src\r.Events.SL_THREE_D.adb,5802
Events,BLA,D:\WACA\DS\WACA_Apps\WACA_c_RECURSE\waca\SFU_WACA_BUILD\build\multidomain\TSV2_10_9\Events_BSet\src\Proc_1\Pi_1\Events_0\ada_src\r.Events.BLA.adb,5877
Events,BLB,D:\WACA\DS\WACA_Apps\WACA_c_RECURSE\waca\SFU_WACA_BUILD\build\multidomain\TSV2_10_9\Events_BSet\src\Proc_1\Pi_1\Events_0\ada_src\r.Events.BLB.adb,5952
Events,BLI,D:\WACA\DS\WACA_Apps\WACA_c_RECURSE\waca\SFU_WACA_BUILD\build\multidomain\TSV2_10_9\Events_BSet\src\Proc_1\Pi_1\Events_0\ada_src\r.Events.BLI.adb,6027
Events,BLJ,D:\WACA\DS\WACA_Apps\WACA_c_RECURSE\waca\SFU_WACA_BUILD\build\multidomain\TSV2_10_9\Events_BSet\src\Proc_1\Pi_1\Events_0\ada_src\r.Events.BLJ.adb,6102
Events,RD,D:\WACA\DS\WACA_Apps\WACA_c_RECURSE\waca\SFU_WACA_BUILD\build\multidomain\TSV2_10_9\Events_BSet\src\Proc_1\Pi_1\Events_0\ada_src\r.Events.RD.adb,6171
Events,BLF,D:\WACA\DS\WACA_Apps\WACA_c_RECURSE\waca\SFU_WACA_BUILD\build\multidomain\TSV2_10_9\Events_BSet\src\Proc_1\Pi_1\Events_0\ada_src\r.Events.BLF.adb,6252
Events,BLG,D:\WACA\DS\WACA_Apps\WACA_c_RECURSE\waca\SFU_WACA_BUILD\build\multidomain\TSV2_10_9\Events_BSet\src\Proc_1\Pi_1\Events_0\ada_src\r.Events.BLG.adb,6333
Events,BLH,D:\WACA\DS\WACA_Apps\WACA_c_RECURSE\waca\SFU_WACA_BUILD\build\multidomain\TSV2_10_9\Events_BSet\src\Proc_1\Pi_1\Events_0\ada_src\r.Events.BLH.adb,6414
Events,BLE,D:\WACA\DS\WACA_Apps\WACA_c_RECURSE\waca\SFU_WACA_BUILD\build\multidomain\TSV2_10_9\Events_BSet\src\Proc_1\Pi_1\Events_0\ada_src\r.Events.BLE.adb,6495
Events,BLD,D:\WACA\DS\WACA_Apps\WACA_c_RECURSE\waca\SFU_WACA_BUILD\build\multidomain\TSV2_10_9\Events_BSet\src\Proc_1\Pi_1\Events_0\ada_src\r.Events.BLD.adb,6576
Events,BLC,D:\WACA\DS\WACA_Apps\WACA_c_RECURSE\waca\SFU_WACA_BUILD\build\multidomain\TSV2_10_9\Events_BSet\src\Proc_1\Pi_1\Events_0\ada_src\r.Events.BLC.adb,6657
Events,SC,D:\WACA\DS\WACA_Apps\WACA_c_RECURSE\waca\SFU_WACA_BUILD\build\multidomain\TSV2_10_9\Events_BSet\src\Proc_1\Pi_1\Events_0\ada_src\r.Events.SC.adb,6793
Events,objX,D:\WACA\DS\WACA_Apps\WACA_c_RECURSE\waca\SFU_WACA_BUILD\build\multidomain\TSV2_10_9\Events_BSet\src\Proc_1\Pi_1\Events_0\ada_src\r.Events.objX.adb,7044
Events,objZ,D:\WACA\DS\WACA_Apps\WACA_c_RECURSE\waca\SFU_WACA_BUILD\build\multidomain\TSV2_10_9\Events_BSet\src\Proc_1\Pi_1\Events_0\ada_src\r.Events.objZ.adb,7205
Events,HSM,D:\WACA\DS\WACA_Apps\WACA_c_RECURSE\waca\SFU_WACA_BUILD\build\multidomain\TSV2_10_9\Events_BSet\src\Proc_1\Pi_1\Events_0\ada_src\r.Events.HSM.adb,7521
Events,CP,D:\WACA\DS\WACA_Apps\WACA_c_RECURSE\waca\SFU_WACA_BUILD\build\multidomain\TSV2_10_9\Events_BSet\src\Proc_1\Pi_1\Events_0\ada_src\r.Events.CP.adb,7652
Events,PriA,D:\WACA\DS\WACA_Apps\WACA_c_RECURSE\waca\SFU_WACA_BUILD\build\multidomain\TSV2_10_9\Events_BSet\src\Proc_1\Pi_1\Events_0\ada_src\r.Events.PriA.adb,7820
Events,PriB,D:\WACA\DS\WACA_Apps\WACA_c_RECURSE\waca\SFU_WACA_BUILD\build\multidomain\TSV2_10_9\Events_BSet\src\Proc_1\Pi_1\Events_0\ada_src\r.Events.PriB.adb,7979
Events,objCD,D:\WACA\DS\WACA_Apps\WACA_c_RECURSE\waca\SFU_WACA_BUILD\build\multidomain\TSV2_10_9\Events_BSet\src\Proc_1\Pi_1\Events_0\ada_src\r.Events.objCD.adb,8111
Events,objTP,D:\WACA\DS\WACA_Apps\WACA_c_RECURSE\waca\SFU_WACA_BUILD\build\multidomain\TSV2_10_9\Events_BSet\src\Proc_1\Pi_1\Events_0\ada_src\r.Events.objTP.adb,8273
Events,TE,D:\WACA\DS\WACA_Apps\WACA_c_RECURSE\waca\SFU_WACA_BUILD\build\multidomain\TSV2_10_9\Events_BSet\src\Proc_1\Pi_1\Events_0\ada_src\r.Events.TE.adb,8500
Events,CCS,D:\WACA\DS\WACA_Apps\WACA_c_RECURSE\waca\SFU_WACA_BUILD\build\multidomain\TSV2_10_9\Events_BSet\src\Proc_1\Pi_1\Events_0\ada_src\r.Events.CCS.adb,8615
Events,objL,D:\WACA\DS\WACA_Apps\WACA_c_RECURSE\waca\SFU_WACA_BUILD\build\multidomain\TSV2_10_9\Events_BSet\src\Proc_1\Pi_1\Events_0\ada_src\r.Events.objL.event_action.ada,9
Events,objA,D:\WACA\DS\WACA_Apps\WACA_c_RECURSE\waca\SFU_WACA_BUILD\build\multidomain\TSV2_10_9\Events_BSet\src\Proc_1\Pi_1\Events_0\ada_src\r.Events.objA.event_action.ada,22
Events,objF,D:\WACA\DS\WACA_Apps\WACA_c_RECURSE\waca\SFU_WACA_BUILD\build\multidomain\TSV2_10_9\Events_BSet\src\Proc_1\Pi_1\Events_0\ada_src\r.Events.objF.event_action.ada,31
Events,sbD,D:\WACA\DS\WACA_Apps\WACA_c_RECURSE\waca\SFU_WACA_BUILD\build\multidomain\TSV2_10_9\Events_BSet\src\Proc_1\Pi_1\Events_0\ada_src\r.Events.sbD.event_action.ada,40
Events,sbA,D:\WACA\DS\WACA_Apps\WACA_c_RECURSE\waca\SFU_WACA_BUILD\build\multidomain\TSV2_10_9\Events_BSet\src\Proc_1\Pi_1\Events_0\ada_src\r.Events.sbA.event_action.ada,49
Events,objM,D:\WACA\DS\WACA_Apps\WACA_c_RECURSE\waca\SFU_WACA_BUILD\build\multidomain\TSV2_10_9\Events_BSet\src\Proc_1\Pi_1\Events_0\ada_src\r.Events.objM.event_action.ada,62
Events,objD,D:\WACA\DS\WACA_Apps\WACA_c_RECURSE\waca\SFU_WACA_BUILD\build\multidomain\TSV2_10_9\Events_BSet\src\Proc_1\Pi_1\Events_0\ada_src\r.Events.objD.event_action.ada,75
Events,objE,D:\WACA\DS\WACA_Apps\WACA_c_RECURSE\waca\SFU_WACA_BUILD\build\multidomain\TSV2_10_9\Events_BSet\src\Proc_1\Pi_1\Events_0\ada_src\r.Events.objE.event_action.ada,84
Events,objN,D:\WACA\DS\WACA_Apps\WACA_c_RECURSE\waca\SFU_WACA_BUILD\build\multidomain\TSV2_10_9\Events_BSet\src\Proc_1\Pi_1\Events_0\ada_src\r.Events.objN.event_action.ada,97
Events,objVERPOL,D:\WACA\DS\WACA_Apps\WACA_c_RECURSE\waca\SFU_WACA_BUILD\build\multidomain\TSV2_10_9\Events_BSet\src\Proc_1\Pi_1\Events_0\ada_src\r.Events.objVERPOL.event_action.ada,106
Events,sbE,D:\WACA\DS\WACA_Apps\WACA_c_RECURSE\waca\SFU_WACA_BUILD\build\multidomain\TSV2_10_9\Events_BSet\src\Proc_1\Pi_1\Events_0\ada_src\r.Events.sbE.event_action.ada,115
Events,sbF,D:\WACA\DS\WACA_Apps\WACA_c_RECURSE\waca\SFU_WACA_BUILD\build\multidomain\TSV2_10_9\Events_BSet\src\Proc_1\Pi_1\Events_0\ada_src\r.Events.sbF.event_action.ada,124
Events,objJ,D:\WACA\DS\WACA_Apps\WACA_c_RECURSE\waca\SFU_WACA_BUILD\build\multidomain\TSV2_10_9\Events_BSet\src\Proc_1\Pi_1\Events_0\ada_src\r.Events.objJ.event_action.ada,137
Events,objK,D:\WACA\DS\WACA_Apps\WACA_c_RECURSE\waca\SFU_WACA_BUILD\build\multidomain\TSV2_10_9\Events_BSet\src\Proc_1\Pi_1\Events_0\ada_src\r.Events.objK.event_action.ada,146
Events,objP,D:\WACA\DS\WACA_Apps\WACA_c_RECURSE\waca\SFU_WACA_BUILD\build\multidomain\TSV2_10_9\Events_BSet\src\Proc_1\Pi_1\Events_0\ada_src\r.Events.objP.event_action.ada,159
Events,objQ,D:\WACA\DS\WACA_Apps\WACA_c_RECURSE\waca\SFU_WACA_BUILD\build\multidomain\TSV2_10_9\Events_BSet\src\Proc_1\Pi_1\Events_0\ada_src\r.Events.objQ.event_action.ada,168
Events,objR,D:\WACA\DS\WACA_Apps\WACA_c_RECURSE\waca\SFU_WACA_BUILD\build\multidomain\TSV2_10_9\Events_BSet\src\Proc_1\Pi_1\Events_0\ada_src\r.Events.objR.event_action.ada,177
Events,objS,D:\WACA\DS\WACA_Apps\WACA_c_RECURSE\waca\SFU_WACA_BUILD\build\multidomain\TSV2_10_9\Events_BSet\src\Proc_1\Pi_1\Events_0\ada_src\r.Events.objS.event_action.ada,186
Events,objT,D:\WACA\DS\WACA_Apps\WACA_c_RECURSE\waca\SFU_WACA_BUILD\build\multidomain\TSV2_10_9\Events_BSet\src\Proc_1\Pi_1\Events_0\ada_src\r.Events.objT.event_action.ada,199
Events,objU,D:\WACA\DS\WACA_Apps\WACA_c_RECURSE\waca\SFU_WACA_BUILD\build\multidomain\TSV2_10_9\Events_BSet\src\Proc_1\Pi_1\Events_0\ada_src\r.Events.objU.event_action.ada,208
Events,REFLECT,D:\WACA\DS\WACA_Apps\WACA_c_RECURSE\waca\SFU_WACA_BUILD\build\multidomain\TSV2_10_9\Events_BSet\src\Proc_1\Pi_1\Events_0\ada_src\r.Events.REFLECT.event_action.ada,217
Events,objCREATE,D:\WACA\DS\WACA_Apps\WACA_c_RECURSE\waca\SFU_WACA_BUILD\build\multidomain\TSV2_10_9\Events_BSet\src\Proc_1\Pi_1\Events_0\ada_src\r.Events.objCREATE.event_action.ada,226
Events,objTERMINAL,D:\WACA\DS\WACA_Apps\WACA_c_RECURSE\waca\SFU_WACA_BUILD\build\multidomain\TSV2_10_9\Events_BSet\src\Proc_1\Pi_1\Events_0\ada_src\r.Events.objTERMINAL.event_action.ada,235
Events,objVERCETL,D:\WACA\DS\WACA_Apps\WACA_c_RECURSE\waca\SFU_WACA_BUILD\build\multidomain\TSV2_10_9\Events_BSet\src\Proc_1\Pi_1\Events_0\ada_src\r.Events.objVERCETL.event_action.ada,244
Events,objEDATA,D:\WACA\DS\WACA_Apps\WACA_c_RECURSE\waca\SFU_WACA_BUILD\build\multidomain\TSV2_10_9\Events_BSet\src\Proc_1\Pi_1\Events_0\ada_src\r.Events.objEDATA.event_action.ada,253
Events,SprA,D:\WACA\DS\WACA_Apps\WACA_c_RECURSE\waca\SFU_WACA_BUILD\build\multidomain\TSV2_10_9\Events_BSet\src\Proc_1\Pi_1\Events_0\ada_src\r.Events.SprA.event_action.ada,274
Events,sbB,D:\WACA\DS\WACA_Apps\WACA_c_RECURSE\waca\SFU_WACA_BUILD\build\multidomain\TSV2_10_9\Events_BSet\src\Proc_1\Pi_1\Events_0\ada_src\r.Events.sbB.event_action.ada,283
Events,sbC,D:\WACA\DS\WACA_Apps\WACA_c_RECURSE\waca\SFU_WACA_BUILD\build\multidomain\TSV2_10_9\Events_BSet\src\Proc_1\Pi_1\Events_0\ada_src\r.Events.sbC.event_action.ada,292
Events,TL,D:\WACA\DS\WACA_Apps\WACA_c_RECURSE\waca\SFU_WACA_BUILD\build\multidomain\TSV2_10_9\Events_BSet\src\Proc_1\Pi_1\Events_0\ada_src\r.Events.TL.event_action.ada,305
Events,SL_ONE_A,D:\WACA\DS\WACA_Apps\WACA_c_RECURSE\waca\SFU_WACA_BUILD\build\multidomain\TSV2_10_9\Events_BSet\src\Proc_1\Pi_1\Events_0\ada_src\r.Events.SL_ONE_A.event_action.ada,318
Events,objMCS,D:\WACA\DS\WACA_Apps\WACA_c_RECURSE\waca\SFU_WACA_BUILD\build\multidomain\TSV2_10_9\Events_BSet\src\Proc_1\Pi_1\Events_0\ada_src\r.Events.objMCS.event_action.ada,327
Events,ETS,D:\WACA\DS\WACA_Apps\WACA_c_RECURSE\waca\SFU_WACA_BUILD\build\multidomain\TSV2_10_9\Events_BSet\src\Proc_1\Pi_1\Events_0\ada_src\r.Events.ETS.event_action.ada,336
Events,BTD,D:\WACA\DS\WACA_Apps\WACA_c_RECURSE\waca\SFU_WACA_BUILD\build\multidomain\TSV2_10_9\Events_BSet\src\Proc_1\Pi_1\Events_0\ada_src\r.Events.BTD.event_action.ada,345
Events,SL_ONE_B,D:\WACA\DS\WACA_Apps\WACA_c_RECURSE\waca\SFU_WACA_BUILD\build\multidomain\TSV2_10_9\Events_BSet\src\Proc_1\Pi_1\Events_0\ada_src\r.Events.SL_ONE_B.event_action.ada,358
Events,SL_TWO_A,D:\WACA\DS\WACA_Apps\WACA_c_RECURSE\waca\SFU_WACA_BUILD\build\multidomain\TSV2_10_9\Events_BSet\src\Proc_1\Pi_1\Events_0\ada_src\r.Events.SL_TWO_A.event_action.ada,371
Events,SL_TWO_D,D:\WACA\DS\WACA_Apps\WACA_c_RECURSE\waca\SFU_WACA_BUILD\build\multidomain\TSV2_10_9\Events_BSet\src\Proc_1\Pi_1\Events_0\ada_src\r.Events.SL_TWO_D.event_action.ada,384
Events,SL_THREE_A,D:\WACA\DS\WACA_Apps\WACA_c_RECURSE\waca\SFU_WACA_BUILD\build\multidomain\TSV2_10_9\Events_BSet\src\Proc_1\Pi_1\Events_0\ada_src\r.Events.SL_THREE_A.event_action.ada,405
Events,SL_THREE_D,D:\WACA\DS\WACA_Apps\WACA_c_RECURSE\waca\SFU_WACA_BUILD\build\multidomain\TSV2_10_9\Events_BSet\src\Proc_1\Pi_1\Events_0\ada_src\r.Events.SL_THREE_D.event_action.ada,418
Events,SC,D:\WACA\DS\WACA_Apps\WACA_c_RECURSE\waca\SFU_WACA_BUILD\build\multidomain\TSV2_10_9\Events_BSet\src\Proc_1\Pi_1\Events_0\ada_src\r.Events.SC.event_action.ada,427
Events,objX,D:\WACA\DS\WACA_Apps\WACA_c_RECURSE\waca\SFU_WACA_BUILD\build\multidomain\TSV2_10_9\Events_BSet\src\Proc_1\Pi_1\Events_0\ada_src\r.Events.objX.event_action.ada,436
Events,objZ,D:\WACA\DS\WACA_Apps\WACA_c_RECURSE\waca\SFU_WACA_BUILD\build\multidomain\TSV2_10_9\Events_BSet\src\Proc_1\Pi_1\Events_0\ada_src\r.Events.objZ.event_action.ada,445
Events,HSM,D:\WACA\DS\WACA_Apps\WACA_c_RECURSE\waca\SFU_WACA_BUILD\build\multidomain\TSV2_10_9\Events_BSet\src\Proc_1\Pi_1\Events_0\ada_src\r.Events.HSM.event_action.ada,454
Events,CP,D:\WACA\DS\WACA_Apps\WACA_c_RECURSE\waca\SFU_WACA_BUILD\build\multidomain\TSV2_10_9\Events_BSet\src\Proc_1\Pi_1\Events_0\ada_src\r.Events.CP.event_action.ada,463
Events,PriA,D:\WACA\DS\WACA_Apps\WACA_c_RECURSE\waca\SFU_WACA_BUILD\build\multidomain\TSV2_10_9\Events_BSet\src\Proc_1\Pi_1\Events_0\ada_src\r.Events.PriA.event_action.ada,476
Events,PriB,D:\WACA\DS\WACA_Apps\WACA_c_RECURSE\waca\SFU_WACA_BUILD\build\multidomain\TSV2_10_9\Events_BSet\src\Proc_1\Pi_1\Events_0\ada_src\r.Events.PriB.event_action.ada,485
Events,objCD,D:\WACA\DS\WACA_Apps\WACA_c_RECURSE\waca\SFU_WACA_BUILD\build\multidomain\TSV2_10_9\Events_BSet\src\Proc_1\Pi_1\Events_0\ada_src\r.Events.objCD.event_action.ada,494
Events,objTP,D:\WACA\DS\WACA_Apps\WACA_c_RECURSE\waca\SFU_WACA_BUILD\build\multidomain\TSV2_10_9\Events_BSet\src\Proc_1\Pi_1\Events_0\ada_src\r.Events.objTP.event_action.ada,503
Events,TE,D:\WACA\DS\WACA_Apps\WACA_c_RECURSE\waca\SFU_WACA_BUILD\build\multidomain\TSV2_10_9\Events_BSet\src\Proc_1\Pi_1\Events_0\ada_src\r.Events.TE.event_action.ada,512
Events,CCS,D:\WACA\DS\WACA_Apps\WACA_c_RECURSE\waca\SFU_WACA_BUILD\build\multidomain\TSV2_10_9\Events_BSet\src\Proc_1\Pi_1\Events_0\ada_src\r.Events.CCS.event_action.ada,521
Events,CCS,D:\WACA\DS\WACA_Apps\WACA_c_RECURSE\waca\SFU_WACA_BUILD\build\multidomain\TSV2_10_9\Events_BSet\meta_instances\gps_ada_buildfile\events_1a_Dos.gpr,21
