,,D:\WACA\DS\WACA_Apps\9SU050_WACA_991c_29_04_2024_SWATS\waca\SFU_WACA_BUILD\build\multidomain\TSV2_10_22\Timers_Build_Set\src\Proc_1\Pi_1\interface_ada_src\NXUML_TIM_incomingcallhookup.ads,3
,,D:\WACA\DS\WACA_Apps\9SU050_WACA_991c_29_04_2024_SWATS\waca\SFU_WACA_BUILD\build\multidomain\TSV2_10_22\Timers_Build_Set\src\Proc_1\Pi_1\interface_ada_src\NXUML_TIM_incomingcallhookup.adb,5
,,D:\WACA\DS\WACA_Apps\9SU050_WACA_991c_29_04_2024_SWATS\waca\SFU_WACA_BUILD\build\multidomain\TSV2_10_22\Timers_Build_Set\src\Proc_1\Pi_1\interface_ada_src\NXUML_TIM_comms_registration.ads,2
,,D:\WACA\DS\WACA_Apps\9SU050_WACA_991c_29_04_2024_SWATS\waca\SFU_WACA_BUILD\build\multidomain\TSV2_10_22\Timers_Build_Set\src\Proc_1\Pi_1\interface_ada_src\RP_comms_registration.ads,4
,,D:\WACA\DS\WACA_Apps\9SU050_WACA_991c_29_04_2024_SWATS\waca\SFU_WACA_BUILD\build\multidomain\TSV2_10_22\Timers_Build_Set\src\Proc_1\Pi_1\interface_ada_src\TT_comms_registration.ads,6
,,D:\WACA\DS\WACA_Apps\9SU050_WACA_991c_29_04_2024_SWATS\waca\SFU_WACA_BUILD\build\multidomain\TSV2_10_22\Timers_Build_Set\src\Proc_1\Pi_1\interface_ada_src\FTE_comms_registration.ads,8
,,D:\WACA\DS\WACA_Apps\9SU050_WACA_991c_29_04_2024_SWATS\waca\SFU_WACA_BUILD\build\multidomain\TSV2_10_22\Timers_Build_Set\src\Proc_1\Pi_1\interface_ada_src\NXUML_TIM_comms_registration.adb,5
,,D:\WACA\DS\WACA_Apps\9SU050_WACA_991c_29_04_2024_SWATS\waca\SFU_WACA_BUILD\build\multidomain\TSV2_10_22\Timers_Build_Set\src\Proc_1\Pi_1\interface_ada_src\RP_comms_registration.adb,10
,,D:\WACA\DS\WACA_Apps\9SU050_WACA_991c_29_04_2024_SWATS\waca\SFU_WACA_BUILD\build\multidomain\TSV2_10_22\Timers_Build_Set\src\Proc_1\Pi_1\interface_ada_src\TT_comms_registration.adb,15
,,D:\WACA\DS\WACA_Apps\9SU050_WACA_991c_29_04_2024_SWATS\waca\SFU_WACA_BUILD\build\multidomain\TSV2_10_22\Timers_Build_Set\src\Proc_1\Pi_1\interface_ada_src\FTE_comms_registration.adb,20
,,D:\WACA\DS\WACA_Apps\9SU050_WACA_991c_29_04_2024_SWATS\waca\SFU_WACA_BUILD\build\multidomain\TSV2_10_22\Timers_Build_Set\src\Proc_1\Pi_1\interface_support_ada_src\build_id.ads,1
,,D:\WACA\DS\WACA_Apps\9SU050_WACA_991c_29_04_2024_SWATS\waca\SFU_WACA_BUILD\build\multidomain\TSV2_10_22\Timers_Build_Set\src\Proc_1\Pi_1\interface_support_ada_src\comms-constants-priorities.ads,2
,,D:\WACA\DS\WACA_Apps\9SU050_WACA_991c_29_04_2024_SWATS\waca\SFU_WACA_BUILD\build\multidomain\TSV2_10_22\Timers_Build_Set\src\Proc_1\Pi_2\interface_delphi_src\compiler_directives.txt,0
,,D:\WACA\DS\WACA_Apps\9SU050_WACA_991c_29_04_2024_SWATS\waca\SFU_WACA_BUILD\build\multidomain\TSV2_10_22\Timers_Build_Set\src\Proc_1\Pi_1\interface_ada_src\preprocessor.txt,0
,,D:\WACA\DS\WACA_Apps\9SU050_WACA_991c_29_04_2024_SWATS\waca\SFU_WACA_BUILD\build\multidomain\TSV2_10_22\Timers_Build_Set\src\Proc_1\Pi_1\interface_support_ada_src\comms-constants-buffer.ads,11
,,D:\WACA\DS\WACA_Apps\9SU050_WACA_991c_29_04_2024_SWATS\waca\SFU_WACA_BUILD\build\multidomain\TSV2_10_22\Timers_Build_Set\src\Proc_1\Pi_1\common_ada_src\application_types.ads,41
,,D:\WACA\DS\WACA_Apps\9SU050_WACA_991c_29_04_2024_SWATS\waca\SFU_WACA_BUILD\build\multidomain\TSV2_10_22\Timers_Build_Set\src\Proc_1\Pi_1\common_ada_src\application_types.adb,117
,,D:\WACA\DS\WACA_Apps\9SU050_WACA_991c_29_04_2024_SWATS\waca\SFU_WACA_BUILD\build\multidomain\TSV2_10_22\Timers_Build_Set\src\Proc_1\Pi_1\clock_ada_src\gettime.ads,6
,,D:\WACA\DS\WACA_Apps\9SU050_WACA_991c_29_04_2024_SWATS\waca\SFU_WACA_BUILD\build\multidomain\TSV2_10_22\Timers_Build_Set\src\Proc_1\Pi_1\clock_ada_src\gettime.adb,11
,,D:\WACA\DS\WACA_Apps\9SU050_WACA_991c_29_04_2024_SWATS\waca\SFU_WACA_BUILD\build\multidomain\TSV2_10_22\Timers_Build_Set\src\Proc_1\Pi_1\clock_ada_src\timer.ads,14
,,D:\WACA\DS\WACA_Apps\9SU050_WACA_991c_29_04_2024_SWATS\waca\SFU_WACA_BUILD\build\multidomain\TSV2_10_22\Timers_Build_Set\src\Proc_1\Pi_1\clock_ada_src\timer.adb,99
,,D:\WACA\DS\WACA_Apps\9SU050_WACA_991c_29_04_2024_SWATS\waca\SFU_WACA_BUILD\build\multidomain\TSV2_10_22\Timers_Build_Set\src\Proc_1\Pi_1\clock_ada_src\clock.ads,3
,,D:\WACA\DS\WACA_Apps\9SU050_WACA_991c_29_04_2024_SWATS\waca\SFU_WACA_BUILD\build\multidomain\TSV2_10_22\Timers_Build_Set\src\Proc_1\Pi_1\clock_ada_src\clock_types.ads,9
,,D:\WACA\DS\WACA_Apps\9SU050_WACA_991c_29_04_2024_SWATS\waca\SFU_WACA_BUILD\build\multidomain\TSV2_10_22\Timers_Build_Set\src\Proc_1\Pi_1\clock_ada_src\clock_types.adb,11
,,D:\WACA\DS\WACA_Apps\9SU050_WACA_991c_29_04_2024_SWATS\waca\SFU_WACA_BUILD\build\multidomain\TSV2_10_22\Timers_Build_Set\src\Proc_1\Pi_1\common_ada_src\application_control.ada,16
,,D:\WACA\DS\WACA_Apps\9SU050_WACA_991c_29_04_2024_SWATS\waca\SFU_WACA_BUILD\build\multidomain\TSV2_10_22\Timers_Build_Set\src\Proc_1\Pi_1\common_ada_src\log.adb,24
,,D:\WACA\DS\WACA_Apps\9SU050_WACA_991c_29_04_2024_SWATS\waca\SFU_WACA_BUILD\build\multidomain\TSV2_10_22\Timers_Build_Set\src\Proc_1\Pi_1\common_ada_src\log.ads,23
,,D:\WACA\DS\WACA_Apps\9SU050_WACA_991c_29_04_2024_SWATS\waca\SFU_WACA_BUILD\build\multidomain\TSV2_10_22\Timers_Build_Set\src\Proc_1\Pi_1\mechanism_ada_src\application_queue.adb,13
RP,,D:\WACA\DS\WACA_Apps\9SU050_WACA_991c_29_04_2024_SWATS\waca\SFU_WACA_BUILD\build\multidomain\TSV2_10_22\Timers_Build_Set\src\Proc_1\Pi_1\RP_0\ada_src\RP_domain_types.ads,65
RP,,D:\WACA\DS\WACA_Apps\9SU050_WACA_991c_29_04_2024_SWATS\waca\SFU_WACA_BUILD\build\multidomain\TSV2_10_22\Timers_Build_Set\src\Proc_1\Pi_1\RP_0\ada_src\RP_domain_types.adb,118
RP,,D:\WACA\DS\WACA_Apps\9SU050_WACA_991c_29_04_2024_SWATS\waca\SFU_WACA_BUILD\build\multidomain\TSV2_10_22\Timers_Build_Set\src\Proc_1\Pi_1\RP_0\ada_src\RP_registration.ads,2
RP,RM,D:\WACA\DS\WACA_Apps\9SU050_WACA_991c_29_04_2024_SWATS\waca\SFU_WACA_BUILD\build\multidomain\TSV2_10_22\Timers_Build_Set\src\Proc_1\Pi_1\RP_0\ada_src\RP_registration.adb,96
RP,RM,D:\WACA\DS\WACA_Apps\9SU050_WACA_991c_29_04_2024_SWATS\waca\SFU_WACA_BUILD\build\multidomain\TSV2_10_22\Timers_Build_Set\src\Proc_1\Pi_1\RP_0\ada_src\RP_rel_R1.ada,2
RP,RM,D:\WACA\DS\WACA_Apps\9SU050_WACA_991c_29_04_2024_SWATS\waca\SFU_WACA_BUILD\build\multidomain\TSV2_10_22\Timers_Build_Set\src\Proc_1\Pi_1\RP_0\ada_src\RP_rel_R2.ada,4
RP,RM,D:\WACA\DS\WACA_Apps\9SU050_WACA_991c_29_04_2024_SWATS\waca\SFU_WACA_BUILD\build\multidomain\TSV2_10_22\Timers_Build_Set\src\Proc_1\Pi_1\RP_0\ada_src\RP_rel_R3.ada,6
RP,RM,D:\WACA\DS\WACA_Apps\9SU050_WACA_991c_29_04_2024_SWATS\waca\SFU_WACA_BUILD\build\multidomain\TSV2_10_22\Timers_Build_Set\src\Proc_1\Pi_1\RP_0\ada_src\RP_rel_R4.ada,8
RP,RM,D:\WACA\DS\WACA_Apps\9SU050_WACA_991c_29_04_2024_SWATS\waca\SFU_WACA_BUILD\build\multidomain\TSV2_10_22\Timers_Build_Set\src\Proc_1\Pi_1\RP_0\ada_src\RP_rel_R8.ada,10
RP,RM,D:\WACA\DS\WACA_Apps\9SU050_WACA_991c_29_04_2024_SWATS\waca\SFU_WACA_BUILD\build\multidomain\TSV2_10_22\Timers_Build_Set\src\Proc_1\Pi_1\RP_0\ada_src\RP_rel_R6.ada,12
RP,RM,D:\WACA\DS\WACA_Apps\9SU050_WACA_991c_29_04_2024_SWATS\waca\SFU_WACA_BUILD\build\multidomain\TSV2_10_22\Timers_Build_Set\src\Proc_1\Pi_1\RP_0\ada_src\RP_rel_R7.ada,14
RP,RM,D:\WACA\DS\WACA_Apps\9SU050_WACA_991c_29_04_2024_SWATS\waca\SFU_WACA_BUILD\build\multidomain\TSV2_10_22\Timers_Build_Set\src\Proc_1\Pi_1\RP_0\ada_src\RP_rel_R10.ada,16
RP,RM,D:\WACA\DS\WACA_Apps\9SU050_WACA_991c_29_04_2024_SWATS\waca\SFU_WACA_BUILD\build\multidomain\TSV2_10_22\Timers_Build_Set\src\Proc_1\Pi_1\RP_0\ada_src\RP_rel_R11.ada,18
RP,RM,D:\WACA\DS\WACA_Apps\9SU050_WACA_991c_29_04_2024_SWATS\waca\SFU_WACA_BUILD\build\multidomain\TSV2_10_22\Timers_Build_Set\src\Proc_1\Pi_1\RP_0\ada_src\RP_rel_R12.ada,20
RP,RM,D:\WACA\DS\WACA_Apps\9SU050_WACA_991c_29_04_2024_SWATS\waca\SFU_WACA_BUILD\build\multidomain\TSV2_10_22\Timers_Build_Set\src\Proc_1\Pi_1\RP_0\ada_src\RP_rel_R9.ada,22
RP,RM,D:\WACA\DS\WACA_Apps\9SU050_WACA_991c_29_04_2024_SWATS\waca\SFU_WACA_BUILD\build\multidomain\TSV2_10_22\Timers_Build_Set\src\Proc_1\Pi_1\RP_0\ada_src\RP_domain_types.ops.ads,31
RP,RM,D:\WACA\DS\WACA_Apps\9SU050_WACA_991c_29_04_2024_SWATS\waca\SFU_WACA_BUILD\build\multidomain\TSV2_10_22\Timers_Build_Set\src\Proc_1\Pi_1\RP_0\ada_src\RP_domain_types.ops.adb,127
RP,RM,D:\WACA\DS\WACA_Apps\9SU050_WACA_991c_29_04_2024_SWATS\waca\SFU_WACA_BUILD\build\multidomain\TSV2_10_22\Timers_Build_Set\src\Proc_1\Pi_1\RP_0\ada_src\r.RP.ads,7
RP,PASS,D:\WACA\DS\WACA_Apps\9SU050_WACA_991c_29_04_2024_SWATS\waca\SFU_WACA_BUILD\build\multidomain\TSV2_10_22\Timers_Build_Set\src\Proc_1\Pi_1\RP_0\ada_src\r.RP.PASS.ads,32
RP,FAIL,D:\WACA\DS\WACA_Apps\9SU050_WACA_991c_29_04_2024_SWATS\waca\SFU_WACA_BUILD\build\multidomain\TSV2_10_22\Timers_Build_Set\src\Proc_1\Pi_1\RP_0\ada_src\r.RP.FAIL.ads,64
RP,DD,D:\WACA\DS\WACA_Apps\9SU050_WACA_991c_29_04_2024_SWATS\waca\SFU_WACA_BUILD\build\multidomain\TSV2_10_22\Timers_Build_Set\src\Proc_1\Pi_1\RP_0\ada_src\r.RP.DD.ads,170
RP,UNSUPPORTED,D:\WACA\DS\WACA_Apps\9SU050_WACA_991c_29_04_2024_SWATS\waca\SFU_WACA_BUILD\build\multidomain\TSV2_10_22\Timers_Build_Set\src\Proc_1\Pi_1\RP_0\ada_src\r.RP.UNSUPPORTED.ads,202
RP,DUPLICATED,D:\WACA\DS\WACA_Apps\9SU050_WACA_991c_29_04_2024_SWATS\waca\SFU_WACA_BUILD\build\multidomain\TSV2_10_22\Timers_Build_Set\src\Proc_1\Pi_1\RP_0\ada_src\r.RP.DUPLICATED.ads,252
RP,RESULTS,D:\WACA\DS\WACA_Apps\9SU050_WACA_991c_29_04_2024_SWATS\waca\SFU_WACA_BUILD\build\multidomain\TSV2_10_22\Timers_Build_Set\src\Proc_1\Pi_1\RP_0\ada_src\r.RP.RESULTS.ads,326
RP,TD,D:\WACA\DS\WACA_Apps\9SU050_WACA_991c_29_04_2024_SWATS\waca\SFU_WACA_BUILD\build\multidomain\TSV2_10_22\Timers_Build_Set\src\Proc_1\Pi_1\RP_0\ada_src\r.RP.TD.ads,386
RP,RI,D:\WACA\DS\WACA_Apps\9SU050_WACA_991c_29_04_2024_SWATS\waca\SFU_WACA_BUILD\build\multidomain\TSV2_10_22\Timers_Build_Set\src\Proc_1\Pi_1\RP_0\ada_src\r.RP.RI.ads,418
RP,SC,D:\WACA\DS\WACA_Apps\9SU050_WACA_991c_29_04_2024_SWATS\waca\SFU_WACA_BUILD\build\multidomain\TSV2_10_22\Timers_Build_Set\src\Proc_1\Pi_1\RP_0\ada_src\r.RP.SC.ads,462
RP,TS,D:\WACA\DS\WACA_Apps\9SU050_WACA_991c_29_04_2024_SWATS\waca\SFU_WACA_BUILD\build\multidomain\TSV2_10_22\Timers_Build_Set\src\Proc_1\Pi_1\RP_0\ada_src\r.RP.TS.ads,533
RP,REQS,D:\WACA\DS\WACA_Apps\9SU050_WACA_991c_29_04_2024_SWATS\waca\SFU_WACA_BUILD\build\multidomain\TSV2_10_22\Timers_Build_Set\src\Proc_1\Pi_1\RP_0\ada_src\r.RP.REQS.ads,583
RP,RM,D:\WACA\DS\WACA_Apps\9SU050_WACA_991c_29_04_2024_SWATS\waca\SFU_WACA_BUILD\build\multidomain\TSV2_10_22\Timers_Build_Set\src\Proc_1\Pi_1\RP_0\ada_src\r.RP.RM.ads,633
RP,PASS,D:\WACA\DS\WACA_Apps\9SU050_WACA_991c_29_04_2024_SWATS\waca\SFU_WACA_BUILD\build\multidomain\TSV2_10_22\Timers_Build_Set\src\Proc_1\Pi_1\RP_0\ada_src\r.RP.PASS.adb,74
RP,FAIL,D:\WACA\DS\WACA_Apps\9SU050_WACA_991c_29_04_2024_SWATS\waca\SFU_WACA_BUILD\build\multidomain\TSV2_10_22\Timers_Build_Set\src\Proc_1\Pi_1\RP_0\ada_src\r.RP.FAIL.adb,148
RP,DD,D:\WACA\DS\WACA_Apps\9SU050_WACA_991c_29_04_2024_SWATS\waca\SFU_WACA_BUILD\build\multidomain\TSV2_10_22\Timers_Build_Set\src\Proc_1\Pi_1\RP_0\ada_src\r.RP.DD.adb,320
RP,UNSUPPORTED,D:\WACA\DS\WACA_Apps\9SU050_WACA_991c_29_04_2024_SWATS\waca\SFU_WACA_BUILD\build\multidomain\TSV2_10_22\Timers_Build_Set\src\Proc_1\Pi_1\RP_0\ada_src\r.RP.UNSUPPORTED.adb,394
RP,DUPLICATED,D:\WACA\DS\WACA_Apps\9SU050_WACA_991c_29_04_2024_SWATS\waca\SFU_WACA_BUILD\build\multidomain\TSV2_10_22\Timers_Build_Set\src\Proc_1\Pi_1\RP_0\ada_src\r.RP.DUPLICATED.adb,486
RP,RESULTS,D:\WACA\DS\WACA_Apps\9SU050_WACA_991c_29_04_2024_SWATS\waca\SFU_WACA_BUILD\build\multidomain\TSV2_10_22\Timers_Build_Set\src\Proc_1\Pi_1\RP_0\ada_src\r.RP.RESULTS.adb,602
RP,TD,D:\WACA\DS\WACA_Apps\9SU050_WACA_991c_29_04_2024_SWATS\waca\SFU_WACA_BUILD\build\multidomain\TSV2_10_22\Timers_Build_Set\src\Proc_1\Pi_1\RP_0\ada_src\r.RP.TD.adb,696
RP,RI,D:\WACA\DS\WACA_Apps\9SU050_WACA_991c_29_04_2024_SWATS\waca\SFU_WACA_BUILD\build\multidomain\TSV2_10_22\Timers_Build_Set\src\Proc_1\Pi_1\RP_0\ada_src\r.RP.RI.adb,770
RP,SC,D:\WACA\DS\WACA_Apps\9SU050_WACA_991c_29_04_2024_SWATS\waca\SFU_WACA_BUILD\build\multidomain\TSV2_10_22\Timers_Build_Set\src\Proc_1\Pi_1\RP_0\ada_src\r.RP.SC.adb,856
RP,TS,D:\WACA\DS\WACA_Apps\9SU050_WACA_991c_29_04_2024_SWATS\waca\SFU_WACA_BUILD\build\multidomain\TSV2_10_22\Timers_Build_Set\src\Proc_1\Pi_1\RP_0\ada_src\r.RP.TS.adb,1007
RP,REQS,D:\WACA\DS\WACA_Apps\9SU050_WACA_991c_29_04_2024_SWATS\waca\SFU_WACA_BUILD\build\multidomain\TSV2_10_22\Timers_Build_Set\src\Proc_1\Pi_1\RP_0\ada_src\r.RP.REQS.adb,1099
RP,RM,D:\WACA\DS\WACA_Apps\9SU050_WACA_991c_29_04_2024_SWATS\waca\SFU_WACA_BUILD\build\multidomain\TSV2_10_22\Timers_Build_Set\src\Proc_1\Pi_1\RP_0\ada_src\r.RP.RM.adb,1191
RP,DD,D:\WACA\DS\WACA_Apps\9SU050_WACA_991c_29_04_2024_SWATS\waca\SFU_WACA_BUILD\build\multidomain\TSV2_10_22\Timers_Build_Set\src\Proc_1\Pi_1\RP_0\ada_src\r.RP.DD.event_action.ada,9
RP,TS,D:\WACA\DS\WACA_Apps\9SU050_WACA_991c_29_04_2024_SWATS\waca\SFU_WACA_BUILD\build\multidomain\TSV2_10_22\Timers_Build_Set\src\Proc_1\Pi_1\RP_0\ada_src\r.RP.TS.event_action.ada,18
TT,RM,D:\WACA\DS\WACA_Apps\9SU050_WACA_991c_29_04_2024_SWATS\waca\SFU_WACA_BUILD\build\multidomain\TSV2_10_22\Timers_Build_Set\src\Proc_1\Pi_1\TT_0\ada_src\TT_domain_types.ads,23
TT,RM,D:\WACA\DS\WACA_Apps\9SU050_WACA_991c_29_04_2024_SWATS\waca\SFU_WACA_BUILD\build\multidomain\TSV2_10_22\Timers_Build_Set\src\Proc_1\Pi_1\TT_0\ada_src\TT_domain_types.adb,40
TT,RM,D:\WACA\DS\WACA_Apps\9SU050_WACA_991c_29_04_2024_SWATS\waca\SFU_WACA_BUILD\build\multidomain\TSV2_10_22\Timers_Build_Set\src\Proc_1\Pi_1\TT_0\ada_src\TT_registration.ads,2
TT,TR,D:\WACA\DS\WACA_Apps\9SU050_WACA_991c_29_04_2024_SWATS\waca\SFU_WACA_BUILD\build\multidomain\TSV2_10_22\Timers_Build_Set\src\Proc_1\Pi_1\TT_0\ada_src\TT_registration.adb,45
TT,TR,D:\WACA\DS\WACA_Apps\9SU050_WACA_991c_29_04_2024_SWATS\waca\SFU_WACA_BUILD\build\multidomain\TSV2_10_22\Timers_Build_Set\src\Proc_1\Pi_1\TT_0\ada_src\TT_rel_R2.ada,32
TT,TR,D:\WACA\DS\WACA_Apps\9SU050_WACA_991c_29_04_2024_SWATS\waca\SFU_WACA_BUILD\build\multidomain\TSV2_10_22\Timers_Build_Set\src\Proc_1\Pi_1\TT_0\ada_src\TT_rel_R1.ada,34
TT,TR,D:\WACA\DS\WACA_Apps\9SU050_WACA_991c_29_04_2024_SWATS\waca\SFU_WACA_BUILD\build\multidomain\TSV2_10_22\Timers_Build_Set\src\Proc_1\Pi_1\TT_0\ada_src\TT_rel_R3.ada,36
TT,TR,D:\WACA\DS\WACA_Apps\9SU050_WACA_991c_29_04_2024_SWATS\waca\SFU_WACA_BUILD\build\multidomain\TSV2_10_22\Timers_Build_Set\src\Proc_1\Pi_1\TT_0\ada_src\TT_rel_R4.ada,38
TT,TR,D:\WACA\DS\WACA_Apps\9SU050_WACA_991c_29_04_2024_SWATS\waca\SFU_WACA_BUILD\build\multidomain\TSV2_10_22\Timers_Build_Set\src\Proc_1\Pi_1\TT_0\ada_src\TT_domain_types.ops.ads,11
TT,TR,D:\WACA\DS\WACA_Apps\9SU050_WACA_991c_29_04_2024_SWATS\waca\SFU_WACA_BUILD\build\multidomain\TSV2_10_22\Timers_Build_Set\src\Proc_1\Pi_1\TT_0\ada_src\TT_domain_types.ops.adb,45
TT,TR,D:\WACA\DS\WACA_Apps\9SU050_WACA_991c_29_04_2024_SWATS\waca\SFU_WACA_BUILD\build\multidomain\TSV2_10_22\Timers_Build_Set\src\Proc_1\Pi_1\TT_0\ada_src\r.TT.ads,7
TT,T,D:\WACA\DS\WACA_Apps\9SU050_WACA_991c_29_04_2024_SWATS\waca\SFU_WACA_BUILD\build\multidomain\TSV2_10_22\Timers_Build_Set\src\Proc_1\Pi_1\TT_0\ada_src\r.TT.T.ads,67
TT,TS,D:\WACA\DS\WACA_Apps\9SU050_WACA_991c_29_04_2024_SWATS\waca\SFU_WACA_BUILD\build\multidomain\TSV2_10_22\Timers_Build_Set\src\Proc_1\Pi_1\TT_0\ada_src\r.TT.TS.ads,142
TT,BT,D:\WACA\DS\WACA_Apps\9SU050_WACA_991c_29_04_2024_SWATS\waca\SFU_WACA_BUILD\build\multidomain\TSV2_10_22\Timers_Build_Set\src\Proc_1\Pi_1\TT_0\ada_src\r.TT.BT.ads,225
TT,U,D:\WACA\DS\WACA_Apps\9SU050_WACA_991c_29_04_2024_SWATS\waca\SFU_WACA_BUILD\build\multidomain\TSV2_10_22\Timers_Build_Set\src\Proc_1\Pi_1\TT_0\ada_src\r.TT.U.ads,292
TT,RD,D:\WACA\DS\WACA_Apps\9SU050_WACA_991c_29_04_2024_SWATS\waca\SFU_WACA_BUILD\build\multidomain\TSV2_10_22\Timers_Build_Set\src\Proc_1\Pi_1\TT_0\ada_src\r.TT.RD.ads,323
TT,DT,D:\WACA\DS\WACA_Apps\9SU050_WACA_991c_29_04_2024_SWATS\waca\SFU_WACA_BUILD\build\multidomain\TSV2_10_22\Timers_Build_Set\src\Proc_1\Pi_1\TT_0\ada_src\r.TT.DT.ads,412
TT,RT,D:\WACA\DS\WACA_Apps\9SU050_WACA_991c_29_04_2024_SWATS\waca\SFU_WACA_BUILD\build\multidomain\TSV2_10_22\Timers_Build_Set\src\Proc_1\Pi_1\TT_0\ada_src\r.TT.RT.ads,501
TT,TR,D:\WACA\DS\WACA_Apps\9SU050_WACA_991c_29_04_2024_SWATS\waca\SFU_WACA_BUILD\build\multidomain\TSV2_10_22\Timers_Build_Set\src\Proc_1\Pi_1\TT_0\ada_src\r.TT.TR.ads,596
TT,T,D:\WACA\DS\WACA_Apps\9SU050_WACA_991c_29_04_2024_SWATS\waca\SFU_WACA_BUILD\build\multidomain\TSV2_10_22\Timers_Build_Set\src\Proc_1\Pi_1\TT_0\ada_src\r.TT.T.adb,102
TT,TS,D:\WACA\DS\WACA_Apps\9SU050_WACA_991c_29_04_2024_SWATS\waca\SFU_WACA_BUILD\build\multidomain\TSV2_10_22\Timers_Build_Set\src\Proc_1\Pi_1\TT_0\ada_src\r.TT.TS.adb,266
TT,BT,D:\WACA\DS\WACA_Apps\9SU050_WACA_991c_29_04_2024_SWATS\waca\SFU_WACA_BUILD\build\multidomain\TSV2_10_22\Timers_Build_Set\src\Proc_1\Pi_1\TT_0\ada_src\r.TT.BT.adb,471
TT,U,D:\WACA\DS\WACA_Apps\9SU050_WACA_991c_29_04_2024_SWATS\waca\SFU_WACA_BUILD\build\multidomain\TSV2_10_22\Timers_Build_Set\src\Proc_1\Pi_1\TT_0\ada_src\r.TT.U.adb,626
TT,RD,D:\WACA\DS\WACA_Apps\9SU050_WACA_991c_29_04_2024_SWATS\waca\SFU_WACA_BUILD\build\multidomain\TSV2_10_22\Timers_Build_Set\src\Proc_1\Pi_1\TT_0\ada_src\r.TT.RD.adb,700
TT,DT,D:\WACA\DS\WACA_Apps\9SU050_WACA_991c_29_04_2024_SWATS\waca\SFU_WACA_BUILD\build\multidomain\TSV2_10_22\Timers_Build_Set\src\Proc_1\Pi_1\TT_0\ada_src\r.TT.DT.adb,960
TT,RT,D:\WACA\DS\WACA_Apps\9SU050_WACA_991c_29_04_2024_SWATS\waca\SFU_WACA_BUILD\build\multidomain\TSV2_10_22\Timers_Build_Set\src\Proc_1\Pi_1\TT_0\ada_src\r.TT.RT.adb,1220
TT,TR,D:\WACA\DS\WACA_Apps\9SU050_WACA_991c_29_04_2024_SWATS\waca\SFU_WACA_BUILD\build\multidomain\TSV2_10_22\Timers_Build_Set\src\Proc_1\Pi_1\TT_0\ada_src\r.TT.TR.adb,1603
TT,T,D:\WACA\DS\WACA_Apps\9SU050_WACA_991c_29_04_2024_SWATS\waca\SFU_WACA_BUILD\build\multidomain\TSV2_10_22\Timers_Build_Set\src\Proc_1\Pi_1\TT_0\ada_src\r.TT.T.event_action.ada,13
TT,TS,D:\WACA\DS\WACA_Apps\9SU050_WACA_991c_29_04_2024_SWATS\waca\SFU_WACA_BUILD\build\multidomain\TSV2_10_22\Timers_Build_Set\src\Proc_1\Pi_1\TT_0\ada_src\r.TT.TS.event_action.ada,22
TT,BT,D:\WACA\DS\WACA_Apps\9SU050_WACA_991c_29_04_2024_SWATS\waca\SFU_WACA_BUILD\build\multidomain\TSV2_10_22\Timers_Build_Set\src\Proc_1\Pi_1\TT_0\ada_src\r.TT.BT.event_action.ada,31
TT,U,D:\WACA\DS\WACA_Apps\9SU050_WACA_991c_29_04_2024_SWATS\waca\SFU_WACA_BUILD\build\multidomain\TSV2_10_22\Timers_Build_Set\src\Proc_1\Pi_1\TT_0\ada_src\r.TT.U.event_action.ada,40
TT,DT,D:\WACA\DS\WACA_Apps\9SU050_WACA_991c_29_04_2024_SWATS\waca\SFU_WACA_BUILD\build\multidomain\TSV2_10_22\Timers_Build_Set\src\Proc_1\Pi_1\TT_0\ada_src\r.TT.DT.event_action.ada,49
TT,RT,D:\WACA\DS\WACA_Apps\9SU050_WACA_991c_29_04_2024_SWATS\waca\SFU_WACA_BUILD\build\multidomain\TSV2_10_22\Timers_Build_Set\src\Proc_1\Pi_1\TT_0\ada_src\r.TT.RT.event_action.ada,58
TT,TR,D:\WACA\DS\WACA_Apps\9SU050_WACA_991c_29_04_2024_SWATS\waca\SFU_WACA_BUILD\build\multidomain\TSV2_10_22\Timers_Build_Set\src\Proc_1\Pi_1\TT_0\ada_src\r.TT.TR.event_action.ada,67
FTE,TR,D:\WACA\DS\WACA_Apps\9SU050_WACA_991c_29_04_2024_SWATS\waca\SFU_WACA_BUILD\build\multidomain\TSV2_10_22\Timers_Build_Set\src\Proc_1\Pi_1\FTE_0\ada_src\FTE_registration.ads,2
FTE,ENV,D:\WACA\DS\WACA_Apps\9SU050_WACA_991c_29_04_2024_SWATS\waca\SFU_WACA_BUILD\build\multidomain\TSV2_10_22\Timers_Build_Set\src\Proc_1\Pi_1\FTE_0\ada_src\FTE_registration.adb,8
FTE,ENV,D:\WACA\DS\WACA_Apps\9SU050_WACA_991c_29_04_2024_SWATS\waca\SFU_WACA_BUILD\build\multidomain\TSV2_10_22\Timers_Build_Set\src\Proc_1\Pi_1\FTE_0\ada_src\r.FTE.ads,6
FTE,ENV,D:\WACA\DS\WACA_Apps\9SU050_WACA_991c_29_04_2024_SWATS\waca\SFU_WACA_BUILD\build\multidomain\TSV2_10_22\Timers_Build_Set\src\Proc_1\Pi_1\FTE_0\ada_src\r.FTE.ENV.ads,25
FTE,ENV,D:\WACA\DS\WACA_Apps\9SU050_WACA_991c_29_04_2024_SWATS\waca\SFU_WACA_BUILD\build\multidomain\TSV2_10_22\Timers_Build_Set\src\Proc_1\Pi_1\FTE_0\ada_src\r.FTE.ENV.adb,69
FTE,ENV,D:\WACA\DS\WACA_Apps\9SU050_WACA_991c_29_04_2024_SWATS\waca\SFU_WACA_BUILD\build\multidomain\TSV2_10_22\Timers_Build_Set\meta_instances\gps_ada_buildfile\timers_1a_Dos.gpr,21
