,,D:\WACA\DS\WACA_Apps\WACA_c_RECURSE\waca\SFU_WACA_BUILD\build\multidomain\TSV2_10_14\Tags_BSet\src\Proc_1\Pi_1\interface_ada_src\NXUML_TIM_incomingcallhookup.ads,3
,,D:\WACA\DS\WACA_Apps\WACA_c_RECURSE\waca\SFU_WACA_BUILD\build\multidomain\TSV2_10_14\Tags_BSet\src\Proc_1\Pi_1\interface_ada_src\NXUML_TIM_incomingcallhookup.adb,5
,,D:\WACA\DS\WACA_Apps\WACA_c_RECURSE\waca\SFU_WACA_BUILD\build\multidomain\TSV2_10_14\Tags_BSet\src\Proc_1\Pi_1\interface_ada_src\NXUML_TIM_comms_registration.ads,2
,,D:\WACA\DS\WACA_Apps\WACA_c_RECURSE\waca\SFU_WACA_BUILD\build\multidomain\TSV2_10_14\Tags_BSet\src\Proc_1\Pi_1\interface_ada_src\RP_comms_registration.ads,4
,,D:\WACA\DS\WACA_Apps\WACA_c_RECURSE\waca\SFU_WACA_BUILD\build\multidomain\TSV2_10_14\Tags_BSet\src\Proc_1\Pi_1\interface_ada_src\TAGS_comms_registration.ads,6
,,D:\WACA\DS\WACA_Apps\WACA_c_RECURSE\waca\SFU_WACA_BUILD\build\multidomain\TSV2_10_14\Tags_BSet\src\Proc_1\Pi_1\interface_ada_src\FTE_comms_registration.ads,8
,,D:\WACA\DS\WACA_Apps\WACA_c_RECURSE\waca\SFU_WACA_BUILD\build\multidomain\TSV2_10_14\Tags_BSet\src\Proc_1\Pi_1\interface_ada_src\NXUML_TIM_comms_registration.adb,5
,,D:\WACA\DS\WACA_Apps\WACA_c_RECURSE\waca\SFU_WACA_BUILD\build\multidomain\TSV2_10_14\Tags_BSet\src\Proc_1\Pi_1\interface_ada_src\RP_comms_registration.adb,10
,,D:\WACA\DS\WACA_Apps\WACA_c_RECURSE\waca\SFU_WACA_BUILD\build\multidomain\TSV2_10_14\Tags_BSet\src\Proc_1\Pi_1\interface_ada_src\TAGS_comms_registration.adb,15
,,D:\WACA\DS\WACA_Apps\WACA_c_RECURSE\waca\SFU_WACA_BUILD\build\multidomain\TSV2_10_14\Tags_BSet\src\Proc_1\Pi_1\interface_ada_src\FTE_comms_registration.adb,20
,,D:\WACA\DS\WACA_Apps\WACA_c_RECURSE\waca\SFU_WACA_BUILD\build\multidomain\TSV2_10_14\Tags_BSet\src\Proc_1\Pi_1\interface_support_ada_src\build_id.ads,1
,,D:\WACA\DS\WACA_Apps\WACA_c_RECURSE\waca\SFU_WACA_BUILD\build\multidomain\TSV2_10_14\Tags_BSet\src\Proc_1\Pi_1\interface_support_ada_src\comms-constants-priorities.ads,2
,,D:\WACA\DS\WACA_Apps\WACA_c_RECURSE\waca\SFU_WACA_BUILD\build\multidomain\TSV2_10_14\Tags_BSet\src\Proc_1\Pi_2\interface_delphi_src\compiler_directives.txt,0
,,D:\WACA\DS\WACA_Apps\WACA_c_RECURSE\waca\SFU_WACA_BUILD\build\multidomain\TSV2_10_14\Tags_BSet\src\Proc_1\Pi_1\interface_ada_src\preprocessor.txt,0
,,D:\WACA\DS\WACA_Apps\WACA_c_RECURSE\waca\SFU_WACA_BUILD\build\multidomain\TSV2_10_14\Tags_BSet\src\Proc_1\Pi_1\interface_support_ada_src\comms-constants-buffer.ads,11
,,D:\WACA\DS\WACA_Apps\WACA_c_RECURSE\waca\SFU_WACA_BUILD\build\multidomain\TSV2_10_14\Tags_BSet\src\Proc_1\Pi_1\common_ada_src\application_types.ads,41
,,D:\WACA\DS\WACA_Apps\WACA_c_RECURSE\waca\SFU_WACA_BUILD\build\multidomain\TSV2_10_14\Tags_BSet\src\Proc_1\Pi_1\common_ada_src\application_types.adb,117
,,D:\WACA\DS\WACA_Apps\WACA_c_RECURSE\waca\SFU_WACA_BUILD\build\multidomain\TSV2_10_14\Tags_BSet\src\Proc_1\Pi_1\clock_ada_src\gettime.ads,6
,,D:\WACA\DS\WACA_Apps\WACA_c_RECURSE\waca\SFU_WACA_BUILD\build\multidomain\TSV2_10_14\Tags_BSet\src\Proc_1\Pi_1\clock_ada_src\gettime.adb,11
,,D:\WACA\DS\WACA_Apps\WACA_c_RECURSE\waca\SFU_WACA_BUILD\build\multidomain\TSV2_10_14\Tags_BSet\src\Proc_1\Pi_1\clock_ada_src\timer.ads,14
,,D:\WACA\DS\WACA_Apps\WACA_c_RECURSE\waca\SFU_WACA_BUILD\build\multidomain\TSV2_10_14\Tags_BSet\src\Proc_1\Pi_1\clock_ada_src\timer.adb,99
,,D:\WACA\DS\WACA_Apps\WACA_c_RECURSE\waca\SFU_WACA_BUILD\build\multidomain\TSV2_10_14\Tags_BSet\src\Proc_1\Pi_1\clock_ada_src\clock.ads,3
,,D:\WACA\DS\WACA_Apps\WACA_c_RECURSE\waca\SFU_WACA_BUILD\build\multidomain\TSV2_10_14\Tags_BSet\src\Proc_1\Pi_1\clock_ada_src\clock_types.ads,9
,,D:\WACA\DS\WACA_Apps\WACA_c_RECURSE\waca\SFU_WACA_BUILD\build\multidomain\TSV2_10_14\Tags_BSet\src\Proc_1\Pi_1\clock_ada_src\clock_types.adb,11
,,D:\WACA\DS\WACA_Apps\WACA_c_RECURSE\waca\SFU_WACA_BUILD\build\multidomain\TSV2_10_14\Tags_BSet\src\Proc_1\Pi_1\common_ada_src\application_control.ada,16
,,D:\WACA\DS\WACA_Apps\WACA_c_RECURSE\waca\SFU_WACA_BUILD\build\multidomain\TSV2_10_14\Tags_BSet\src\Proc_1\Pi_1\common_ada_src\log.adb,24
,,D:\WACA\DS\WACA_Apps\WACA_c_RECURSE\waca\SFU_WACA_BUILD\build\multidomain\TSV2_10_14\Tags_BSet\src\Proc_1\Pi_1\common_ada_src\log.ads,23
,,D:\WACA\DS\WACA_Apps\WACA_c_RECURSE\waca\SFU_WACA_BUILD\build\multidomain\TSV2_10_14\Tags_BSet\src\Proc_1\Pi_1\mechanism_ada_src\application_queue.adb,13
RP,,D:\WACA\DS\WACA_Apps\WACA_c_RECURSE\waca\SFU_WACA_BUILD\build\multidomain\TSV2_10_14\Tags_BSet\src\Proc_1\Pi_1\RP_0\ada_src\RP_domain_types.ads,65
RP,,D:\WACA\DS\WACA_Apps\WACA_c_RECURSE\waca\SFU_WACA_BUILD\build\multidomain\TSV2_10_14\Tags_BSet\src\Proc_1\Pi_1\RP_0\ada_src\RP_domain_types.adb,118
RP,,D:\WACA\DS\WACA_Apps\WACA_c_RECURSE\waca\SFU_WACA_BUILD\build\multidomain\TSV2_10_14\Tags_BSet\src\Proc_1\Pi_1\RP_0\ada_src\RP_registration.ads,2
RP,RM,D:\WACA\DS\WACA_Apps\WACA_c_RECURSE\waca\SFU_WACA_BUILD\build\multidomain\TSV2_10_14\Tags_BSet\src\Proc_1\Pi_1\RP_0\ada_src\RP_registration.adb,96
RP,RM,D:\WACA\DS\WACA_Apps\WACA_c_RECURSE\waca\SFU_WACA_BUILD\build\multidomain\TSV2_10_14\Tags_BSet\src\Proc_1\Pi_1\RP_0\ada_src\RP_rel_R1.ada,2
RP,RM,D:\WACA\DS\WACA_Apps\WACA_c_RECURSE\waca\SFU_WACA_BUILD\build\multidomain\TSV2_10_14\Tags_BSet\src\Proc_1\Pi_1\RP_0\ada_src\RP_rel_R2.ada,4
RP,RM,D:\WACA\DS\WACA_Apps\WACA_c_RECURSE\waca\SFU_WACA_BUILD\build\multidomain\TSV2_10_14\Tags_BSet\src\Proc_1\Pi_1\RP_0\ada_src\RP_rel_R3.ada,6
RP,RM,D:\WACA\DS\WACA_Apps\WACA_c_RECURSE\waca\SFU_WACA_BUILD\build\multidomain\TSV2_10_14\Tags_BSet\src\Proc_1\Pi_1\RP_0\ada_src\RP_rel_R4.ada,8
RP,RM,D:\WACA\DS\WACA_Apps\WACA_c_RECURSE\waca\SFU_WACA_BUILD\build\multidomain\TSV2_10_14\Tags_BSet\src\Proc_1\Pi_1\RP_0\ada_src\RP_rel_R8.ada,10
RP,RM,D:\WACA\DS\WACA_Apps\WACA_c_RECURSE\waca\SFU_WACA_BUILD\build\multidomain\TSV2_10_14\Tags_BSet\src\Proc_1\Pi_1\RP_0\ada_src\RP_rel_R6.ada,12
RP,RM,D:\WACA\DS\WACA_Apps\WACA_c_RECURSE\waca\SFU_WACA_BUILD\build\multidomain\TSV2_10_14\Tags_BSet\src\Proc_1\Pi_1\RP_0\ada_src\RP_rel_R7.ada,14
RP,RM,D:\WACA\DS\WACA_Apps\WACA_c_RECURSE\waca\SFU_WACA_BUILD\build\multidomain\TSV2_10_14\Tags_BSet\src\Proc_1\Pi_1\RP_0\ada_src\RP_rel_R10.ada,16
RP,RM,D:\WACA\DS\WACA_Apps\WACA_c_RECURSE\waca\SFU_WACA_BUILD\build\multidomain\TSV2_10_14\Tags_BSet\src\Proc_1\Pi_1\RP_0\ada_src\RP_rel_R11.ada,18
RP,RM,D:\WACA\DS\WACA_Apps\WACA_c_RECURSE\waca\SFU_WACA_BUILD\build\multidomain\TSV2_10_14\Tags_BSet\src\Proc_1\Pi_1\RP_0\ada_src\RP_rel_R12.ada,20
RP,RM,D:\WACA\DS\WACA_Apps\WACA_c_RECURSE\waca\SFU_WACA_BUILD\build\multidomain\TSV2_10_14\Tags_BSet\src\Proc_1\Pi_1\RP_0\ada_src\RP_rel_R9.ada,22
RP,RM,D:\WACA\DS\WACA_Apps\WACA_c_RECURSE\waca\SFU_WACA_BUILD\build\multidomain\TSV2_10_14\Tags_BSet\src\Proc_1\Pi_1\RP_0\ada_src\RP_domain_types.ops.ads,31
RP,RM,D:\WACA\DS\WACA_Apps\WACA_c_RECURSE\waca\SFU_WACA_BUILD\build\multidomain\TSV2_10_14\Tags_BSet\src\Proc_1\Pi_1\RP_0\ada_src\RP_domain_types.ops.adb,127
RP,RM,D:\WACA\DS\WACA_Apps\WACA_c_RECURSE\waca\SFU_WACA_BUILD\build\multidomain\TSV2_10_14\Tags_BSet\src\Proc_1\Pi_1\RP_0\ada_src\r.RP.ads,7
RP,PASS,D:\WACA\DS\WACA_Apps\WACA_c_RECURSE\waca\SFU_WACA_BUILD\build\multidomain\TSV2_10_14\Tags_BSet\src\Proc_1\Pi_1\RP_0\ada_src\r.RP.PASS.ads,32
RP,FAIL,D:\WACA\DS\WACA_Apps\WACA_c_RECURSE\waca\SFU_WACA_BUILD\build\multidomain\TSV2_10_14\Tags_BSet\src\Proc_1\Pi_1\RP_0\ada_src\r.RP.FAIL.ads,64
RP,DD,D:\WACA\DS\WACA_Apps\WACA_c_RECURSE\waca\SFU_WACA_BUILD\build\multidomain\TSV2_10_14\Tags_BSet\src\Proc_1\Pi_1\RP_0\ada_src\r.RP.DD.ads,170
RP,UNSUPPORTED,D:\WACA\DS\WACA_Apps\WACA_c_RECURSE\waca\SFU_WACA_BUILD\build\multidomain\TSV2_10_14\Tags_BSet\src\Proc_1\Pi_1\RP_0\ada_src\r.RP.UNSUPPORTED.ads,202
RP,DUPLICATED,D:\WACA\DS\WACA_Apps\WACA_c_RECURSE\waca\SFU_WACA_BUILD\build\multidomain\TSV2_10_14\Tags_BSet\src\Proc_1\Pi_1\RP_0\ada_src\r.RP.DUPLICATED.ads,252
RP,RESULTS,D:\WACA\DS\WACA_Apps\WACA_c_RECURSE\waca\SFU_WACA_BUILD\build\multidomain\TSV2_10_14\Tags_BSet\src\Proc_1\Pi_1\RP_0\ada_src\r.RP.RESULTS.ads,326
RP,TD,D:\WACA\DS\WACA_Apps\WACA_c_RECURSE\waca\SFU_WACA_BUILD\build\multidomain\TSV2_10_14\Tags_BSet\src\Proc_1\Pi_1\RP_0\ada_src\r.RP.TD.ads,386
RP,RI,D:\WACA\DS\WACA_Apps\WACA_c_RECURSE\waca\SFU_WACA_BUILD\build\multidomain\TSV2_10_14\Tags_BSet\src\Proc_1\Pi_1\RP_0\ada_src\r.RP.RI.ads,418
RP,SC,D:\WACA\DS\WACA_Apps\WACA_c_RECURSE\waca\SFU_WACA_BUILD\build\multidomain\TSV2_10_14\Tags_BSet\src\Proc_1\Pi_1\RP_0\ada_src\r.RP.SC.ads,462
RP,TS,D:\WACA\DS\WACA_Apps\WACA_c_RECURSE\waca\SFU_WACA_BUILD\build\multidomain\TSV2_10_14\Tags_BSet\src\Proc_1\Pi_1\RP_0\ada_src\r.RP.TS.ads,533
RP,REQS,D:\WACA\DS\WACA_Apps\WACA_c_RECURSE\waca\SFU_WACA_BUILD\build\multidomain\TSV2_10_14\Tags_BSet\src\Proc_1\Pi_1\RP_0\ada_src\r.RP.REQS.ads,583
RP,RM,D:\WACA\DS\WACA_Apps\WACA_c_RECURSE\waca\SFU_WACA_BUILD\build\multidomain\TSV2_10_14\Tags_BSet\src\Proc_1\Pi_1\RP_0\ada_src\r.RP.RM.ads,633
RP,PASS,D:\WACA\DS\WACA_Apps\WACA_c_RECURSE\waca\SFU_WACA_BUILD\build\multidomain\TSV2_10_14\Tags_BSet\src\Proc_1\Pi_1\RP_0\ada_src\r.RP.PASS.adb,74
RP,FAIL,D:\WACA\DS\WACA_Apps\WACA_c_RECURSE\waca\SFU_WACA_BUILD\build\multidomain\TSV2_10_14\Tags_BSet\src\Proc_1\Pi_1\RP_0\ada_src\r.RP.FAIL.adb,148
RP,DD,D:\WACA\DS\WACA_Apps\WACA_c_RECURSE\waca\SFU_WACA_BUILD\build\multidomain\TSV2_10_14\Tags_BSet\src\Proc_1\Pi_1\RP_0\ada_src\r.RP.DD.adb,320
RP,UNSUPPORTED,D:\WACA\DS\WACA_Apps\WACA_c_RECURSE\waca\SFU_WACA_BUILD\build\multidomain\TSV2_10_14\Tags_BSet\src\Proc_1\Pi_1\RP_0\ada_src\r.RP.UNSUPPORTED.adb,394
RP,DUPLICATED,D:\WACA\DS\WACA_Apps\WACA_c_RECURSE\waca\SFU_WACA_BUILD\build\multidomain\TSV2_10_14\Tags_BSet\src\Proc_1\Pi_1\RP_0\ada_src\r.RP.DUPLICATED.adb,486
RP,RESULTS,D:\WACA\DS\WACA_Apps\WACA_c_RECURSE\waca\SFU_WACA_BUILD\build\multidomain\TSV2_10_14\Tags_BSet\src\Proc_1\Pi_1\RP_0\ada_src\r.RP.RESULTS.adb,602
RP,TD,D:\WACA\DS\WACA_Apps\WACA_c_RECURSE\waca\SFU_WACA_BUILD\build\multidomain\TSV2_10_14\Tags_BSet\src\Proc_1\Pi_1\RP_0\ada_src\r.RP.TD.adb,696
RP,RI,D:\WACA\DS\WACA_Apps\WACA_c_RECURSE\waca\SFU_WACA_BUILD\build\multidomain\TSV2_10_14\Tags_BSet\src\Proc_1\Pi_1\RP_0\ada_src\r.RP.RI.adb,770
RP,SC,D:\WACA\DS\WACA_Apps\WACA_c_RECURSE\waca\SFU_WACA_BUILD\build\multidomain\TSV2_10_14\Tags_BSet\src\Proc_1\Pi_1\RP_0\ada_src\r.RP.SC.adb,856
RP,TS,D:\WACA\DS\WACA_Apps\WACA_c_RECURSE\waca\SFU_WACA_BUILD\build\multidomain\TSV2_10_14\Tags_BSet\src\Proc_1\Pi_1\RP_0\ada_src\r.RP.TS.adb,1007
RP,REQS,D:\WACA\DS\WACA_Apps\WACA_c_RECURSE\waca\SFU_WACA_BUILD\build\multidomain\TSV2_10_14\Tags_BSet\src\Proc_1\Pi_1\RP_0\ada_src\r.RP.REQS.adb,1099
RP,RM,D:\WACA\DS\WACA_Apps\WACA_c_RECURSE\waca\SFU_WACA_BUILD\build\multidomain\TSV2_10_14\Tags_BSet\src\Proc_1\Pi_1\RP_0\ada_src\r.RP.RM.adb,1191
RP,DD,D:\WACA\DS\WACA_Apps\WACA_c_RECURSE\waca\SFU_WACA_BUILD\build\multidomain\TSV2_10_14\Tags_BSet\src\Proc_1\Pi_1\RP_0\ada_src\r.RP.DD.event_action.ada,9
RP,TS,D:\WACA\DS\WACA_Apps\WACA_c_RECURSE\waca\SFU_WACA_BUILD\build\multidomain\TSV2_10_14\Tags_BSet\src\Proc_1\Pi_1\RP_0\ada_src\r.RP.TS.event_action.ada,18
TAGS,RM,D:\WACA\DS\WACA_Apps\WACA_c_RECURSE\waca\SFU_WACA_BUILD\build\multidomain\TSV2_10_14\Tags_BSet\src\Proc_1\Pi_1\TAGS_0\ada_src\TAGS_domain_types.ads,12
TAGS,RM,D:\WACA\DS\WACA_Apps\WACA_c_RECURSE\waca\SFU_WACA_BUILD\build\multidomain\TSV2_10_14\Tags_BSet\src\Proc_1\Pi_1\TAGS_0\ada_src\TAGS_registration.ads,2
TAGS,JM,D:\WACA\DS\WACA_Apps\WACA_c_RECURSE\waca\SFU_WACA_BUILD\build\multidomain\TSV2_10_14\Tags_BSet\src\Proc_1\Pi_1\TAGS_0\ada_src\TAGS_registration.adb,76
TAGS,JM,D:\WACA\DS\WACA_Apps\WACA_c_RECURSE\waca\SFU_WACA_BUILD\build\multidomain\TSV2_10_14\Tags_BSet\src\Proc_1\Pi_1\TAGS_0\ada_src\TAGS_rel_R4.ada,23
TAGS,JM,D:\WACA\DS\WACA_Apps\WACA_c_RECURSE\waca\SFU_WACA_BUILD\build\multidomain\TSV2_10_14\Tags_BSet\src\Proc_1\Pi_1\TAGS_0\ada_src\TAGS_rel_R6.ada,49
TAGS,JM,D:\WACA\DS\WACA_Apps\WACA_c_RECURSE\waca\SFU_WACA_BUILD\build\multidomain\TSV2_10_14\Tags_BSet\src\Proc_1\Pi_1\TAGS_0\ada_src\TAGS_rel_R1.ada,51
TAGS,JM,D:\WACA\DS\WACA_Apps\WACA_c_RECURSE\waca\SFU_WACA_BUILD\build\multidomain\TSV2_10_14\Tags_BSet\src\Proc_1\Pi_1\TAGS_0\ada_src\TAGS_rel_R2.ada,53
TAGS,JM,D:\WACA\DS\WACA_Apps\WACA_c_RECURSE\waca\SFU_WACA_BUILD\build\multidomain\TSV2_10_14\Tags_BSet\src\Proc_1\Pi_1\TAGS_0\ada_src\TAGS_rel_R3.ada,55
TAGS,JM,D:\WACA\DS\WACA_Apps\WACA_c_RECURSE\waca\SFU_WACA_BUILD\build\multidomain\TSV2_10_14\Tags_BSet\src\Proc_1\Pi_1\TAGS_0\ada_src\TAGS_rel_R5.ada,57
TAGS,JM,D:\WACA\DS\WACA_Apps\WACA_c_RECURSE\waca\SFU_WACA_BUILD\build\multidomain\TSV2_10_14\Tags_BSet\src\Proc_1\Pi_1\TAGS_0\ada_src\r.TAGS.ads,7
TAGS,AAO,D:\WACA\DS\WACA_Apps\WACA_c_RECURSE\waca\SFU_WACA_BUILD\build\multidomain\TSV2_10_14\Tags_BSet\src\Proc_1\Pi_1\TAGS_0\ada_src\r.TAGS.AAO.ads,62
TAGS,APSO,D:\WACA\DS\WACA_Apps\WACA_c_RECURSE\waca\SFU_WACA_BUILD\build\multidomain\TSV2_10_14\Tags_BSet\src\Proc_1\Pi_1\TAGS_0\ada_src\r.TAGS.APSO.ads,88
TAGS,APAOOO,D:\WACA\DS\WACA_Apps\WACA_c_RECURSE\waca\SFU_WACA_BUILD\build\multidomain\TSV2_10_14\Tags_BSet\src\Proc_1\Pi_1\TAGS_0\ada_src\r.TAGS.APAOOO.ads,108
TAGS,RD,D:\WACA\DS\WACA_Apps\WACA_c_RECURSE\waca\SFU_WACA_BUILD\build\multidomain\TSV2_10_14\Tags_BSet\src\Proc_1\Pi_1\TAGS_0\ada_src\r.TAGS.RD.ads,133
TAGS,CHECK,D:\WACA\DS\WACA_Apps\WACA_c_RECURSE\waca\SFU_WACA_BUILD\build\multidomain\TSV2_10_14\Tags_BSet\src\Proc_1\Pi_1\TAGS_0\ada_src\r.TAGS.CHECK.ads,191
TAGS,TD,D:\WACA\DS\WACA_Apps\WACA_c_RECURSE\waca\SFU_WACA_BUILD\build\multidomain\TSV2_10_14\Tags_BSet\src\Proc_1\Pi_1\TAGS_0\ada_src\r.TAGS.TD.ads,252
TAGS,AAAOOO,D:\WACA\DS\WACA_Apps\WACA_c_RECURSE\waca\SFU_WACA_BUILD\build\multidomain\TSV2_10_14\Tags_BSet\src\Proc_1\Pi_1\TAGS_0\ada_src\r.TAGS.AAAOOO.ads,320
TAGS,AAAOTO,D:\WACA\DS\WACA_Apps\WACA_c_RECURSE\waca\SFU_WACA_BUILD\build\multidomain\TSV2_10_14\Tags_BSet\src\Proc_1\Pi_1\TAGS_0\ada_src\r.TAGS.AAAOTO.ads,388
TAGS,APAOTO,D:\WACA\DS\WACA_Apps\WACA_c_RECURSE\waca\SFU_WACA_BUILD\build\multidomain\TSV2_10_14\Tags_BSet\src\Proc_1\Pi_1\TAGS_0\ada_src\r.TAGS.APAOTO.ads,408
TAGS,STO,D:\WACA\DS\WACA_Apps\WACA_c_RECURSE\waca\SFU_WACA_BUILD\build\multidomain\TSV2_10_14\Tags_BSet\src\Proc_1\Pi_1\TAGS_0\ada_src\r.TAGS.STO.ads,440
TAGS,MTO,D:\WACA\DS\WACA_Apps\WACA_c_RECURSE\waca\SFU_WACA_BUILD\build\multidomain\TSV2_10_14\Tags_BSet\src\Proc_1\Pi_1\TAGS_0\ada_src\r.TAGS.MTO.ads,473
TAGS,ATSO,D:\WACA\DS\WACA_Apps\WACA_c_RECURSE\waca\SFU_WACA_BUILD\build\multidomain\TSV2_10_14\Tags_BSet\src\Proc_1\Pi_1\TAGS_0\ada_src\r.TAGS.ATSO.ads,535
TAGS,ATMO,D:\WACA\DS\WACA_Apps\WACA_c_RECURSE\waca\SFU_WACA_BUILD\build\multidomain\TSV2_10_14\Tags_BSet\src\Proc_1\Pi_1\TAGS_0\ada_src\r.TAGS.ATMO.ads,598
TAGS,TM_LEFT,D:\WACA\DS\WACA_Apps\WACA_c_RECURSE\waca\SFU_WACA_BUILD\build\multidomain\TSV2_10_14\Tags_BSet\src\Proc_1\Pi_1\TAGS_0\ada_src\r.TAGS.TM_LEFT.ads,624
TAGS,TM_RIGHT,D:\WACA\DS\WACA_Apps\WACA_c_RECURSE\waca\SFU_WACA_BUILD\build\multidomain\TSV2_10_14\Tags_BSet\src\Proc_1\Pi_1\TAGS_0\ada_src\r.TAGS.TM_RIGHT.ads,650
TAGS,TS_ASSOC,D:\WACA\DS\WACA_Apps\WACA_c_RECURSE\waca\SFU_WACA_BUILD\build\multidomain\TSV2_10_14\Tags_BSet\src\Proc_1\Pi_1\TAGS_0\ada_src\r.TAGS.TS_ASSOC.ads,687
TAGS,TAG_SUPER,D:\WACA\DS\WACA_Apps\WACA_c_RECURSE\waca\SFU_WACA_BUILD\build\multidomain\TSV2_10_14\Tags_BSet\src\Proc_1\Pi_1\TAGS_0\ada_src\r.TAGS.TAG_SUPER.ads,738
TAGS,SUB_ONE,D:\WACA\DS\WACA_Apps\WACA_c_RECURSE\waca\SFU_WACA_BUILD\build\multidomain\TSV2_10_14\Tags_BSet\src\Proc_1\Pi_1\TAGS_0\ada_src\r.TAGS.SUB_ONE.ads,777
TAGS,SUB_TWO,D:\WACA\DS\WACA_Apps\WACA_c_RECURSE\waca\SFU_WACA_BUILD\build\multidomain\TSV2_10_14\Tags_BSet\src\Proc_1\Pi_1\TAGS_0\ada_src\r.TAGS.SUB_TWO.ads,815
TAGS,SGR,D:\WACA\DS\WACA_Apps\WACA_c_RECURSE\waca\SFU_WACA_BUILD\build\multidomain\TSV2_10_14\Tags_BSet\src\Proc_1\Pi_1\TAGS_0\ada_src\r.TAGS.SGR.ads,859
TAGS,MGR,D:\WACA\DS\WACA_Apps\WACA_c_RECURSE\waca\SFU_WACA_BUILD\build\multidomain\TSV2_10_14\Tags_BSet\src\Proc_1\Pi_1\TAGS_0\ada_src\r.TAGS.MGR.ads,885
TAGS,ATML,D:\WACA\DS\WACA_Apps\WACA_c_RECURSE\waca\SFU_WACA_BUILD\build\multidomain\TSV2_10_14\Tags_BSet\src\Proc_1\Pi_1\TAGS_0\ada_src\r.TAGS.ATML.ads,941
TAGS,ATMR,D:\WACA\DS\WACA_Apps\WACA_c_RECURSE\waca\SFU_WACA_BUILD\build\multidomain\TSV2_10_14\Tags_BSet\src\Proc_1\Pi_1\TAGS_0\ada_src\r.TAGS.ATMR.ads,997
TAGS,ATSASSOC,D:\WACA\DS\WACA_Apps\WACA_c_RECURSE\waca\SFU_WACA_BUILD\build\multidomain\TSV2_10_14\Tags_BSet\src\Proc_1\Pi_1\TAGS_0\ada_src\r.TAGS.ATSASSOC.ads,1052
TAGS,ATSUPER,D:\WACA\DS\WACA_Apps\WACA_c_RECURSE\waca\SFU_WACA_BUILD\build\multidomain\TSV2_10_14\Tags_BSet\src\Proc_1\Pi_1\TAGS_0\ada_src\r.TAGS.ATSUPER.ads,1114
TAGS,ATSUBONE,D:\WACA\DS\WACA_Apps\WACA_c_RECURSE\waca\SFU_WACA_BUILD\build\multidomain\TSV2_10_14\Tags_BSet\src\Proc_1\Pi_1\TAGS_0\ada_src\r.TAGS.ATSUBONE.ads,1183
TAGS,ATSUBTWO,D:\WACA\DS\WACA_Apps\WACA_c_RECURSE\waca\SFU_WACA_BUILD\build\multidomain\TSV2_10_14\Tags_BSet\src\Proc_1\Pi_1\TAGS_0\ada_src\r.TAGS.ATSUBTWO.ads,1252
TAGS,ATSUBTHREE,D:\WACA\DS\WACA_Apps\WACA_c_RECURSE\waca\SFU_WACA_BUILD\build\multidomain\TSV2_10_14\Tags_BSet\src\Proc_1\Pi_1\TAGS_0\ada_src\r.TAGS.ATSUBTHREE.ads,1321
TAGS,MSGR,D:\WACA\DS\WACA_Apps\WACA_c_RECURSE\waca\SFU_WACA_BUILD\build\multidomain\TSV2_10_14\Tags_BSet\src\Proc_1\Pi_1\TAGS_0\ada_src\r.TAGS.MSGR.ads,1353
TAGS,ASO,D:\WACA\DS\WACA_Apps\WACA_c_RECURSE\waca\SFU_WACA_BUILD\build\multidomain\TSV2_10_14\Tags_BSet\src\Proc_1\Pi_1\TAGS_0\ada_src\r.TAGS.ASO.ads,1371
TAGS,ASSO,D:\WACA\DS\WACA_Apps\WACA_c_RECURSE\waca\SFU_WACA_BUILD\build\multidomain\TSV2_10_14\Tags_BSet\src\Proc_1\Pi_1\TAGS_0\ada_src\r.TAGS.ASSO.ads,1390
TAGS,AMSO,D:\WACA\DS\WACA_Apps\WACA_c_RECURSE\waca\SFU_WACA_BUILD\build\multidomain\TSV2_10_14\Tags_BSet\src\Proc_1\Pi_1\TAGS_0\ada_src\r.TAGS.AMSO.ads,1409
TAGS,JM,D:\WACA\DS\WACA_Apps\WACA_c_RECURSE\waca\SFU_WACA_BUILD\build\multidomain\TSV2_10_14\Tags_BSet\src\Proc_1\Pi_1\TAGS_0\ada_src\r.TAGS.JM.ads,1429
TAGS,AAO,D:\WACA\DS\WACA_Apps\WACA_c_RECURSE\waca\SFU_WACA_BUILD\build\multidomain\TSV2_10_14\Tags_BSet\src\Proc_1\Pi_1\TAGS_0\ada_src\r.TAGS.AAO.adb,133
TAGS,APSO,D:\WACA\DS\WACA_Apps\WACA_c_RECURSE\waca\SFU_WACA_BUILD\build\multidomain\TSV2_10_14\Tags_BSet\src\Proc_1\Pi_1\TAGS_0\ada_src\r.TAGS.APSO.adb,187
TAGS,APAOOO,D:\WACA\DS\WACA_Apps\WACA_c_RECURSE\waca\SFU_WACA_BUILD\build\multidomain\TSV2_10_14\Tags_BSet\src\Proc_1\Pi_1\TAGS_0\ada_src\r.TAGS.APAOOO.adb,254
TAGS,RD,D:\WACA\DS\WACA_Apps\WACA_c_RECURSE\waca\SFU_WACA_BUILD\build\multidomain\TSV2_10_14\Tags_BSet\src\Proc_1\Pi_1\TAGS_0\ada_src\r.TAGS.RD.adb,323
TAGS,CHECK,D:\WACA\DS\WACA_Apps\WACA_c_RECURSE\waca\SFU_WACA_BUILD\build\multidomain\TSV2_10_14\Tags_BSet\src\Proc_1\Pi_1\TAGS_0\ada_src\r.TAGS.CHECK.adb,462
TAGS,TD,D:\WACA\DS\WACA_Apps\WACA_c_RECURSE\waca\SFU_WACA_BUILD\build\multidomain\TSV2_10_14\Tags_BSet\src\Proc_1\Pi_1\TAGS_0\ada_src\r.TAGS.TD.adb,587
TAGS,AAAOOO,D:\WACA\DS\WACA_Apps\WACA_c_RECURSE\waca\SFU_WACA_BUILD\build\multidomain\TSV2_10_14\Tags_BSet\src\Proc_1\Pi_1\TAGS_0\ada_src\r.TAGS.AAAOOO.adb,751
TAGS,AAAOTO,D:\WACA\DS\WACA_Apps\WACA_c_RECURSE\waca\SFU_WACA_BUILD\build\multidomain\TSV2_10_14\Tags_BSet\src\Proc_1\Pi_1\TAGS_0\ada_src\r.TAGS.AAAOTO.adb,915
TAGS,APAOTO,D:\WACA\DS\WACA_Apps\WACA_c_RECURSE\waca\SFU_WACA_BUILD\build\multidomain\TSV2_10_14\Tags_BSet\src\Proc_1\Pi_1\TAGS_0\ada_src\r.TAGS.APAOTO.adb,982
TAGS,STO,D:\WACA\DS\WACA_Apps\WACA_c_RECURSE\waca\SFU_WACA_BUILD\build\multidomain\TSV2_10_14\Tags_BSet\src\Proc_1\Pi_1\TAGS_0\ada_src\r.TAGS.STO.adb,1041
TAGS,MTO,D:\WACA\DS\WACA_Apps\WACA_c_RECURSE\waca\SFU_WACA_BUILD\build\multidomain\TSV2_10_14\Tags_BSet\src\Proc_1\Pi_1\TAGS_0\ada_src\r.TAGS.MTO.adb,1119
TAGS,ATSO,D:\WACA\DS\WACA_Apps\WACA_c_RECURSE\waca\SFU_WACA_BUILD\build\multidomain\TSV2_10_14\Tags_BSet\src\Proc_1\Pi_1\TAGS_0\ada_src\r.TAGS.ATSO.adb,1229
TAGS,ATMO,D:\WACA\DS\WACA_Apps\WACA_c_RECURSE\waca\SFU_WACA_BUILD\build\multidomain\TSV2_10_14\Tags_BSet\src\Proc_1\Pi_1\TAGS_0\ada_src\r.TAGS.ATMO.adb,1359
TAGS,TM_LEFT,D:\WACA\DS\WACA_Apps\WACA_c_RECURSE\waca\SFU_WACA_BUILD\build\multidomain\TSV2_10_14\Tags_BSet\src\Proc_1\Pi_1\TAGS_0\ada_src\r.TAGS.TM_LEFT.adb,1432
TAGS,TM_RIGHT,D:\WACA\DS\WACA_Apps\WACA_c_RECURSE\waca\SFU_WACA_BUILD\build\multidomain\TSV2_10_14\Tags_BSet\src\Proc_1\Pi_1\TAGS_0\ada_src\r.TAGS.TM_RIGHT.adb,1505
TAGS,TS_ASSOC,D:\WACA\DS\WACA_Apps\WACA_c_RECURSE\waca\SFU_WACA_BUILD\build\multidomain\TSV2_10_14\Tags_BSet\src\Proc_1\Pi_1\TAGS_0\ada_src\r.TAGS.TS_ASSOC.adb,1580
TAGS,TAG_SUPER,D:\WACA\DS\WACA_Apps\WACA_c_RECURSE\waca\SFU_WACA_BUILD\build\multidomain\TSV2_10_14\Tags_BSet\src\Proc_1\Pi_1\TAGS_0\ada_src\r.TAGS.TAG_SUPER.adb,1677
TAGS,SUB_ONE,D:\WACA\DS\WACA_Apps\WACA_c_RECURSE\waca\SFU_WACA_BUILD\build\multidomain\TSV2_10_14\Tags_BSet\src\Proc_1\Pi_1\TAGS_0\ada_src\r.TAGS.SUB_ONE.adb,1752
TAGS,SUB_TWO,D:\WACA\DS\WACA_Apps\WACA_c_RECURSE\waca\SFU_WACA_BUILD\build\multidomain\TSV2_10_14\Tags_BSet\src\Proc_1\Pi_1\TAGS_0\ada_src\r.TAGS.SUB_TWO.adb,1824
TAGS,SGR,D:\WACA\DS\WACA_Apps\WACA_c_RECURSE\waca\SFU_WACA_BUILD\build\multidomain\TSV2_10_14\Tags_BSet\src\Proc_1\Pi_1\TAGS_0\ada_src\r.TAGS.SGR.adb,1893
TAGS,MGR,D:\WACA\DS\WACA_Apps\WACA_c_RECURSE\waca\SFU_WACA_BUILD\build\multidomain\TSV2_10_14\Tags_BSet\src\Proc_1\Pi_1\TAGS_0\ada_src\r.TAGS.MGR.adb,1961
TAGS,ATML,D:\WACA\DS\WACA_Apps\WACA_c_RECURSE\waca\SFU_WACA_BUILD\build\multidomain\TSV2_10_14\Tags_BSet\src\Proc_1\Pi_1\TAGS_0\ada_src\r.TAGS.ATML.adb,2086
TAGS,ATMR,D:\WACA\DS\WACA_Apps\WACA_c_RECURSE\waca\SFU_WACA_BUILD\build\multidomain\TSV2_10_14\Tags_BSet\src\Proc_1\Pi_1\TAGS_0\ada_src\r.TAGS.ATMR.adb,2211
TAGS,ATSASSOC,D:\WACA\DS\WACA_Apps\WACA_c_RECURSE\waca\SFU_WACA_BUILD\build\multidomain\TSV2_10_14\Tags_BSet\src\Proc_1\Pi_1\TAGS_0\ada_src\r.TAGS.ATSASSOC.adb,2326
TAGS,ATSUPER,D:\WACA\DS\WACA_Apps\WACA_c_RECURSE\waca\SFU_WACA_BUILD\build\multidomain\TSV2_10_14\Tags_BSet\src\Proc_1\Pi_1\TAGS_0\ada_src\r.TAGS.ATSUPER.adb,2436
TAGS,ATSUBONE,D:\WACA\DS\WACA_Apps\WACA_c_RECURSE\waca\SFU_WACA_BUILD\build\multidomain\TSV2_10_14\Tags_BSet\src\Proc_1\Pi_1\TAGS_0\ada_src\r.TAGS.ATSUBONE.adb,2571
TAGS,ATSUBTWO,D:\WACA\DS\WACA_Apps\WACA_c_RECURSE\waca\SFU_WACA_BUILD\build\multidomain\TSV2_10_14\Tags_BSet\src\Proc_1\Pi_1\TAGS_0\ada_src\r.TAGS.ATSUBTWO.adb,2685
TAGS,ATSUBTHREE,D:\WACA\DS\WACA_Apps\WACA_c_RECURSE\waca\SFU_WACA_BUILD\build\multidomain\TSV2_10_14\Tags_BSet\src\Proc_1\Pi_1\TAGS_0\ada_src\r.TAGS.ATSUBTHREE.adb,2820
TAGS,MSGR,D:\WACA\DS\WACA_Apps\WACA_c_RECURSE\waca\SFU_WACA_BUILD\build\multidomain\TSV2_10_14\Tags_BSet\src\Proc_1\Pi_1\TAGS_0\ada_src\r.TAGS.MSGR.adb,2893
TAGS,ASO,D:\WACA\DS\WACA_Apps\WACA_c_RECURSE\waca\SFU_WACA_BUILD\build\multidomain\TSV2_10_14\Tags_BSet\src\Proc_1\Pi_1\TAGS_0\ada_src\r.TAGS.ASO.adb,2940
TAGS,ASSO,D:\WACA\DS\WACA_Apps\WACA_c_RECURSE\waca\SFU_WACA_BUILD\build\multidomain\TSV2_10_14\Tags_BSet\src\Proc_1\Pi_1\TAGS_0\ada_src\r.TAGS.ASSO.adb,2984
TAGS,AMSO,D:\WACA\DS\WACA_Apps\WACA_c_RECURSE\waca\SFU_WACA_BUILD\build\multidomain\TSV2_10_14\Tags_BSet\src\Proc_1\Pi_1\TAGS_0\ada_src\r.TAGS.AMSO.adb,3035
TAGS,JM,D:\WACA\DS\WACA_Apps\WACA_c_RECURSE\waca\SFU_WACA_BUILD\build\multidomain\TSV2_10_14\Tags_BSet\src\Proc_1\Pi_1\TAGS_0\ada_src\r.TAGS.JM.adb,3102
TAGS,AAO,D:\WACA\DS\WACA_Apps\WACA_c_RECURSE\waca\SFU_WACA_BUILD\build\multidomain\TSV2_10_14\Tags_BSet\src\Proc_1\Pi_1\TAGS_0\ada_src\r.TAGS.AAO.event_action.ada,9
TAGS,CHECK,D:\WACA\DS\WACA_Apps\WACA_c_RECURSE\waca\SFU_WACA_BUILD\build\multidomain\TSV2_10_14\Tags_BSet\src\Proc_1\Pi_1\TAGS_0\ada_src\r.TAGS.CHECK.event_action.ada,18
TAGS,TD,D:\WACA\DS\WACA_Apps\WACA_c_RECURSE\waca\SFU_WACA_BUILD\build\multidomain\TSV2_10_14\Tags_BSet\src\Proc_1\Pi_1\TAGS_0\ada_src\r.TAGS.TD.event_action.ada,27
TAGS,AAAOOO,D:\WACA\DS\WACA_Apps\WACA_c_RECURSE\waca\SFU_WACA_BUILD\build\multidomain\TSV2_10_14\Tags_BSet\src\Proc_1\Pi_1\TAGS_0\ada_src\r.TAGS.AAAOOO.event_action.ada,36
TAGS,AAAOTO,D:\WACA\DS\WACA_Apps\WACA_c_RECURSE\waca\SFU_WACA_BUILD\build\multidomain\TSV2_10_14\Tags_BSet\src\Proc_1\Pi_1\TAGS_0\ada_src\r.TAGS.AAAOTO.event_action.ada,45
TAGS,ATSO,D:\WACA\DS\WACA_Apps\WACA_c_RECURSE\waca\SFU_WACA_BUILD\build\multidomain\TSV2_10_14\Tags_BSet\src\Proc_1\Pi_1\TAGS_0\ada_src\r.TAGS.ATSO.event_action.ada,54
TAGS,ATMO,D:\WACA\DS\WACA_Apps\WACA_c_RECURSE\waca\SFU_WACA_BUILD\build\multidomain\TSV2_10_14\Tags_BSet\src\Proc_1\Pi_1\TAGS_0\ada_src\r.TAGS.ATMO.event_action.ada,63
TAGS,TAG_SUPER,D:\WACA\DS\WACA_Apps\WACA_c_RECURSE\waca\SFU_WACA_BUILD\build\multidomain\TSV2_10_14\Tags_BSet\src\Proc_1\Pi_1\TAGS_0\ada_src\r.TAGS.TAG_SUPER.event_action.ada,76
TAGS,ATML,D:\WACA\DS\WACA_Apps\WACA_c_RECURSE\waca\SFU_WACA_BUILD\build\multidomain\TSV2_10_14\Tags_BSet\src\Proc_1\Pi_1\TAGS_0\ada_src\r.TAGS.ATML.event_action.ada,85
TAGS,ATMR,D:\WACA\DS\WACA_Apps\WACA_c_RECURSE\waca\SFU_WACA_BUILD\build\multidomain\TSV2_10_14\Tags_BSet\src\Proc_1\Pi_1\TAGS_0\ada_src\r.TAGS.ATMR.event_action.ada,94
TAGS,ATSASSOC,D:\WACA\DS\WACA_Apps\WACA_c_RECURSE\waca\SFU_WACA_BUILD\build\multidomain\TSV2_10_14\Tags_BSet\src\Proc_1\Pi_1\TAGS_0\ada_src\r.TAGS.ATSASSOC.event_action.ada,103
TAGS,ATSUPER,D:\WACA\DS\WACA_Apps\WACA_c_RECURSE\waca\SFU_WACA_BUILD\build\multidomain\TSV2_10_14\Tags_BSet\src\Proc_1\Pi_1\TAGS_0\ada_src\r.TAGS.ATSUPER.event_action.ada,116
TAGS,ATSUBONE,D:\WACA\DS\WACA_Apps\WACA_c_RECURSE\waca\SFU_WACA_BUILD\build\multidomain\TSV2_10_14\Tags_BSet\src\Proc_1\Pi_1\TAGS_0\ada_src\r.TAGS.ATSUBONE.event_action.ada,125
TAGS,ATSUBTWO,D:\WACA\DS\WACA_Apps\WACA_c_RECURSE\waca\SFU_WACA_BUILD\build\multidomain\TSV2_10_14\Tags_BSet\src\Proc_1\Pi_1\TAGS_0\ada_src\r.TAGS.ATSUBTWO.event_action.ada,134
TAGS,ATSUBTHREE,D:\WACA\DS\WACA_Apps\WACA_c_RECURSE\waca\SFU_WACA_BUILD\build\multidomain\TSV2_10_14\Tags_BSet\src\Proc_1\Pi_1\TAGS_0\ada_src\r.TAGS.ATSUBTHREE.event_action.ada,143
FTE,JM,D:\WACA\DS\WACA_Apps\WACA_c_RECURSE\waca\SFU_WACA_BUILD\build\multidomain\TSV2_10_14\Tags_BSet\src\Proc_1\Pi_1\FTE_0\ada_src\FTE_registration.ads,2
FTE,ENV,D:\WACA\DS\WACA_Apps\WACA_c_RECURSE\waca\SFU_WACA_BUILD\build\multidomain\TSV2_10_14\Tags_BSet\src\Proc_1\Pi_1\FTE_0\ada_src\FTE_registration.adb,8
FTE,ENV,D:\WACA\DS\WACA_Apps\WACA_c_RECURSE\waca\SFU_WACA_BUILD\build\multidomain\TSV2_10_14\Tags_BSet\src\Proc_1\Pi_1\FTE_0\ada_src\r.FTE.ads,6
FTE,ENV,D:\WACA\DS\WACA_Apps\WACA_c_RECURSE\waca\SFU_WACA_BUILD\build\multidomain\TSV2_10_14\Tags_BSet\src\Proc_1\Pi_1\FTE_0\ada_src\r.FTE.ENV.ads,25
FTE,ENV,D:\WACA\DS\WACA_Apps\WACA_c_RECURSE\waca\SFU_WACA_BUILD\build\multidomain\TSV2_10_14\Tags_BSet\src\Proc_1\Pi_1\FTE_0\ada_src\r.FTE.ENV.adb,69
FTE,ENV,D:\WACA\DS\WACA_Apps\WACA_c_RECURSE\waca\SFU_WACA_BUILD\build\multidomain\TSV2_10_14\Tags_BSet\meta_instances\gps_ada_buildfile\tagging_1a_Dos.gpr,21
