,,D:\WACA\WACAq_SWATS\waca\SFU_WACA_BUILD\build\multidomain\TSV2_10_13\User_Defined_Types_Build_Set\src\Proc_1\Pi_1\interface_ada_src\NXUML_TIM_incomingcallhookup.ads,3
,,D:\WACA\WACAq_SWATS\waca\SFU_WACA_BUILD\build\multidomain\TSV2_10_13\User_Defined_Types_Build_Set\src\Proc_1\Pi_1\interface_ada_src\NXUML_TIM_incomingcallhookup.adb,5
,,D:\WACA\WACAq_SWATS\waca\SFU_WACA_BUILD\build\multidomain\TSV2_10_13\User_Defined_Types_Build_Set\src\Proc_1\Pi_1\interface_ada_src\NXUML_TIM_comms_registration.ads,2
,,D:\WACA\WACAq_SWATS\waca\SFU_WACA_BUILD\build\multidomain\TSV2_10_13\User_Defined_Types_Build_Set\src\Proc_1\Pi_1\interface_ada_src\RP_comms_registration.ads,4
,,D:\WACA\WACAq_SWATS\waca\SFU_WACA_BUILD\build\multidomain\TSV2_10_13\User_Defined_Types_Build_Set\src\Proc_1\Pi_1\interface_ada_src\FTE_comms_registration.ads,6
,,D:\WACA\WACAq_SWATS\waca\SFU_WACA_BUILD\build\multidomain\TSV2_10_13\User_Defined_Types_Build_Set\src\Proc_1\Pi_1\interface_ada_src\UDT_comms_registration.ads,8
,,D:\WACA\WACAq_SWATS\waca\SFU_WACA_BUILD\build\multidomain\TSV2_10_13\User_Defined_Types_Build_Set\src\Proc_1\Pi_1\interface_ada_src\NXUML_TIM_comms_registration.adb,5
,,D:\WACA\WACAq_SWATS\waca\SFU_WACA_BUILD\build\multidomain\TSV2_10_13\User_Defined_Types_Build_Set\src\Proc_1\Pi_1\interface_ada_src\RP_comms_registration.adb,10
,,D:\WACA\WACAq_SWATS\waca\SFU_WACA_BUILD\build\multidomain\TSV2_10_13\User_Defined_Types_Build_Set\src\Proc_1\Pi_1\interface_ada_src\FTE_comms_registration.adb,15
,,D:\WACA\WACAq_SWATS\waca\SFU_WACA_BUILD\build\multidomain\TSV2_10_13\User_Defined_Types_Build_Set\src\Proc_1\Pi_1\interface_ada_src\UDT_comms_registration.adb,20
,,D:\WACA\WACAq_SWATS\waca\SFU_WACA_BUILD\build\multidomain\TSV2_10_13\User_Defined_Types_Build_Set\src\Proc_1\Pi_1\interface_support_ada_src\build_id.ads,1
,,D:\WACA\WACAq_SWATS\waca\SFU_WACA_BUILD\build\multidomain\TSV2_10_13\User_Defined_Types_Build_Set\src\Proc_1\Pi_1\interface_support_ada_src\comms-constants-priorities.ads,2
,,D:\WACA\WACAq_SWATS\waca\SFU_WACA_BUILD\build\multidomain\TSV2_10_13\User_Defined_Types_Build_Set\src\Proc_1\Pi_2\interface_delphi_src\compiler_directives.txt,0
,,D:\WACA\WACAq_SWATS\waca\SFU_WACA_BUILD\build\multidomain\TSV2_10_13\User_Defined_Types_Build_Set\src\Proc_1\Pi_1\interface_ada_src\preprocessor.txt,0
,,D:\WACA\WACAq_SWATS\waca\SFU_WACA_BUILD\build\multidomain\TSV2_10_13\User_Defined_Types_Build_Set\src\Proc_1\Pi_1\interface_support_ada_src\comms-constants-buffer.ads,11
,,D:\WACA\WACAq_SWATS\waca\SFU_WACA_BUILD\build\multidomain\TSV2_10_13\User_Defined_Types_Build_Set\src\Proc_1\Pi_1\common_ada_src\application_types.ads,41
,,D:\WACA\WACAq_SWATS\waca\SFU_WACA_BUILD\build\multidomain\TSV2_10_13\User_Defined_Types_Build_Set\src\Proc_1\Pi_1\common_ada_src\application_types.adb,117
,,D:\WACA\WACAq_SWATS\waca\SFU_WACA_BUILD\build\multidomain\TSV2_10_13\User_Defined_Types_Build_Set\src\Proc_1\Pi_1\clock_ada_src\gettime.ads,6
,,D:\WACA\WACAq_SWATS\waca\SFU_WACA_BUILD\build\multidomain\TSV2_10_13\User_Defined_Types_Build_Set\src\Proc_1\Pi_1\clock_ada_src\gettime.adb,11
,,D:\WACA\WACAq_SWATS\waca\SFU_WACA_BUILD\build\multidomain\TSV2_10_13\User_Defined_Types_Build_Set\src\Proc_1\Pi_1\clock_ada_src\timer.ads,14
,,D:\WACA\WACAq_SWATS\waca\SFU_WACA_BUILD\build\multidomain\TSV2_10_13\User_Defined_Types_Build_Set\src\Proc_1\Pi_1\clock_ada_src\timer.adb,99
,,D:\WACA\WACAq_SWATS\waca\SFU_WACA_BUILD\build\multidomain\TSV2_10_13\User_Defined_Types_Build_Set\src\Proc_1\Pi_1\clock_ada_src\clock.ads,3
,,D:\WACA\WACAq_SWATS\waca\SFU_WACA_BUILD\build\multidomain\TSV2_10_13\User_Defined_Types_Build_Set\src\Proc_1\Pi_1\clock_ada_src\clock_types.ads,9
,,D:\WACA\WACAq_SWATS\waca\SFU_WACA_BUILD\build\multidomain\TSV2_10_13\User_Defined_Types_Build_Set\src\Proc_1\Pi_1\clock_ada_src\clock_types.adb,11
,,D:\WACA\WACAq_SWATS\waca\SFU_WACA_BUILD\build\multidomain\TSV2_10_13\User_Defined_Types_Build_Set\src\Proc_1\Pi_1\common_ada_src\application_control.ada,16
,,D:\WACA\WACAq_SWATS\waca\SFU_WACA_BUILD\build\multidomain\TSV2_10_13\User_Defined_Types_Build_Set\src\Proc_1\Pi_1\common_ada_src\log.adb,24
,,D:\WACA\WACAq_SWATS\waca\SFU_WACA_BUILD\build\multidomain\TSV2_10_13\User_Defined_Types_Build_Set\src\Proc_1\Pi_1\common_ada_src\log.ads,23
,,D:\WACA\WACAq_SWATS\waca\SFU_WACA_BUILD\build\multidomain\TSV2_10_13\User_Defined_Types_Build_Set\src\Proc_1\Pi_1\mechanism_ada_src\application_queue.adb,13
RP,,D:\WACA\WACAq_SWATS\waca\SFU_WACA_BUILD\build\multidomain\TSV2_10_13\User_Defined_Types_Build_Set\src\Proc_1\Pi_1\RP_0\ada_src\RP_domain_types.ads,65
RP,,D:\WACA\WACAq_SWATS\waca\SFU_WACA_BUILD\build\multidomain\TSV2_10_13\User_Defined_Types_Build_Set\src\Proc_1\Pi_1\RP_0\ada_src\RP_domain_types.adb,118
RP,,D:\WACA\WACAq_SWATS\waca\SFU_WACA_BUILD\build\multidomain\TSV2_10_13\User_Defined_Types_Build_Set\src\Proc_1\Pi_1\RP_0\ada_src\RP_registration.ads,2
RP,RM,D:\WACA\WACAq_SWATS\waca\SFU_WACA_BUILD\build\multidomain\TSV2_10_13\User_Defined_Types_Build_Set\src\Proc_1\Pi_1\RP_0\ada_src\RP_registration.adb,105
RP,RM,D:\WACA\WACAq_SWATS\waca\SFU_WACA_BUILD\build\multidomain\TSV2_10_13\User_Defined_Types_Build_Set\src\Proc_1\Pi_1\RP_0\ada_src\RP_rel_R1.ada,2
RP,RM,D:\WACA\WACAq_SWATS\waca\SFU_WACA_BUILD\build\multidomain\TSV2_10_13\User_Defined_Types_Build_Set\src\Proc_1\Pi_1\RP_0\ada_src\RP_rel_R2.ada,4
RP,RM,D:\WACA\WACAq_SWATS\waca\SFU_WACA_BUILD\build\multidomain\TSV2_10_13\User_Defined_Types_Build_Set\src\Proc_1\Pi_1\RP_0\ada_src\RP_rel_R3.ada,6
RP,RM,D:\WACA\WACAq_SWATS\waca\SFU_WACA_BUILD\build\multidomain\TSV2_10_13\User_Defined_Types_Build_Set\src\Proc_1\Pi_1\RP_0\ada_src\RP_rel_R4.ada,8
RP,RM,D:\WACA\WACAq_SWATS\waca\SFU_WACA_BUILD\build\multidomain\TSV2_10_13\User_Defined_Types_Build_Set\src\Proc_1\Pi_1\RP_0\ada_src\RP_rel_R5.ada,10
RP,RM,D:\WACA\WACAq_SWATS\waca\SFU_WACA_BUILD\build\multidomain\TSV2_10_13\User_Defined_Types_Build_Set\src\Proc_1\Pi_1\RP_0\ada_src\RP_rel_R8.ada,12
RP,RM,D:\WACA\WACAq_SWATS\waca\SFU_WACA_BUILD\build\multidomain\TSV2_10_13\User_Defined_Types_Build_Set\src\Proc_1\Pi_1\RP_0\ada_src\RP_rel_R6.ada,14
RP,RM,D:\WACA\WACAq_SWATS\waca\SFU_WACA_BUILD\build\multidomain\TSV2_10_13\User_Defined_Types_Build_Set\src\Proc_1\Pi_1\RP_0\ada_src\RP_rel_R7.ada,16
RP,RM,D:\WACA\WACAq_SWATS\waca\SFU_WACA_BUILD\build\multidomain\TSV2_10_13\User_Defined_Types_Build_Set\src\Proc_1\Pi_1\RP_0\ada_src\RP_rel_R10.ada,18
RP,RM,D:\WACA\WACAq_SWATS\waca\SFU_WACA_BUILD\build\multidomain\TSV2_10_13\User_Defined_Types_Build_Set\src\Proc_1\Pi_1\RP_0\ada_src\RP_rel_R11.ada,20
RP,RM,D:\WACA\WACAq_SWATS\waca\SFU_WACA_BUILD\build\multidomain\TSV2_10_13\User_Defined_Types_Build_Set\src\Proc_1\Pi_1\RP_0\ada_src\RP_rel_R12.ada,22
RP,RM,D:\WACA\WACAq_SWATS\waca\SFU_WACA_BUILD\build\multidomain\TSV2_10_13\User_Defined_Types_Build_Set\src\Proc_1\Pi_1\RP_0\ada_src\RP_rel_R9.ada,24
RP,RM,D:\WACA\WACAq_SWATS\waca\SFU_WACA_BUILD\build\multidomain\TSV2_10_13\User_Defined_Types_Build_Set\src\Proc_1\Pi_1\RP_0\ada_src\RP_domain_types.ops.ads,31
RP,RM,D:\WACA\WACAq_SWATS\waca\SFU_WACA_BUILD\build\multidomain\TSV2_10_13\User_Defined_Types_Build_Set\src\Proc_1\Pi_1\RP_0\ada_src\RP_domain_types.ops.adb,127
RP,RM,D:\WACA\WACAq_SWATS\waca\SFU_WACA_BUILD\build\multidomain\TSV2_10_13\User_Defined_Types_Build_Set\src\Proc_1\Pi_1\RP_0\ada_src\r.RP.ads,7
RP,PASS,D:\WACA\WACAq_SWATS\waca\SFU_WACA_BUILD\build\multidomain\TSV2_10_13\User_Defined_Types_Build_Set\src\Proc_1\Pi_1\RP_0\ada_src\r.RP.PASS.ads,25
RP,FAIL,D:\WACA\WACAq_SWATS\waca\SFU_WACA_BUILD\build\multidomain\TSV2_10_13\User_Defined_Types_Build_Set\src\Proc_1\Pi_1\RP_0\ada_src\r.RP.FAIL.ads,50
RP,DD,D:\WACA\WACAq_SWATS\waca\SFU_WACA_BUILD\build\multidomain\TSV2_10_13\User_Defined_Types_Build_Set\src\Proc_1\Pi_1\RP_0\ada_src\r.RP.DD.ads,156
RP,UNSUPPORTED,D:\WACA\WACAq_SWATS\waca\SFU_WACA_BUILD\build\multidomain\TSV2_10_13\User_Defined_Types_Build_Set\src\Proc_1\Pi_1\RP_0\ada_src\r.RP.UNSUPPORTED.ads,181
RP,DUPLICATED,D:\WACA\WACAq_SWATS\waca\SFU_WACA_BUILD\build\multidomain\TSV2_10_13\User_Defined_Types_Build_Set\src\Proc_1\Pi_1\RP_0\ada_src\r.RP.DUPLICATED.ads,236
RP,RESULTS,D:\WACA\WACAq_SWATS\waca\SFU_WACA_BUILD\build\multidomain\TSV2_10_13\User_Defined_Types_Build_Set\src\Proc_1\Pi_1\RP_0\ada_src\r.RP.RESULTS.ads,303
RP,TD,D:\WACA\WACAq_SWATS\waca\SFU_WACA_BUILD\build\multidomain\TSV2_10_13\User_Defined_Types_Build_Set\src\Proc_1\Pi_1\RP_0\ada_src\r.RP.TD.ads,363
RP,RI,D:\WACA\WACAq_SWATS\waca\SFU_WACA_BUILD\build\multidomain\TSV2_10_13\User_Defined_Types_Build_Set\src\Proc_1\Pi_1\RP_0\ada_src\r.RP.RI.ads,388
RP,SC,D:\WACA\WACAq_SWATS\waca\SFU_WACA_BUILD\build\multidomain\TSV2_10_13\User_Defined_Types_Build_Set\src\Proc_1\Pi_1\RP_0\ada_src\r.RP.SC.ads,425
RP,TS,D:\WACA\WACAq_SWATS\waca\SFU_WACA_BUILD\build\multidomain\TSV2_10_13\User_Defined_Types_Build_Set\src\Proc_1\Pi_1\RP_0\ada_src\r.RP.TS.ads,490
RP,REQS,D:\WACA\WACAq_SWATS\waca\SFU_WACA_BUILD\build\multidomain\TSV2_10_13\User_Defined_Types_Build_Set\src\Proc_1\Pi_1\RP_0\ada_src\r.RP.REQS.ads,540
RP,RM,D:\WACA\WACAq_SWATS\waca\SFU_WACA_BUILD\build\multidomain\TSV2_10_13\User_Defined_Types_Build_Set\src\Proc_1\Pi_1\RP_0\ada_src\r.RP.RM.ads,590
RP,PASS,D:\WACA\WACAq_SWATS\waca\SFU_WACA_BUILD\build\multidomain\TSV2_10_13\User_Defined_Types_Build_Set\src\Proc_1\Pi_1\RP_0\ada_src\r.RP.PASS.adb,59
RP,FAIL,D:\WACA\WACAq_SWATS\waca\SFU_WACA_BUILD\build\multidomain\TSV2_10_13\User_Defined_Types_Build_Set\src\Proc_1\Pi_1\RP_0\ada_src\r.RP.FAIL.adb,118
RP,DD,D:\WACA\WACAq_SWATS\waca\SFU_WACA_BUILD\build\multidomain\TSV2_10_13\User_Defined_Types_Build_Set\src\Proc_1\Pi_1\RP_0\ada_src\r.RP.DD.adb,290
RP,UNSUPPORTED,D:\WACA\WACAq_SWATS\waca\SFU_WACA_BUILD\build\multidomain\TSV2_10_13\User_Defined_Types_Build_Set\src\Proc_1\Pi_1\RP_0\ada_src\r.RP.UNSUPPORTED.adb,349
RP,DUPLICATED,D:\WACA\WACAq_SWATS\waca\SFU_WACA_BUILD\build\multidomain\TSV2_10_13\User_Defined_Types_Build_Set\src\Proc_1\Pi_1\RP_0\ada_src\r.RP.DUPLICATED.adb,437
RP,RESULTS,D:\WACA\WACAq_SWATS\waca\SFU_WACA_BUILD\build\multidomain\TSV2_10_13\User_Defined_Types_Build_Set\src\Proc_1\Pi_1\RP_0\ada_src\r.RP.RESULTS.adb,538
RP,TD,D:\WACA\WACAq_SWATS\waca\SFU_WACA_BUILD\build\multidomain\TSV2_10_13\User_Defined_Types_Build_Set\src\Proc_1\Pi_1\RP_0\ada_src\r.RP.TD.adb,632
RP,RI,D:\WACA\WACAq_SWATS\waca\SFU_WACA_BUILD\build\multidomain\TSV2_10_13\User_Defined_Types_Build_Set\src\Proc_1\Pi_1\RP_0\ada_src\r.RP.RI.adb,691
RP,SC,D:\WACA\WACAq_SWATS\waca\SFU_WACA_BUILD\build\multidomain\TSV2_10_13\User_Defined_Types_Build_Set\src\Proc_1\Pi_1\RP_0\ada_src\r.RP.SC.adb,762
RP,TS,D:\WACA\WACAq_SWATS\waca\SFU_WACA_BUILD\build\multidomain\TSV2_10_13\User_Defined_Types_Build_Set\src\Proc_1\Pi_1\RP_0\ada_src\r.RP.TS.adb,907
RP,REQS,D:\WACA\WACAq_SWATS\waca\SFU_WACA_BUILD\build\multidomain\TSV2_10_13\User_Defined_Types_Build_Set\src\Proc_1\Pi_1\RP_0\ada_src\r.RP.REQS.adb,999
RP,RM,D:\WACA\WACAq_SWATS\waca\SFU_WACA_BUILD\build\multidomain\TSV2_10_13\User_Defined_Types_Build_Set\src\Proc_1\Pi_1\RP_0\ada_src\r.RP.RM.adb,1091
RP,DD,D:\WACA\WACAq_SWATS\waca\SFU_WACA_BUILD\build\multidomain\TSV2_10_13\User_Defined_Types_Build_Set\src\Proc_1\Pi_1\RP_0\ada_src\r.RP.DD.event_action.ada,9
RP,TS,D:\WACA\WACAq_SWATS\waca\SFU_WACA_BUILD\build\multidomain\TSV2_10_13\User_Defined_Types_Build_Set\src\Proc_1\Pi_1\RP_0\ada_src\r.RP.TS.event_action.ada,18
FTE,RM,D:\WACA\WACAq_SWATS\waca\SFU_WACA_BUILD\build\multidomain\TSV2_10_13\User_Defined_Types_Build_Set\src\Proc_1\Pi_1\FTE_0\ada_src\FTE_registration.ads,2
FTE,ENV,D:\WACA\WACAq_SWATS\waca\SFU_WACA_BUILD\build\multidomain\TSV2_10_13\User_Defined_Types_Build_Set\src\Proc_1\Pi_1\FTE_0\ada_src\FTE_registration.adb,8
FTE,ENV,D:\WACA\WACAq_SWATS\waca\SFU_WACA_BUILD\build\multidomain\TSV2_10_13\User_Defined_Types_Build_Set\src\Proc_1\Pi_1\FTE_0\ada_src\r.FTE.ads,6
FTE,ENV,D:\WACA\WACAq_SWATS\waca\SFU_WACA_BUILD\build\multidomain\TSV2_10_13\User_Defined_Types_Build_Set\src\Proc_1\Pi_1\FTE_0\ada_src\r.FTE.ENV.ads,25
FTE,ENV,D:\WACA\WACAq_SWATS\waca\SFU_WACA_BUILD\build\multidomain\TSV2_10_13\User_Defined_Types_Build_Set\src\Proc_1\Pi_1\FTE_0\ada_src\r.FTE.ENV.adb,69
UDT,ENV,D:\WACA\WACAq_SWATS\waca\SFU_WACA_BUILD\build\multidomain\TSV2_10_13\User_Defined_Types_Build_Set\src\Proc_1\Pi_1\UDT_0\ada_src\UDT_domain_types.ads,49
UDT,ENV,D:\WACA\WACAq_SWATS\waca\SFU_WACA_BUILD\build\multidomain\TSV2_10_13\User_Defined_Types_Build_Set\src\Proc_1\Pi_1\UDT_0\ada_src\UDT_registration.ads,2
UDT,ENUM,D:\WACA\WACAq_SWATS\waca\SFU_WACA_BUILD\build\multidomain\TSV2_10_13\User_Defined_Types_Build_Set\src\Proc_1\Pi_1\UDT_0\ada_src\UDT_registration.adb,24
UDT,ENUM,D:\WACA\WACAq_SWATS\waca\SFU_WACA_BUILD\build\multidomain\TSV2_10_13\User_Defined_Types_Build_Set\src\Proc_1\Pi_1\UDT_0\ada_src\UDT_rel_R1.ada,2
UDT,ENUM,D:\WACA\WACAq_SWATS\waca\SFU_WACA_BUILD\build\multidomain\TSV2_10_13\User_Defined_Types_Build_Set\src\Proc_1\Pi_1\UDT_0\ada_src\r.UDT.ads,7
UDT,INT,D:\WACA\WACAq_SWATS\waca\SFU_WACA_BUILD\build\multidomain\TSV2_10_13\User_Defined_Types_Build_Set\src\Proc_1\Pi_1\UDT_0\ada_src\r.UDT.INT.ads,55
UDT,OIB,D:\WACA\WACAq_SWATS\waca\SFU_WACA_BUILD\build\multidomain\TSV2_10_13\User_Defined_Types_Build_Set\src\Proc_1\Pi_1\UDT_0\ada_src\r.UDT.OIB.ads,116
UDT,RD,D:\WACA\WACAq_SWATS\waca\SFU_WACA_BUILD\build\multidomain\TSV2_10_13\User_Defined_Types_Build_Set\src\Proc_1\Pi_1\UDT_0\ada_src\r.UDT.RD.ads,141
UDT,TD,D:\WACA\WACAq_SWATS\waca\SFU_WACA_BUILD\build\multidomain\TSV2_10_13\User_Defined_Types_Build_Set\src\Proc_1\Pi_1\UDT_0\ada_src\r.UDT.TD.ads,177
UDT,RL,D:\WACA\WACAq_SWATS\waca\SFU_WACA_BUILD\build\multidomain\TSV2_10_13\User_Defined_Types_Build_Set\src\Proc_1\Pi_1\UDT_0\ada_src\r.UDT.RL.ads,232
UDT,FTD,D:\WACA\WACAq_SWATS\waca\SFU_WACA_BUILD\build\multidomain\TSV2_10_13\User_Defined_Types_Build_Set\src\Proc_1\Pi_1\UDT_0\ada_src\r.UDT.FTD.ads,250
UDT,AAO,D:\WACA\WACAq_SWATS\waca\SFU_WACA_BUILD\build\multidomain\TSV2_10_13\User_Defined_Types_Build_Set\src\Proc_1\Pi_1\UDT_0\ada_src\r.UDT.AAO.ads,311
UDT,ENUM,D:\WACA\WACAq_SWATS\waca\SFU_WACA_BUILD\build\multidomain\TSV2_10_13\User_Defined_Types_Build_Set\src\Proc_1\Pi_1\UDT_0\ada_src\r.UDT.ENUM.ads,348
UDT,INT,D:\WACA\WACAq_SWATS\waca\SFU_WACA_BUILD\build\multidomain\TSV2_10_13\User_Defined_Types_Build_Set\src\Proc_1\Pi_1\UDT_0\ada_src\r.UDT.INT.adb,99
UDT,OIB,D:\WACA\WACAq_SWATS\waca\SFU_WACA_BUILD\build\multidomain\TSV2_10_13\User_Defined_Types_Build_Set\src\Proc_1\Pi_1\UDT_0\ada_src\r.UDT.OIB.adb,226
UDT,RD,D:\WACA\WACAq_SWATS\waca\SFU_WACA_BUILD\build\multidomain\TSV2_10_13\User_Defined_Types_Build_Set\src\Proc_1\Pi_1\UDT_0\ada_src\r.UDT.RD.adb,295
UDT,TD,D:\WACA\WACAq_SWATS\waca\SFU_WACA_BUILD\build\multidomain\TSV2_10_13\User_Defined_Types_Build_Set\src\Proc_1\Pi_1\UDT_0\ada_src\r.UDT.TD.adb,365
UDT,RL,D:\WACA\WACAq_SWATS\waca\SFU_WACA_BUILD\build\multidomain\TSV2_10_13\User_Defined_Types_Build_Set\src\Proc_1\Pi_1\UDT_0\ada_src\r.UDT.RL.adb,464
UDT,FTD,D:\WACA\WACAq_SWATS\waca\SFU_WACA_BUILD\build\multidomain\TSV2_10_13\User_Defined_Types_Build_Set\src\Proc_1\Pi_1\UDT_0\ada_src\r.UDT.FTD.adb,518
UDT,AAO,D:\WACA\WACAq_SWATS\waca\SFU_WACA_BUILD\build\multidomain\TSV2_10_13\User_Defined_Types_Build_Set\src\Proc_1\Pi_1\UDT_0\ada_src\r.UDT.AAO.adb,670
UDT,ENUM,D:\WACA\WACAq_SWATS\waca\SFU_WACA_BUILD\build\multidomain\TSV2_10_13\User_Defined_Types_Build_Set\src\Proc_1\Pi_1\UDT_0\ada_src\r.UDT.ENUM.adb,756
UDT,OIB,D:\WACA\WACAq_SWATS\waca\SFU_WACA_BUILD\build\multidomain\TSV2_10_13\User_Defined_Types_Build_Set\src\Proc_1\Pi_1\UDT_0\ada_src\r.UDT.OIB.event_action.ada,9
UDT,AAO,D:\WACA\WACAq_SWATS\waca\SFU_WACA_BUILD\build\multidomain\TSV2_10_13\User_Defined_Types_Build_Set\src\Proc_1\Pi_1\UDT_0\ada_src\r.UDT.AAO.event_action.ada,18
UDT,ENUM,D:\WACA\WACAq_SWATS\waca\SFU_WACA_BUILD\build\multidomain\TSV2_10_13\User_Defined_Types_Build_Set\meta_instances\gps_ada_buildfile\udt_1a_Dos.gpr,21
