,,D:\WACA\DS\WACA_Apps\WACA_c_RECURSE\waca\SFU_WACA_BUILD\build\multidomain\TSV2_10_10\Struct_BSet\src\Proc_1\Pi_1\interface_ada_src\NXUML_TIM_incomingcallhookup.ads,3
,,D:\WACA\DS\WACA_Apps\WACA_c_RECURSE\waca\SFU_WACA_BUILD\build\multidomain\TSV2_10_10\Struct_BSet\src\Proc_1\Pi_1\interface_ada_src\NXUML_TIM_incomingcallhookup.adb,5
,,D:\WACA\DS\WACA_Apps\WACA_c_RECURSE\waca\SFU_WACA_BUILD\build\multidomain\TSV2_10_10\Struct_BSet\src\Proc_1\Pi_1\interface_ada_src\NXUML_TIM_comms_registration.ads,2
,,D:\WACA\DS\WACA_Apps\WACA_c_RECURSE\waca\SFU_WACA_BUILD\build\multidomain\TSV2_10_10\Struct_BSet\src\Proc_1\Pi_1\interface_ada_src\Struct_comms_registration.ads,4
,,D:\WACA\DS\WACA_Apps\WACA_c_RECURSE\waca\SFU_WACA_BUILD\build\multidomain\TSV2_10_10\Struct_BSet\src\Proc_1\Pi_1\interface_ada_src\RP_comms_registration.ads,6
,,D:\WACA\DS\WACA_Apps\WACA_c_RECURSE\waca\SFU_WACA_BUILD\build\multidomain\TSV2_10_10\Struct_BSet\src\Proc_1\Pi_1\interface_ada_src\FTE_comms_registration.ads,8
,,D:\WACA\DS\WACA_Apps\WACA_c_RECURSE\waca\SFU_WACA_BUILD\build\multidomain\TSV2_10_10\Struct_BSet\src\Proc_1\Pi_1\interface_ada_src\NXUML_TIM_comms_registration.adb,5
,,D:\WACA\DS\WACA_Apps\WACA_c_RECURSE\waca\SFU_WACA_BUILD\build\multidomain\TSV2_10_10\Struct_BSet\src\Proc_1\Pi_1\interface_ada_src\Struct_comms_registration.adb,10
,,D:\WACA\DS\WACA_Apps\WACA_c_RECURSE\waca\SFU_WACA_BUILD\build\multidomain\TSV2_10_10\Struct_BSet\src\Proc_1\Pi_1\interface_ada_src\RP_comms_registration.adb,15
,,D:\WACA\DS\WACA_Apps\WACA_c_RECURSE\waca\SFU_WACA_BUILD\build\multidomain\TSV2_10_10\Struct_BSet\src\Proc_1\Pi_1\interface_ada_src\FTE_comms_registration.adb,20
,,D:\WACA\DS\WACA_Apps\WACA_c_RECURSE\waca\SFU_WACA_BUILD\build\multidomain\TSV2_10_10\Struct_BSet\src\Proc_1\Pi_1\interface_support_ada_src\build_id.ads,1
,,D:\WACA\DS\WACA_Apps\WACA_c_RECURSE\waca\SFU_WACA_BUILD\build\multidomain\TSV2_10_10\Struct_BSet\src\Proc_1\Pi_1\interface_support_ada_src\comms-constants-priorities.ads,2
,,D:\WACA\DS\WACA_Apps\WACA_c_RECURSE\waca\SFU_WACA_BUILD\build\multidomain\TSV2_10_10\Struct_BSet\src\Proc_1\Pi_2\interface_delphi_src\compiler_directives.txt,0
,,D:\WACA\DS\WACA_Apps\WACA_c_RECURSE\waca\SFU_WACA_BUILD\build\multidomain\TSV2_10_10\Struct_BSet\src\Proc_1\Pi_1\interface_ada_src\preprocessor.txt,0
,,D:\WACA\DS\WACA_Apps\WACA_c_RECURSE\waca\SFU_WACA_BUILD\build\multidomain\TSV2_10_10\Struct_BSet\src\Proc_1\Pi_1\interface_support_ada_src\comms-constants-buffer.ads,11
,,D:\WACA\DS\WACA_Apps\WACA_c_RECURSE\waca\SFU_WACA_BUILD\build\multidomain\TSV2_10_10\Struct_BSet\src\Proc_1\Pi_1\common_ada_src\application_types.ads,41
,,D:\WACA\DS\WACA_Apps\WACA_c_RECURSE\waca\SFU_WACA_BUILD\build\multidomain\TSV2_10_10\Struct_BSet\src\Proc_1\Pi_1\common_ada_src\application_types.adb,117
,,D:\WACA\DS\WACA_Apps\WACA_c_RECURSE\waca\SFU_WACA_BUILD\build\multidomain\TSV2_10_10\Struct_BSet\src\Proc_1\Pi_1\clock_ada_src\gettime.ads,6
,,D:\WACA\DS\WACA_Apps\WACA_c_RECURSE\waca\SFU_WACA_BUILD\build\multidomain\TSV2_10_10\Struct_BSet\src\Proc_1\Pi_1\clock_ada_src\gettime.adb,11
,,D:\WACA\DS\WACA_Apps\WACA_c_RECURSE\waca\SFU_WACA_BUILD\build\multidomain\TSV2_10_10\Struct_BSet\src\Proc_1\Pi_1\clock_ada_src\timer.ads,14
,,D:\WACA\DS\WACA_Apps\WACA_c_RECURSE\waca\SFU_WACA_BUILD\build\multidomain\TSV2_10_10\Struct_BSet\src\Proc_1\Pi_1\clock_ada_src\timer.adb,99
,,D:\WACA\DS\WACA_Apps\WACA_c_RECURSE\waca\SFU_WACA_BUILD\build\multidomain\TSV2_10_10\Struct_BSet\src\Proc_1\Pi_1\clock_ada_src\clock.ads,3
,,D:\WACA\DS\WACA_Apps\WACA_c_RECURSE\waca\SFU_WACA_BUILD\build\multidomain\TSV2_10_10\Struct_BSet\src\Proc_1\Pi_1\clock_ada_src\clock_types.ads,9
,,D:\WACA\DS\WACA_Apps\WACA_c_RECURSE\waca\SFU_WACA_BUILD\build\multidomain\TSV2_10_10\Struct_BSet\src\Proc_1\Pi_1\clock_ada_src\clock_types.adb,11
,,D:\WACA\DS\WACA_Apps\WACA_c_RECURSE\waca\SFU_WACA_BUILD\build\multidomain\TSV2_10_10\Struct_BSet\src\Proc_1\Pi_1\common_ada_src\application_control.ada,16
,,D:\WACA\DS\WACA_Apps\WACA_c_RECURSE\waca\SFU_WACA_BUILD\build\multidomain\TSV2_10_10\Struct_BSet\src\Proc_1\Pi_1\common_ada_src\log.adb,24
,,D:\WACA\DS\WACA_Apps\WACA_c_RECURSE\waca\SFU_WACA_BUILD\build\multidomain\TSV2_10_10\Struct_BSet\src\Proc_1\Pi_1\common_ada_src\log.ads,23
,,D:\WACA\DS\WACA_Apps\WACA_c_RECURSE\waca\SFU_WACA_BUILD\build\multidomain\TSV2_10_10\Struct_BSet\src\Proc_1\Pi_1\mechanism_ada_src\application_queue.adb,13
Struct,,D:\WACA\DS\WACA_Apps\WACA_c_RECURSE\waca\SFU_WACA_BUILD\build\multidomain\TSV2_10_10\Struct_BSet\src\Proc_1\Pi_1\Struct_0\ada_src\Struct_domain_types.ads,293
Struct,,D:\WACA\DS\WACA_Apps\WACA_c_RECURSE\waca\SFU_WACA_BUILD\build\multidomain\TSV2_10_10\Struct_BSet\src\Proc_1\Pi_1\Struct_0\ada_src\Struct_domain_types.adb,641
Struct,,D:\WACA\DS\WACA_Apps\WACA_c_RECURSE\waca\SFU_WACA_BUILD\build\multidomain\TSV2_10_10\Struct_BSet\src\Proc_1\Pi_1\Struct_0\ada_src\Struct_registration.ads,2
Struct,TD,D:\WACA\DS\WACA_Apps\WACA_c_RECURSE\waca\SFU_WACA_BUILD\build\multidomain\TSV2_10_10\Struct_BSet\src\Proc_1\Pi_1\Struct_0\ada_src\Struct_registration.adb,10
Struct,TD,D:\WACA\DS\WACA_Apps\WACA_c_RECURSE\waca\SFU_WACA_BUILD\build\multidomain\TSV2_10_10\Struct_BSet\src\Proc_1\Pi_1\Struct_0\ada_src\Struct_domain_types.ops.ads,193
Struct,TD,D:\WACA\DS\WACA_Apps\WACA_c_RECURSE\waca\SFU_WACA_BUILD\build\multidomain\TSV2_10_10\Struct_BSet\src\Proc_1\Pi_1\Struct_0\ada_src\Struct_domain_types.ops.adb,708
Struct,TD,D:\WACA\DS\WACA_Apps\WACA_c_RECURSE\waca\SFU_WACA_BUILD\build\multidomain\TSV2_10_10\Struct_BSet\src\Proc_1\Pi_1\Struct_0\ada_src\r.Struct.ads,7
Struct,SO,D:\WACA\DS\WACA_Apps\WACA_c_RECURSE\waca\SFU_WACA_BUILD\build\multidomain\TSV2_10_10\Struct_BSet\src\Proc_1\Pi_1\Struct_0\ada_src\r.Struct.SO.ads,92
Struct,RD,D:\WACA\DS\WACA_Apps\WACA_c_RECURSE\waca\SFU_WACA_BUILD\build\multidomain\TSV2_10_10\Struct_BSet\src\Proc_1\Pi_1\Struct_0\ada_src\r.Struct.RD.ads,117
Struct,TD,D:\WACA\DS\WACA_Apps\WACA_c_RECURSE\waca\SFU_WACA_BUILD\build\multidomain\TSV2_10_10\Struct_BSet\src\Proc_1\Pi_1\Struct_0\ada_src\r.Struct.TD.ads,142
Struct,SO,D:\WACA\DS\WACA_Apps\WACA_c_RECURSE\waca\SFU_WACA_BUILD\build\multidomain\TSV2_10_10\Struct_BSet\src\Proc_1\Pi_1\Struct_0\ada_src\r.Struct.SO.adb,220
Struct,RD,D:\WACA\DS\WACA_Apps\WACA_c_RECURSE\waca\SFU_WACA_BUILD\build\multidomain\TSV2_10_10\Struct_BSet\src\Proc_1\Pi_1\Struct_0\ada_src\r.Struct.RD.adb,289
Struct,TD,D:\WACA\DS\WACA_Apps\WACA_c_RECURSE\waca\SFU_WACA_BUILD\build\multidomain\TSV2_10_10\Struct_BSet\src\Proc_1\Pi_1\Struct_0\ada_src\r.Struct.TD.adb,358
Struct,SO,D:\WACA\DS\WACA_Apps\WACA_c_RECURSE\waca\SFU_WACA_BUILD\build\multidomain\TSV2_10_10\Struct_BSet\src\Proc_1\Pi_1\Struct_0\ada_src\r.Struct.SO.event_action.ada,9
RP,TD,D:\WACA\DS\WACA_Apps\WACA_c_RECURSE\waca\SFU_WACA_BUILD\build\multidomain\TSV2_10_10\Struct_BSet\src\Proc_1\Pi_1\RP_0\ada_src\RP_domain_types.ads,65
RP,TD,D:\WACA\DS\WACA_Apps\WACA_c_RECURSE\waca\SFU_WACA_BUILD\build\multidomain\TSV2_10_10\Struct_BSet\src\Proc_1\Pi_1\RP_0\ada_src\RP_domain_types.adb,118
RP,TD,D:\WACA\DS\WACA_Apps\WACA_c_RECURSE\waca\SFU_WACA_BUILD\build\multidomain\TSV2_10_10\Struct_BSet\src\Proc_1\Pi_1\RP_0\ada_src\RP_registration.ads,2
RP,RM,D:\WACA\DS\WACA_Apps\WACA_c_RECURSE\waca\SFU_WACA_BUILD\build\multidomain\TSV2_10_10\Struct_BSet\src\Proc_1\Pi_1\RP_0\ada_src\RP_registration.adb,96
RP,RM,D:\WACA\DS\WACA_Apps\WACA_c_RECURSE\waca\SFU_WACA_BUILD\build\multidomain\TSV2_10_10\Struct_BSet\src\Proc_1\Pi_1\RP_0\ada_src\RP_rel_R1.ada,2
RP,RM,D:\WACA\DS\WACA_Apps\WACA_c_RECURSE\waca\SFU_WACA_BUILD\build\multidomain\TSV2_10_10\Struct_BSet\src\Proc_1\Pi_1\RP_0\ada_src\RP_rel_R2.ada,4
RP,RM,D:\WACA\DS\WACA_Apps\WACA_c_RECURSE\waca\SFU_WACA_BUILD\build\multidomain\TSV2_10_10\Struct_BSet\src\Proc_1\Pi_1\RP_0\ada_src\RP_rel_R3.ada,6
RP,RM,D:\WACA\DS\WACA_Apps\WACA_c_RECURSE\waca\SFU_WACA_BUILD\build\multidomain\TSV2_10_10\Struct_BSet\src\Proc_1\Pi_1\RP_0\ada_src\RP_rel_R4.ada,8
RP,RM,D:\WACA\DS\WACA_Apps\WACA_c_RECURSE\waca\SFU_WACA_BUILD\build\multidomain\TSV2_10_10\Struct_BSet\src\Proc_1\Pi_1\RP_0\ada_src\RP_rel_R8.ada,10
RP,RM,D:\WACA\DS\WACA_Apps\WACA_c_RECURSE\waca\SFU_WACA_BUILD\build\multidomain\TSV2_10_10\Struct_BSet\src\Proc_1\Pi_1\RP_0\ada_src\RP_rel_R6.ada,12
RP,RM,D:\WACA\DS\WACA_Apps\WACA_c_RECURSE\waca\SFU_WACA_BUILD\build\multidomain\TSV2_10_10\Struct_BSet\src\Proc_1\Pi_1\RP_0\ada_src\RP_rel_R7.ada,14
RP,RM,D:\WACA\DS\WACA_Apps\WACA_c_RECURSE\waca\SFU_WACA_BUILD\build\multidomain\TSV2_10_10\Struct_BSet\src\Proc_1\Pi_1\RP_0\ada_src\RP_rel_R10.ada,16
RP,RM,D:\WACA\DS\WACA_Apps\WACA_c_RECURSE\waca\SFU_WACA_BUILD\build\multidomain\TSV2_10_10\Struct_BSet\src\Proc_1\Pi_1\RP_0\ada_src\RP_rel_R11.ada,18
RP,RM,D:\WACA\DS\WACA_Apps\WACA_c_RECURSE\waca\SFU_WACA_BUILD\build\multidomain\TSV2_10_10\Struct_BSet\src\Proc_1\Pi_1\RP_0\ada_src\RP_rel_R12.ada,20
RP,RM,D:\WACA\DS\WACA_Apps\WACA_c_RECURSE\waca\SFU_WACA_BUILD\build\multidomain\TSV2_10_10\Struct_BSet\src\Proc_1\Pi_1\RP_0\ada_src\RP_rel_R9.ada,22
RP,RM,D:\WACA\DS\WACA_Apps\WACA_c_RECURSE\waca\SFU_WACA_BUILD\build\multidomain\TSV2_10_10\Struct_BSet\src\Proc_1\Pi_1\RP_0\ada_src\RP_domain_types.ops.ads,31
RP,RM,D:\WACA\DS\WACA_Apps\WACA_c_RECURSE\waca\SFU_WACA_BUILD\build\multidomain\TSV2_10_10\Struct_BSet\src\Proc_1\Pi_1\RP_0\ada_src\RP_domain_types.ops.adb,127
RP,RM,D:\WACA\DS\WACA_Apps\WACA_c_RECURSE\waca\SFU_WACA_BUILD\build\multidomain\TSV2_10_10\Struct_BSet\src\Proc_1\Pi_1\RP_0\ada_src\r.RP.ads,7
RP,PASS,D:\WACA\DS\WACA_Apps\WACA_c_RECURSE\waca\SFU_WACA_BUILD\build\multidomain\TSV2_10_10\Struct_BSet\src\Proc_1\Pi_1\RP_0\ada_src\r.RP.PASS.ads,32
RP,FAIL,D:\WACA\DS\WACA_Apps\WACA_c_RECURSE\waca\SFU_WACA_BUILD\build\multidomain\TSV2_10_10\Struct_BSet\src\Proc_1\Pi_1\RP_0\ada_src\r.RP.FAIL.ads,64
RP,DD,D:\WACA\DS\WACA_Apps\WACA_c_RECURSE\waca\SFU_WACA_BUILD\build\multidomain\TSV2_10_10\Struct_BSet\src\Proc_1\Pi_1\RP_0\ada_src\r.RP.DD.ads,170
RP,UNSUPPORTED,D:\WACA\DS\WACA_Apps\WACA_c_RECURSE\waca\SFU_WACA_BUILD\build\multidomain\TSV2_10_10\Struct_BSet\src\Proc_1\Pi_1\RP_0\ada_src\r.RP.UNSUPPORTED.ads,202
RP,DUPLICATED,D:\WACA\DS\WACA_Apps\WACA_c_RECURSE\waca\SFU_WACA_BUILD\build\multidomain\TSV2_10_10\Struct_BSet\src\Proc_1\Pi_1\RP_0\ada_src\r.RP.DUPLICATED.ads,252
RP,RESULTS,D:\WACA\DS\WACA_Apps\WACA_c_RECURSE\waca\SFU_WACA_BUILD\build\multidomain\TSV2_10_10\Struct_BSet\src\Proc_1\Pi_1\RP_0\ada_src\r.RP.RESULTS.ads,326
RP,TD,D:\WACA\DS\WACA_Apps\WACA_c_RECURSE\waca\SFU_WACA_BUILD\build\multidomain\TSV2_10_10\Struct_BSet\src\Proc_1\Pi_1\RP_0\ada_src\r.RP.TD.ads,386
RP,RI,D:\WACA\DS\WACA_Apps\WACA_c_RECURSE\waca\SFU_WACA_BUILD\build\multidomain\TSV2_10_10\Struct_BSet\src\Proc_1\Pi_1\RP_0\ada_src\r.RP.RI.ads,418
RP,SC,D:\WACA\DS\WACA_Apps\WACA_c_RECURSE\waca\SFU_WACA_BUILD\build\multidomain\TSV2_10_10\Struct_BSet\src\Proc_1\Pi_1\RP_0\ada_src\r.RP.SC.ads,462
RP,TS,D:\WACA\DS\WACA_Apps\WACA_c_RECURSE\waca\SFU_WACA_BUILD\build\multidomain\TSV2_10_10\Struct_BSet\src\Proc_1\Pi_1\RP_0\ada_src\r.RP.TS.ads,533
RP,REQS,D:\WACA\DS\WACA_Apps\WACA_c_RECURSE\waca\SFU_WACA_BUILD\build\multidomain\TSV2_10_10\Struct_BSet\src\Proc_1\Pi_1\RP_0\ada_src\r.RP.REQS.ads,583
RP,RM,D:\WACA\DS\WACA_Apps\WACA_c_RECURSE\waca\SFU_WACA_BUILD\build\multidomain\TSV2_10_10\Struct_BSet\src\Proc_1\Pi_1\RP_0\ada_src\r.RP.RM.ads,633
RP,PASS,D:\WACA\DS\WACA_Apps\WACA_c_RECURSE\waca\SFU_WACA_BUILD\build\multidomain\TSV2_10_10\Struct_BSet\src\Proc_1\Pi_1\RP_0\ada_src\r.RP.PASS.adb,74
RP,FAIL,D:\WACA\DS\WACA_Apps\WACA_c_RECURSE\waca\SFU_WACA_BUILD\build\multidomain\TSV2_10_10\Struct_BSet\src\Proc_1\Pi_1\RP_0\ada_src\r.RP.FAIL.adb,148
RP,DD,D:\WACA\DS\WACA_Apps\WACA_c_RECURSE\waca\SFU_WACA_BUILD\build\multidomain\TSV2_10_10\Struct_BSet\src\Proc_1\Pi_1\RP_0\ada_src\r.RP.DD.adb,320
RP,UNSUPPORTED,D:\WACA\DS\WACA_Apps\WACA_c_RECURSE\waca\SFU_WACA_BUILD\build\multidomain\TSV2_10_10\Struct_BSet\src\Proc_1\Pi_1\RP_0\ada_src\r.RP.UNSUPPORTED.adb,394
RP,DUPLICATED,D:\WACA\DS\WACA_Apps\WACA_c_RECURSE\waca\SFU_WACA_BUILD\build\multidomain\TSV2_10_10\Struct_BSet\src\Proc_1\Pi_1\RP_0\ada_src\r.RP.DUPLICATED.adb,486
RP,RESULTS,D:\WACA\DS\WACA_Apps\WACA_c_RECURSE\waca\SFU_WACA_BUILD\build\multidomain\TSV2_10_10\Struct_BSet\src\Proc_1\Pi_1\RP_0\ada_src\r.RP.RESULTS.adb,602
RP,TD,D:\WACA\DS\WACA_Apps\WACA_c_RECURSE\waca\SFU_WACA_BUILD\build\multidomain\TSV2_10_10\Struct_BSet\src\Proc_1\Pi_1\RP_0\ada_src\r.RP.TD.adb,696
RP,RI,D:\WACA\DS\WACA_Apps\WACA_c_RECURSE\waca\SFU_WACA_BUILD\build\multidomain\TSV2_10_10\Struct_BSet\src\Proc_1\Pi_1\RP_0\ada_src\r.RP.RI.adb,770
RP,SC,D:\WACA\DS\WACA_Apps\WACA_c_RECURSE\waca\SFU_WACA_BUILD\build\multidomain\TSV2_10_10\Struct_BSet\src\Proc_1\Pi_1\RP_0\ada_src\r.RP.SC.adb,856
RP,TS,D:\WACA\DS\WACA_Apps\WACA_c_RECURSE\waca\SFU_WACA_BUILD\build\multidomain\TSV2_10_10\Struct_BSet\src\Proc_1\Pi_1\RP_0\ada_src\r.RP.TS.adb,1007
RP,REQS,D:\WACA\DS\WACA_Apps\WACA_c_RECURSE\waca\SFU_WACA_BUILD\build\multidomain\TSV2_10_10\Struct_BSet\src\Proc_1\Pi_1\RP_0\ada_src\r.RP.REQS.adb,1099
RP,RM,D:\WACA\DS\WACA_Apps\WACA_c_RECURSE\waca\SFU_WACA_BUILD\build\multidomain\TSV2_10_10\Struct_BSet\src\Proc_1\Pi_1\RP_0\ada_src\r.RP.RM.adb,1191
RP,DD,D:\WACA\DS\WACA_Apps\WACA_c_RECURSE\waca\SFU_WACA_BUILD\build\multidomain\TSV2_10_10\Struct_BSet\src\Proc_1\Pi_1\RP_0\ada_src\r.RP.DD.event_action.ada,9
RP,TS,D:\WACA\DS\WACA_Apps\WACA_c_RECURSE\waca\SFU_WACA_BUILD\build\multidomain\TSV2_10_10\Struct_BSet\src\Proc_1\Pi_1\RP_0\ada_src\r.RP.TS.event_action.ada,18
FTE,RM,D:\WACA\DS\WACA_Apps\WACA_c_RECURSE\waca\SFU_WACA_BUILD\build\multidomain\TSV2_10_10\Struct_BSet\src\Proc_1\Pi_1\FTE_0\ada_src\FTE_registration.ads,2
FTE,ENV,D:\WACA\DS\WACA_Apps\WACA_c_RECURSE\waca\SFU_WACA_BUILD\build\multidomain\TSV2_10_10\Struct_BSet\src\Proc_1\Pi_1\FTE_0\ada_src\FTE_registration.adb,8
FTE,ENV,D:\WACA\DS\WACA_Apps\WACA_c_RECURSE\waca\SFU_WACA_BUILD\build\multidomain\TSV2_10_10\Struct_BSet\src\Proc_1\Pi_1\FTE_0\ada_src\r.FTE.ads,6
FTE,ENV,D:\WACA\DS\WACA_Apps\WACA_c_RECURSE\waca\SFU_WACA_BUILD\build\multidomain\TSV2_10_10\Struct_BSet\src\Proc_1\Pi_1\FTE_0\ada_src\r.FTE.ENV.ads,25
FTE,ENV,D:\WACA\DS\WACA_Apps\WACA_c_RECURSE\waca\SFU_WACA_BUILD\build\multidomain\TSV2_10_10\Struct_BSet\src\Proc_1\Pi_1\FTE_0\ada_src\r.FTE.ENV.adb,69
FTE,ENV,D:\WACA\DS\WACA_Apps\WACA_c_RECURSE\waca\SFU_WACA_BUILD\build\multidomain\TSV2_10_10\Struct_BSet\meta_instances\gps_ada_buildfile\structures_1a_Dos.gpr,21
